mode: set
github.com/k82022603/RummiArena/game-server/cmd/server/main.go:24.13,26.16 2 0
github.com/k82022603/RummiArena/game-server/cmd/server/main.go:26.16,27.55 1 0
github.com/k82022603/RummiArena/game-server/cmd/server/main.go:29.2,32.16 3 0
github.com/k82022603/RummiArena/game-server/cmd/server/main.go:32.16,34.3 1 0
github.com/k82022603/RummiArena/game-server/cmd/server/main.go:36.2,57.31 9 0
github.com/k82022603/RummiArena/game-server/cmd/server/main.go:61.82,63.16 2 0
github.com/k82022603/RummiArena/game-server/cmd/server/main.go:63.16,65.3 1 0
github.com/k82022603/RummiArena/game-server/cmd/server/main.go:65.8,65.61 1 0
github.com/k82022603/RummiArena/game-server/cmd/server/main.go:65.61,67.3 1 0
github.com/k82022603/RummiArena/game-server/cmd/server/main.go:69.2,70.24 2 0
github.com/k82022603/RummiArena/game-server/cmd/server/main.go:74.108,75.41 1 0
github.com/k82022603/RummiArena/game-server/cmd/server/main.go:75.41,78.3 2 0
github.com/k82022603/RummiArena/game-server/cmd/server/main.go:79.2,80.51 2 0
github.com/k82022603/RummiArena/game-server/cmd/server/main.go:90.15,111.2 15 0
github.com/k82022603/RummiArena/game-server/cmd/server/main.go:114.74,115.45 1 0
github.com/k82022603/RummiArena/game-server/cmd/server/main.go:115.45,121.3 1 0
github.com/k82022603/RummiArena/game-server/cmd/server/main.go:122.2,122.44 1 0
github.com/k82022603/RummiArena/game-server/cmd/server/main.go:122.44,124.3 1 0
github.com/k82022603/RummiArena/game-server/cmd/server/main.go:128.73,130.2 1 0
github.com/k82022603/RummiArena/game-server/cmd/server/main.go:140.3,144.25 2 0
github.com/k82022603/RummiArena/game-server/cmd/server/main.go:144.25,147.3 2 0
github.com/k82022603/RummiArena/game-server/cmd/server/main.go:149.2,151.2 3 0
github.com/k82022603/RummiArena/game-server/cmd/server/main.go:151.2,159.3 7 0
github.com/k82022603/RummiArena/game-server/cmd/server/main.go:161.2,163.2 3 0
github.com/k82022603/RummiArena/game-server/cmd/server/main.go:163.2,169.3 5 0
github.com/k82022603/RummiArena/game-server/cmd/server/main.go:173.74,177.12 3 0
github.com/k82022603/RummiArena/game-server/cmd/server/main.go:177.12,179.77 2 0
github.com/k82022603/RummiArena/game-server/cmd/server/main.go:179.77,181.4 1 0
github.com/k82022603/RummiArena/game-server/cmd/server/main.go:184.2,190.50 5 0
github.com/k82022603/RummiArena/game-server/cmd/server/main.go:190.50,192.3 1 0
github.com/k82022603/RummiArena/game-server/cmd/server/main.go:196.86,197.24 1 0
github.com/k82022603/RummiArena/game-server/cmd/server/main.go:197.24,198.45 1 0
github.com/k82022603/RummiArena/game-server/cmd/server/main.go:198.45,200.4 1 0
github.com/k82022603/RummiArena/game-server/cmd/server/main.go:202.2,202.15 1 0
github.com/k82022603/RummiArena/game-server/cmd/server/main.go:202.15,203.40 1 0
github.com/k82022603/RummiArena/game-server/cmd/server/main.go:203.40,204.40 1 0
github.com/k82022603/RummiArena/game-server/cmd/server/main.go:204.40,206.5 1 0
github.com/k82022603/RummiArena/game-server/internal/infra/database.go:20.79,36.16 4 0
github.com/k82022603/RummiArena/game-server/internal/infra/database.go:36.16,38.3 1 0
github.com/k82022603/RummiArena/game-server/internal/infra/database.go:41.2,42.16 2 0
github.com/k82022603/RummiArena/game-server/internal/infra/database.go:42.16,44.3 1 0
github.com/k82022603/RummiArena/game-server/internal/infra/database.go:45.2,51.37 5 0
github.com/k82022603/RummiArena/game-server/internal/infra/database.go:51.37,53.3 1 0
github.com/k82022603/RummiArena/game-server/internal/infra/database.go:55.2,60.16 2 0
github.com/k82022603/RummiArena/game-server/internal/infra/database.go:66.57,78.50 2 0
github.com/k82022603/RummiArena/game-server/internal/infra/database.go:78.50,80.3 1 0
github.com/k82022603/RummiArena/game-server/internal/infra/database.go:82.2,83.12 2 0
github.com/k82022603/RummiArena/game-server/internal/infra/redis.go:17.88,37.47 6 0
github.com/k82022603/RummiArena/game-server/internal/infra/redis.go:37.47,45.3 3 0
github.com/k82022603/RummiArena/game-server/internal/infra/redis.go:47.2,51.20 2 0
github.com/k82022603/RummiArena/game-server/internal/infra/redis.go:55.50,56.19 1 0
github.com/k82022603/RummiArena/game-server/internal/infra/redis.go:56.19,58.3 1 0
github.com/k82022603/RummiArena/game-server/internal/infra/redis.go:59.2,61.38 3 0
github.com/k82022603/RummiArena/game-server/internal/repository/game_state_adapter.go:26.64,30.2 1 0
github.com/k82022603/RummiArena/game-server/internal/repository/game_state_adapter.go:32.87,34.2 1 0
github.com/k82022603/RummiArena/game-server/internal/repository/game_state_adapter.go:36.97,38.2 1 0
github.com/k82022603/RummiArena/game-server/internal/repository/game_state_adapter.go:40.75,42.2 1 0
github.com/k82022603/RummiArena/game-server/internal/repository/game_state_adapter.go:59.82,61.2 1 0
github.com/k82022603/RummiArena/game-server/internal/repository/game_state_adapter.go:63.85,66.2 2 0
github.com/k82022603/RummiArena/game-server/internal/repository/game_state_adapter.go:68.95,71.16 3 0
github.com/k82022603/RummiArena/game-server/internal/repository/game_state_adapter.go:71.16,73.3 1 0
github.com/k82022603/RummiArena/game-server/internal/repository/game_state_adapter.go:74.2,74.20 1 0
github.com/k82022603/RummiArena/game-server/internal/repository/game_state_adapter.go:77.73,80.2 2 0
github.com/k82022603/RummiArena/game-server/internal/repository/memory_repo.go:28.47,33.2 1 0
github.com/k82022603/RummiArena/game-server/internal/repository/memory_repo.go:35.64,40.42 3 0
github.com/k82022603/RummiArena/game-server/internal/repository/memory_repo.go:40.42,41.41 1 0
github.com/k82022603/RummiArena/game-server/internal/repository/memory_repo.go:41.41,43.4 1 0
github.com/k82022603/RummiArena/game-server/internal/repository/memory_repo.go:47.2,54.12 7 0
github.com/k82022603/RummiArena/game-server/internal/repository/memory_repo.go:57.71,62.9 4 0
github.com/k82022603/RummiArena/game-server/internal/repository/memory_repo.go:62.9,64.3 1 0
github.com/k82022603/RummiArena/game-server/internal/repository/memory_repo.go:66.2,70.21 5 0
github.com/k82022603/RummiArena/game-server/internal/repository/memory_repo.go:73.79,77.9 4 0
github.com/k82022603/RummiArena/game-server/internal/repository/memory_repo.go:77.9,79.3 1 0
github.com/k82022603/RummiArena/game-server/internal/repository/memory_repo.go:80.2,80.22 1 0
github.com/k82022603/RummiArena/game-server/internal/repository/memory_repo.go:83.66,88.31 4 0
github.com/k82022603/RummiArena/game-server/internal/repository/memory_repo.go:88.31,90.87 1 0
github.com/k82022603/RummiArena/game-server/internal/repository/memory_repo.go:90.87,96.4 5 0
github.com/k82022603/RummiArena/game-server/internal/repository/memory_repo.go:98.2,98.20 1 0
github.com/k82022603/RummiArena/game-server/internal/repository/memory_repo.go:101.54,106.9 4 0
github.com/k82022603/RummiArena/game-server/internal/repository/memory_repo.go:106.9,108.3 1 0
github.com/k82022603/RummiArena/game-server/internal/repository/memory_repo.go:109.2,111.12 3 0
github.com/k82022603/RummiArena/game-server/internal/repository/memory_repo.go:128.57,132.2 1 0
github.com/k82022603/RummiArena/game-server/internal/repository/memory_repo.go:134.80,145.32 8 0
github.com/k82022603/RummiArena/game-server/internal/repository/memory_repo.go:145.32,151.3 5 0
github.com/k82022603/RummiArena/game-server/internal/repository/memory_repo.go:152.2,155.34 3 0
github.com/k82022603/RummiArena/game-server/internal/repository/memory_repo.go:155.34,161.3 5 0
github.com/k82022603/RummiArena/game-server/internal/repository/memory_repo.go:162.2,165.12 3 0
github.com/k82022603/RummiArena/game-server/internal/repository/memory_repo.go:168.90,173.9 4 0
github.com/k82022603/RummiArena/game-server/internal/repository/memory_repo.go:173.9,175.3 1 0
github.com/k82022603/RummiArena/game-server/internal/repository/memory_repo.go:177.2,183.32 6 0
github.com/k82022603/RummiArena/game-server/internal/repository/memory_repo.go:183.32,189.3 5 0
github.com/k82022603/RummiArena/game-server/internal/repository/memory_repo.go:190.2,193.34 3 0
github.com/k82022603/RummiArena/game-server/internal/repository/memory_repo.go:193.34,199.3 5 0
github.com/k82022603/RummiArena/game-server/internal/repository/memory_repo.go:200.2,202.21 2 0
github.com/k82022603/RummiArena/game-server/internal/repository/memory_repo.go:205.68,209.36 3 0
github.com/k82022603/RummiArena/game-server/internal/repository/memory_repo.go:209.36,211.3 1 0
github.com/k82022603/RummiArena/game-server/internal/repository/memory_repo.go:212.2,213.12 2 0
github.com/k82022603/RummiArena/game-server/internal/repository/postgres_repo.go:47.54,49.2 1 0
github.com/k82022603/RummiArena/game-server/internal/repository/postgres_repo.go:51.84,52.65 1 0
github.com/k82022603/RummiArena/game-server/internal/repository/postgres_repo.go:52.65,54.3 1 0
github.com/k82022603/RummiArena/game-server/internal/repository/postgres_repo.go:55.2,55.12 1 0
github.com/k82022603/RummiArena/game-server/internal/repository/postgres_repo.go:58.89,60.80 2 0
github.com/k82022603/RummiArena/game-server/internal/repository/postgres_repo.go:60.80,62.3 1 0
github.com/k82022603/RummiArena/game-server/internal/repository/postgres_repo.go:63.2,63.19 1 0
github.com/k82022603/RummiArena/game-server/internal/repository/postgres_repo.go:66.84,67.63 1 0
github.com/k82022603/RummiArena/game-server/internal/repository/postgres_repo.go:67.63,69.3 1 0
github.com/k82022603/RummiArena/game-server/internal/repository/postgres_repo.go:70.2,70.12 1 0
github.com/k82022603/RummiArena/game-server/internal/repository/postgres_repo.go:73.84,74.65 1 0
github.com/k82022603/RummiArena/game-server/internal/repository/postgres_repo.go:74.65,76.3 1 0
github.com/k82022603/RummiArena/game-server/internal/repository/postgres_repo.go:77.2,77.12 1 0
github.com/k82022603/RummiArena/game-server/internal/repository/postgres_repo.go:80.89,82.80 2 0
github.com/k82022603/RummiArena/game-server/internal/repository/postgres_repo.go:82.80,84.3 1 0
github.com/k82022603/RummiArena/game-server/internal/repository/postgres_repo.go:85.2,85.19 1 0
github.com/k82022603/RummiArena/game-server/internal/repository/postgres_repo.go:88.84,89.63 1 0
github.com/k82022603/RummiArena/game-server/internal/repository/postgres_repo.go:89.63,91.3 1 0
github.com/k82022603/RummiArena/game-server/internal/repository/postgres_repo.go:92.2,92.12 1 0
github.com/k82022603/RummiArena/game-server/internal/repository/postgres_repo.go:95.82,97.65 2 0
github.com/k82022603/RummiArena/game-server/internal/repository/postgres_repo.go:97.65,99.3 1 0
github.com/k82022603/RummiArena/game-server/internal/repository/postgres_repo.go:100.2,100.19 1 0
github.com/k82022603/RummiArena/game-server/internal/repository/postgres_repo.go:109.54,111.2 1 0
github.com/k82022603/RummiArena/game-server/internal/repository/postgres_repo.go:113.84,114.65 1 0
github.com/k82022603/RummiArena/game-server/internal/repository/postgres_repo.go:114.65,116.3 1 0
github.com/k82022603/RummiArena/game-server/internal/repository/postgres_repo.go:117.2,117.12 1 0
github.com/k82022603/RummiArena/game-server/internal/repository/postgres_repo.go:120.93,122.80 2 0
github.com/k82022603/RummiArena/game-server/internal/repository/postgres_repo.go:122.80,124.3 1 0
github.com/k82022603/RummiArena/game-server/internal/repository/postgres_repo.go:125.2,125.19 1 0
github.com/k82022603/RummiArena/game-server/internal/repository/postgres_repo.go:128.105,130.98 2 0
github.com/k82022603/RummiArena/game-server/internal/repository/postgres_repo.go:130.98,132.3 1 0
github.com/k82022603/RummiArena/game-server/internal/repository/postgres_repo.go:133.2,133.19 1 0
github.com/k82022603/RummiArena/game-server/internal/repository/postgres_repo.go:136.84,137.63 1 0
github.com/k82022603/RummiArena/game-server/internal/repository/postgres_repo.go:137.63,139.3 1 0
github.com/k82022603/RummiArena/game-server/internal/repository/postgres_repo.go:140.2,140.12 1 0
github.com/k82022603/RummiArena/game-server/internal/repository/postgres_repo.go:149.66,151.2 1 0
github.com/k82022603/RummiArena/game-server/internal/repository/postgres_repo.go:153.100,154.63 1 0
github.com/k82022603/RummiArena/game-server/internal/repository/postgres_repo.go:154.63,156.3 1 0
github.com/k82022603/RummiArena/game-server/internal/repository/postgres_repo.go:157.2,157.12 1 0
github.com/k82022603/RummiArena/game-server/internal/repository/postgres_repo.go:160.114,162.96 2 0
github.com/k82022603/RummiArena/game-server/internal/repository/postgres_repo.go:162.96,164.3 1 0
github.com/k82022603/RummiArena/game-server/internal/repository/postgres_repo.go:165.2,165.21 1 0
github.com/k82022603/RummiArena/game-server/internal/repository/postgres_repo.go:168.100,169.61 1 0
github.com/k82022603/RummiArena/game-server/internal/repository/postgres_repo.go:169.61,171.3 1 0
github.com/k82022603/RummiArena/game-server/internal/repository/postgres_repo.go:172.2,172.12 1 0
github.com/k82022603/RummiArena/game-server/internal/repository/redis_repo.go:28.70,30.2 1 0
github.com/k82022603/RummiArena/game-server/internal/repository/redis_repo.go:32.41,34.2 1 0
github.com/k82022603/RummiArena/game-server/internal/repository/redis_repo.go:36.100,38.16 2 0
github.com/k82022603/RummiArena/game-server/internal/repository/redis_repo.go:38.16,40.3 1 0
github.com/k82022603/RummiArena/game-server/internal/repository/redis_repo.go:41.2,41.96 1 0
github.com/k82022603/RummiArena/game-server/internal/repository/redis_repo.go:41.96,43.3 1 0
github.com/k82022603/RummiArena/game-server/internal/repository/redis_repo.go:44.2,44.12 1 0
github.com/k82022603/RummiArena/game-server/internal/repository/redis_repo.go:47.110,49.16 2 0
github.com/k82022603/RummiArena/game-server/internal/repository/redis_repo.go:49.16,50.23 1 0
github.com/k82022603/RummiArena/game-server/internal/repository/redis_repo.go:50.23,52.4 1 0
github.com/k82022603/RummiArena/game-server/internal/repository/redis_repo.go:53.3,53.64 1 0
github.com/k82022603/RummiArena/game-server/internal/repository/redis_repo.go:56.2,57.53 2 0
github.com/k82022603/RummiArena/game-server/internal/repository/redis_repo.go:57.53,59.3 1 0
github.com/k82022603/RummiArena/game-server/internal/repository/redis_repo.go:60.2,60.20 1 0
github.com/k82022603/RummiArena/game-server/internal/repository/redis_repo.go:63.88,64.70 1 0
github.com/k82022603/RummiArena/game-server/internal/repository/redis_repo.go:64.70,66.3 1 0
github.com/k82022603/RummiArena/game-server/internal/repository/redis_repo.go:67.2,67.12 1 0
github.com/k82022603/RummiArena/game-server/internal/middleware/auth.go:26.45,27.30 1 0
github.com/k82022603/RummiArena/game-server/internal/middleware/auth.go:27.30,29.23 2 0
github.com/k82022603/RummiArena/game-server/internal/middleware/auth.go:29.23,34.4 2 0
github.com/k82022603/RummiArena/game-server/internal/middleware/auth.go:36.3,37.63 2 0
github.com/k82022603/RummiArena/game-server/internal/middleware/auth.go:37.63,42.4 2 0
github.com/k82022603/RummiArena/game-server/internal/middleware/auth.go:44.3,47.87 3 0
github.com/k82022603/RummiArena/game-server/internal/middleware/auth.go:47.87,48.55 1 0
github.com/k82022603/RummiArena/game-server/internal/middleware/auth.go:48.55,50.5 1 0
github.com/k82022603/RummiArena/game-server/internal/middleware/auth.go:51.4,51.30 1 0
github.com/k82022603/RummiArena/game-server/internal/middleware/auth.go:54.3,54.33 1 0
github.com/k82022603/RummiArena/game-server/internal/middleware/auth.go:54.33,59.4 2 0
github.com/k82022603/RummiArena/game-server/internal/middleware/auth.go:61.3,63.11 3 0
github.com/k82022603/RummiArena/game-server/internal/middleware/auth.go:68.55,70.13 2 0
github.com/k82022603/RummiArena/game-server/internal/middleware/auth.go:70.13,72.3 1 0
github.com/k82022603/RummiArena/game-server/internal/middleware/auth.go:73.2,74.15 2 0
github.com/k82022603/RummiArena/game-server/internal/middleware/logger.go:11.52,12.30 1 0
github.com/k82022603/RummiArena/game-server/internal/middleware/logger.go:12.30,32.24 8 0
github.com/k82022603/RummiArena/game-server/internal/middleware/logger.go:32.24,34.4 1 0
github.com/k82022603/RummiArena/game-server/internal/middleware/logger.go:36.3,36.10 1 0
github.com/k82022603/RummiArena/game-server/internal/middleware/logger.go:37.22,38.38 1 0
github.com/k82022603/RummiArena/game-server/internal/middleware/logger.go:39.22,40.37 1 0
github.com/k82022603/RummiArena/game-server/internal/middleware/logger.go:41.11,42.37 1 0
github.com/k82022603/RummiArena/game-server/internal/middleware/role_middleware.go:24.51,26.26 2 1
github.com/k82022603/RummiArena/game-server/internal/middleware/role_middleware.go:26.26,28.3 1 1
github.com/k82022603/RummiArena/game-server/internal/middleware/role_middleware.go:30.2,30.30 1 1
github.com/k82022603/RummiArena/game-server/internal/middleware/role_middleware.go:30.30,32.14 2 1
github.com/k82022603/RummiArena/game-server/internal/middleware/role_middleware.go:32.14,40.4 2 1
github.com/k82022603/RummiArena/game-server/internal/middleware/role_middleware.go:42.3,43.24 2 1
github.com/k82022603/RummiArena/game-server/internal/middleware/role_middleware.go:43.24,51.4 2 1
github.com/k82022603/RummiArena/game-server/internal/middleware/role_middleware.go:53.3,53.48 1 1
github.com/k82022603/RummiArena/game-server/internal/middleware/role_middleware.go:53.48,61.4 2 1
github.com/k82022603/RummiArena/game-server/internal/middleware/role_middleware.go:63.3,63.11 1 1
github.com/k82022603/RummiArena/game-server/internal/middleware/role_middleware.go:69.53,71.13 2 1
github.com/k82022603/RummiArena/game-server/internal/middleware/role_middleware.go:71.13,73.3 1 1
github.com/k82022603/RummiArena/game-server/internal/middleware/role_middleware.go:74.2,75.17 2 1
github.com/k82022603/RummiArena/game-server/internal/config/config.go:49.30,96.27 18 1
github.com/k82022603/RummiArena/game-server/internal/config/config.go:96.27,98.3 1 1
github.com/k82022603/RummiArena/game-server/internal/config/config.go:100.2,100.26 1 1
github.com/k82022603/RummiArena/game-server/internal/config/config.go:100.26,101.33 1 1
github.com/k82022603/RummiArena/game-server/internal/config/config.go:101.33,104.4 2 0
github.com/k82022603/RummiArena/game-server/internal/config/config.go:105.3,105.94 1 1
github.com/k82022603/RummiArena/game-server/internal/config/config.go:108.2,108.17 1 1
github.com/k82022603/RummiArena/game-server/internal/handler/auth_handler.go:18.52,20.2 1 1
github.com/k82022603/RummiArena/game-server/internal/handler/auth_handler.go:31.48,33.47 2 1
github.com/k82022603/RummiArena/game-server/internal/handler/auth_handler.go:33.47,36.3 2 1
github.com/k82022603/RummiArena/game-server/internal/handler/auth_handler.go:38.2,52.16 5 1
github.com/k82022603/RummiArena/game-server/internal/handler/auth_handler.go:52.16,55.3 2 0
github.com/k82022603/RummiArena/game-server/internal/handler/auth_handler.go:57.2,62.4 1 1
github.com/k82022603/RummiArena/game-server/internal/handler/game_handler.go:18.63,20.2 1 0
github.com/k82022603/RummiArena/game-server/internal/handler/game_handler.go:24.52,26.18 2 0
github.com/k82022603/RummiArena/game-server/internal/handler/game_handler.go:26.18,29.3 2 0
github.com/k82022603/RummiArena/game-server/internal/handler/game_handler.go:32.2,34.16 3 0
github.com/k82022603/RummiArena/game-server/internal/handler/game_handler.go:34.16,37.3 2 0
github.com/k82022603/RummiArena/game-server/internal/handler/game_handler.go:39.2,40.16 2 0
github.com/k82022603/RummiArena/game-server/internal/handler/game_handler.go:40.16,43.3 2 0
github.com/k82022603/RummiArena/game-server/internal/handler/game_handler.go:45.2,45.29 1 0
github.com/k82022603/RummiArena/game-server/internal/handler/game_handler.go:56.50,58.9 2 0
github.com/k82022603/RummiArena/game-server/internal/handler/game_handler.go:58.9,61.3 2 0
github.com/k82022603/RummiArena/game-server/internal/handler/game_handler.go:63.2,64.18 2 0
github.com/k82022603/RummiArena/game-server/internal/handler/game_handler.go:64.18,67.3 2 0
github.com/k82022603/RummiArena/game-server/internal/handler/game_handler.go:69.2,70.47 2 0
github.com/k82022603/RummiArena/game-server/internal/handler/game_handler.go:70.47,73.3 2 0
github.com/k82022603/RummiArena/game-server/internal/handler/game_handler.go:75.2,80.16 2 0
github.com/k82022603/RummiArena/game-server/internal/handler/game_handler.go:80.16,83.3 2 0
github.com/k82022603/RummiArena/game-server/internal/handler/game_handler.go:85.2,85.31 1 0
github.com/k82022603/RummiArena/game-server/internal/handler/game_handler.go:96.51,98.9 2 0
github.com/k82022603/RummiArena/game-server/internal/handler/game_handler.go:98.9,101.3 2 0
github.com/k82022603/RummiArena/game-server/internal/handler/game_handler.go:103.2,104.18 2 0
github.com/k82022603/RummiArena/game-server/internal/handler/game_handler.go:104.18,107.3 2 0
github.com/k82022603/RummiArena/game-server/internal/handler/game_handler.go:109.2,110.47 2 0
github.com/k82022603/RummiArena/game-server/internal/handler/game_handler.go:110.47,113.3 2 0
github.com/k82022603/RummiArena/game-server/internal/handler/game_handler.go:115.2,120.16 2 0
github.com/k82022603/RummiArena/game-server/internal/handler/game_handler.go:120.16,121.68 1 0
github.com/k82022603/RummiArena/game-server/internal/handler/game_handler.go:121.68,130.4 2 0
github.com/k82022603/RummiArena/game-server/internal/handler/game_handler.go:131.3,132.9 2 0
github.com/k82022603/RummiArena/game-server/internal/handler/game_handler.go:135.2,135.31 1 0
github.com/k82022603/RummiArena/game-server/internal/handler/game_handler.go:144.48,146.9 2 0
github.com/k82022603/RummiArena/game-server/internal/handler/game_handler.go:146.9,149.3 2 0
github.com/k82022603/RummiArena/game-server/internal/handler/game_handler.go:151.2,152.18 2 0
github.com/k82022603/RummiArena/game-server/internal/handler/game_handler.go:152.18,155.3 2 0
github.com/k82022603/RummiArena/game-server/internal/handler/game_handler.go:157.2,158.47 2 0
github.com/k82022603/RummiArena/game-server/internal/handler/game_handler.go:158.47,161.3 2 0
github.com/k82022603/RummiArena/game-server/internal/handler/game_handler.go:163.2,164.16 2 0
github.com/k82022603/RummiArena/game-server/internal/handler/game_handler.go:164.16,167.3 2 0
github.com/k82022603/RummiArena/game-server/internal/handler/game_handler.go:169.2,169.31 1 0
github.com/k82022603/RummiArena/game-server/internal/handler/game_handler.go:178.49,180.9 2 0
github.com/k82022603/RummiArena/game-server/internal/handler/game_handler.go:180.9,183.3 2 0
github.com/k82022603/RummiArena/game-server/internal/handler/game_handler.go:185.2,186.18 2 0
github.com/k82022603/RummiArena/game-server/internal/handler/game_handler.go:186.18,189.3 2 0
github.com/k82022603/RummiArena/game-server/internal/handler/game_handler.go:191.2,192.47 2 0
github.com/k82022603/RummiArena/game-server/internal/handler/game_handler.go:192.47,195.3 2 0
github.com/k82022603/RummiArena/game-server/internal/handler/game_handler.go:197.2,198.16 2 0
github.com/k82022603/RummiArena/game-server/internal/handler/game_handler.go:198.16,201.3 2 0
github.com/k82022603/RummiArena/game-server/internal/handler/game_handler.go:203.2,203.31 1 0
github.com/k82022603/RummiArena/game-server/internal/handler/room_handler.go:26.63,28.2 1 0
github.com/k82022603/RummiArena/game-server/internal/handler/room_handler.go:38.50,40.9 2 0
github.com/k82022603/RummiArena/game-server/internal/handler/room_handler.go:40.9,43.3 2 0
github.com/k82022603/RummiArena/game-server/internal/handler/room_handler.go:45.2,46.47 2 0
github.com/k82022603/RummiArena/game-server/internal/handler/room_handler.go:46.47,49.3 2 0
github.com/k82022603/RummiArena/game-server/internal/handler/room_handler.go:51.2,57.16 2 0
github.com/k82022603/RummiArena/game-server/internal/handler/room_handler.go:57.16,60.3 2 0
github.com/k82022603/RummiArena/game-server/internal/handler/room_handler.go:62.2,62.53 1 0
github.com/k82022603/RummiArena/game-server/internal/handler/room_handler.go:66.49,68.16 2 0
github.com/k82022603/RummiArena/game-server/internal/handler/room_handler.go:68.16,71.3 2 0
github.com/k82022603/RummiArena/game-server/internal/handler/room_handler.go:73.2,74.26 2 0
github.com/k82022603/RummiArena/game-server/internal/handler/room_handler.go:74.26,76.3 1 0
github.com/k82022603/RummiArena/game-server/internal/handler/room_handler.go:78.2,81.4 1 0
github.com/k82022603/RummiArena/game-server/internal/handler/room_handler.go:85.47,87.14 2 0
github.com/k82022603/RummiArena/game-server/internal/handler/room_handler.go:87.14,90.3 2 0
github.com/k82022603/RummiArena/game-server/internal/handler/room_handler.go:92.2,93.16 2 0
github.com/k82022603/RummiArena/game-server/internal/handler/room_handler.go:93.16,96.3 2 0
github.com/k82022603/RummiArena/game-server/internal/handler/room_handler.go:98.2,98.48 1 0
github.com/k82022603/RummiArena/game-server/internal/handler/room_handler.go:102.48,104.9 2 0
github.com/k82022603/RummiArena/game-server/internal/handler/room_handler.go:104.9,107.3 2 0
github.com/k82022603/RummiArena/game-server/internal/handler/room_handler.go:109.2,110.18 2 0
github.com/k82022603/RummiArena/game-server/internal/handler/room_handler.go:110.18,113.3 2 0
github.com/k82022603/RummiArena/game-server/internal/handler/room_handler.go:115.2,115.59 1 0
github.com/k82022603/RummiArena/game-server/internal/handler/room_handler.go:115.59,118.3 2 0
github.com/k82022603/RummiArena/game-server/internal/handler/room_handler.go:120.2,121.16 2 0
github.com/k82022603/RummiArena/game-server/internal/handler/room_handler.go:121.16,124.3 2 0
github.com/k82022603/RummiArena/game-server/internal/handler/room_handler.go:126.2,126.48 1 0
github.com/k82022603/RummiArena/game-server/internal/handler/room_handler.go:130.49,132.9 2 0
github.com/k82022603/RummiArena/game-server/internal/handler/room_handler.go:132.9,135.3 2 0
github.com/k82022603/RummiArena/game-server/internal/handler/room_handler.go:137.2,138.18 2 0
github.com/k82022603/RummiArena/game-server/internal/handler/room_handler.go:138.18,141.3 2 0
github.com/k82022603/RummiArena/game-server/internal/handler/room_handler.go:143.2,144.16 2 0
github.com/k82022603/RummiArena/game-server/internal/handler/room_handler.go:144.16,147.3 2 0
github.com/k82022603/RummiArena/game-server/internal/handler/room_handler.go:149.2,149.48 1 0
github.com/k82022603/RummiArena/game-server/internal/handler/room_handler.go:153.49,155.9 2 0
github.com/k82022603/RummiArena/game-server/internal/handler/room_handler.go:155.9,158.3 2 0
github.com/k82022603/RummiArena/game-server/internal/handler/room_handler.go:160.2,161.18 2 0
github.com/k82022603/RummiArena/game-server/internal/handler/room_handler.go:161.18,164.3 2 0
github.com/k82022603/RummiArena/game-server/internal/handler/room_handler.go:166.2,167.16 2 0
github.com/k82022603/RummiArena/game-server/internal/handler/room_handler.go:167.16,170.3 2 0
github.com/k82022603/RummiArena/game-server/internal/handler/room_handler.go:172.2,176.4 1 0
github.com/k82022603/RummiArena/game-server/internal/handler/room_handler.go:180.50,182.9 2 0
github.com/k82022603/RummiArena/game-server/internal/handler/room_handler.go:182.9,185.3 2 0
github.com/k82022603/RummiArena/game-server/internal/handler/room_handler.go:187.2,188.18 2 0
github.com/k82022603/RummiArena/game-server/internal/handler/room_handler.go:188.18,191.3 2 0
github.com/k82022603/RummiArena/game-server/internal/handler/room_handler.go:193.2,193.61 1 0
github.com/k82022603/RummiArena/game-server/internal/handler/room_handler.go:193.61,196.3 2 0
github.com/k82022603/RummiArena/game-server/internal/handler/room_handler.go:198.2,198.74 1 0
github.com/k82022603/RummiArena/game-server/internal/handler/room_handler.go:204.62,220.2 1 0
github.com/k82022603/RummiArena/game-server/internal/handler/room_handler.go:223.69,230.2 1 1
github.com/k82022603/RummiArena/game-server/internal/handler/room_handler.go:233.52,234.47 1 0
github.com/k82022603/RummiArena/game-server/internal/handler/room_handler.go:234.47,242.3 2 0
github.com/k82022603/RummiArena/game-server/internal/handler/room_handler.go:244.2,249.4 1 0
github.com/k82022603/RummiArena/game-server/internal/handler/ws_connection.go:44.97,52.2 1 0
github.com/k82022603/RummiArena/game-server/internal/handler/ws_connection.go:55.43,61.25 5 1
github.com/k82022603/RummiArena/game-server/internal/handler/ws_connection.go:61.25,63.3 1 1
github.com/k82022603/RummiArena/game-server/internal/handler/ws_connection.go:65.2,66.16 2 1
github.com/k82022603/RummiArena/game-server/internal/handler/ws_connection.go:66.16,69.3 2 0
github.com/k82022603/RummiArena/game-server/internal/handler/ws_connection.go:71.2,71.9 1 1
github.com/k82022603/RummiArena/game-server/internal/handler/ws_connection.go:72.22,72.22 0 1
github.com/k82022603/RummiArena/game-server/internal/handler/ws_connection.go:73.10,77.4 1 0
github.com/k82022603/RummiArena/game-server/internal/handler/ws_connection.go:82.54,87.2 1 0
github.com/k82022603/RummiArena/game-server/internal/handler/ws_connection.go:90.30,91.24 1 1
github.com/k82022603/RummiArena/game-server/internal/handler/ws_connection.go:91.24,93.3 1 1
github.com/k82022603/RummiArena/game-server/internal/handler/ws_connection.go:98.63,99.19 1 1
github.com/k82022603/RummiArena/game-server/internal/handler/ws_connection.go:99.19,102.3 2 0
github.com/k82022603/RummiArena/game-server/internal/handler/ws_connection.go:103.2,103.11 1 1
github.com/k82022603/RummiArena/game-server/internal/handler/ws_connection.go:108.34,109.15 1 0
github.com/k82022603/RummiArena/game-server/internal/handler/ws_connection.go:109.15,109.37 1 0
github.com/k82022603/RummiArena/game-server/internal/handler/ws_connection.go:111.2,111.27 1 0
github.com/k82022603/RummiArena/game-server/internal/handler/ws_connection.go:111.27,113.74 2 0
github.com/k82022603/RummiArena/game-server/internal/handler/ws_connection.go:113.74,116.4 2 0
github.com/k82022603/RummiArena/game-server/internal/handler/ws_connection.go:123.71,124.15 1 0
github.com/k82022603/RummiArena/game-server/internal/handler/ws_connection.go:124.15,127.3 2 0
github.com/k82022603/RummiArena/game-server/internal/handler/ws_connection.go:129.2,131.6 2 0
github.com/k82022603/RummiArena/game-server/internal/handler/ws_connection.go:131.6,136.17 3 0
github.com/k82022603/RummiArena/game-server/internal/handler/ws_connection.go:136.17,137.101 1 0
github.com/k82022603/RummiArena/game-server/internal/handler/ws_connection.go:137.101,139.5 1 0
github.com/k82022603/RummiArena/game-server/internal/handler/ws_connection.go:140.4,140.10 1 0
github.com/k82022603/RummiArena/game-server/internal/handler/ws_connection.go:143.3,144.52 2 0
github.com/k82022603/RummiArena/game-server/internal/handler/ws_connection.go:144.52,146.12 2 0
github.com/k82022603/RummiArena/game-server/internal/handler/ws_connection.go:149.3,149.19 1 0
github.com/k82022603/RummiArena/game-server/internal/handler/ws_handler.go:19.42,21.3 1 0
github.com/k82022603/RummiArena/game-server/internal/handler/ws_handler.go:42.14,51.2 1 0
github.com/k82022603/RummiArena/game-server/internal/handler/ws_handler.go:55.46,57.18 2 0
github.com/k82022603/RummiArena/game-server/internal/handler/ws_handler.go:57.18,60.3 2 0
github.com/k82022603/RummiArena/game-server/internal/handler/ws_handler.go:62.2,63.16 2 0
github.com/k82022603/RummiArena/game-server/internal/handler/ws_handler.go:63.16,66.3 2 0
github.com/k82022603/RummiArena/game-server/internal/handler/ws_handler.go:68.2,71.27 2 0
github.com/k82022603/RummiArena/game-server/internal/handler/ws_handler.go:71.27,74.3 2 0
github.com/k82022603/RummiArena/game-server/internal/handler/ws_handler.go:77.2,90.23 3 0
github.com/k82022603/RummiArena/game-server/internal/handler/ws_handler.go:90.23,92.3 1 0
github.com/k82022603/RummiArena/game-server/internal/handler/ws_handler.go:95.2,102.26 4 0
github.com/k82022603/RummiArena/game-server/internal/handler/ws_handler.go:118.57,122.16 3 0
github.com/k82022603/RummiArena/game-server/internal/handler/ws_handler.go:122.16,126.3 3 0
github.com/k82022603/RummiArena/game-server/internal/handler/ws_handler.go:129.2,132.51 3 0
github.com/k82022603/RummiArena/game-server/internal/handler/ws_handler.go:132.51,136.3 3 0
github.com/k82022603/RummiArena/game-server/internal/handler/ws_handler.go:138.2,138.25 1 0
github.com/k82022603/RummiArena/game-server/internal/handler/ws_handler.go:138.25,142.3 3 0
github.com/k82022603/RummiArena/game-server/internal/handler/ws_handler.go:144.2,145.62 2 0
github.com/k82022603/RummiArena/game-server/internal/handler/ws_handler.go:145.62,149.3 3 0
github.com/k82022603/RummiArena/game-server/internal/handler/ws_handler.go:152.2,153.16 2 0
github.com/k82022603/RummiArena/game-server/internal/handler/ws_handler.go:153.16,157.3 3 0
github.com/k82022603/RummiArena/game-server/internal/handler/ws_handler.go:160.2,161.16 2 0
github.com/k82022603/RummiArena/game-server/internal/handler/ws_handler.go:161.16,165.3 3 0
github.com/k82022603/RummiArena/game-server/internal/handler/ws_handler.go:167.2,169.33 3 0
github.com/k82022603/RummiArena/game-server/internal/handler/ws_handler.go:169.33,170.25 1 0
github.com/k82022603/RummiArena/game-server/internal/handler/ws_handler.go:170.25,172.27 2 0
github.com/k82022603/RummiArena/game-server/internal/handler/ws_handler.go:172.27,174.5 1 0
github.com/k82022603/RummiArena/game-server/internal/handler/ws_handler.go:175.4,175.9 1 0
github.com/k82022603/RummiArena/game-server/internal/handler/ws_handler.go:179.2,179.14 1 0
github.com/k82022603/RummiArena/game-server/internal/handler/ws_handler.go:179.14,183.3 3 0
github.com/k82022603/RummiArena/game-server/internal/handler/ws_handler.go:186.2,190.24 5 0
github.com/k82022603/RummiArena/game-server/internal/handler/ws_handler.go:190.24,192.3 1 0
github.com/k82022603/RummiArena/game-server/internal/handler/ws_handler.go:194.2,199.13 2 0
github.com/k82022603/RummiArena/game-server/internal/handler/ws_handler.go:202.81,204.94 2 0
github.com/k82022603/RummiArena/game-server/internal/handler/ws_handler.go:204.94,205.54 1 0
github.com/k82022603/RummiArena/game-server/internal/handler/ws_handler.go:205.54,207.4 1 0
github.com/k82022603/RummiArena/game-server/internal/handler/ws_handler.go:208.3,208.34 1 0
github.com/k82022603/RummiArena/game-server/internal/handler/ws_handler.go:210.2,210.32 1 0
github.com/k82022603/RummiArena/game-server/internal/handler/ws_handler.go:210.32,212.3 1 0
github.com/k82022603/RummiArena/game-server/internal/handler/ws_handler.go:213.2,213.41 1 0
github.com/k82022603/RummiArena/game-server/internal/handler/ws_handler.go:217.80,226.2 3 0
github.com/k82022603/RummiArena/game-server/internal/handler/ws_handler.go:229.83,232.2 2 0
github.com/k82022603/RummiArena/game-server/internal/handler/ws_handler.go:238.70,239.97 1 0
github.com/k82022603/RummiArena/game-server/internal/handler/ws_handler.go:239.97,242.3 2 0
github.com/k82022603/RummiArena/game-server/internal/handler/ws_handler.go:244.2,244.18 1 0
github.com/k82022603/RummiArena/game-server/internal/handler/ws_handler.go:245.21,246.32 1 0
github.com/k82022603/RummiArena/game-server/internal/handler/ws_handler.go:247.22,248.33 1 0
github.com/k82022603/RummiArena/game-server/internal/handler/ws_handler.go:249.19,250.25 1 0
github.com/k82022603/RummiArena/game-server/internal/handler/ws_handler.go:251.20,252.26 1 0
github.com/k82022603/RummiArena/game-server/internal/handler/ws_handler.go:253.15,254.21 1 0
github.com/k82022603/RummiArena/game-server/internal/handler/ws_handler.go:255.15,256.26 1 0
github.com/k82022603/RummiArena/game-server/internal/handler/ws_handler.go:257.20,258.26 1 0
github.com/k82022603/RummiArena/game-server/internal/handler/ws_handler.go:259.10,260.98 1 0
github.com/k82022603/RummiArena/game-server/internal/handler/ws_handler.go:268.73,270.62 2 0
github.com/k82022603/RummiArena/game-server/internal/handler/ws_handler.go:270.62,273.3 2 0
github.com/k82022603/RummiArena/game-server/internal/handler/ws_handler.go:276.2,285.16 4 0
github.com/k82022603/RummiArena/game-server/internal/handler/ws_handler.go:285.16,286.52 1 0
github.com/k82022603/RummiArena/game-server/internal/handler/ws_handler.go:286.52,289.4 2 0
github.com/k82022603/RummiArena/game-server/internal/handler/ws_handler.go:290.3,292.9 3 0
github.com/k82022603/RummiArena/game-server/internal/handler/ws_handler.go:296.2,303.4 1 0
github.com/k82022603/RummiArena/game-server/internal/handler/ws_handler.go:306.74,308.62 2 0
github.com/k82022603/RummiArena/game-server/internal/handler/ws_handler.go:308.62,311.3 2 0
github.com/k82022603/RummiArena/game-server/internal/handler/ws_handler.go:313.2,322.16 4 0
github.com/k82022603/RummiArena/game-server/internal/handler/ws_handler.go:322.16,324.39 1 0
github.com/k82022603/RummiArena/game-server/internal/handler/ws_handler.go:324.39,335.4 2 0
github.com/k82022603/RummiArena/game-server/internal/handler/ws_handler.go:337.3,337.52 1 0
github.com/k82022603/RummiArena/game-server/internal/handler/ws_handler.go:337.52,340.4 2 0
github.com/k82022603/RummiArena/game-server/internal/handler/ws_handler.go:341.3,343.9 3 0
github.com/k82022603/RummiArena/game-server/internal/handler/ws_handler.go:346.2,349.22 2 0
github.com/k82022603/RummiArena/game-server/internal/handler/ws_handler.go:349.22,352.3 2 0
github.com/k82022603/RummiArena/game-server/internal/handler/ws_handler.go:355.2,357.20 3 0
github.com/k82022603/RummiArena/game-server/internal/handler/ws_handler.go:357.20,359.3 1 0
github.com/k82022603/RummiArena/game-server/internal/handler/ws_handler.go:360.2,363.42 2 0
github.com/k82022603/RummiArena/game-server/internal/handler/ws_handler.go:366.54,370.20 3 0
github.com/k82022603/RummiArena/game-server/internal/handler/ws_handler.go:370.20,372.3 1 0
github.com/k82022603/RummiArena/game-server/internal/handler/ws_handler.go:374.2,375.16 2 0
github.com/k82022603/RummiArena/game-server/internal/handler/ws_handler.go:375.16,376.52 1 0
github.com/k82022603/RummiArena/game-server/internal/handler/ws_handler.go:376.52,379.4 2 0
github.com/k82022603/RummiArena/game-server/internal/handler/ws_handler.go:380.3,382.9 3 0
github.com/k82022603/RummiArena/game-server/internal/handler/ws_handler.go:385.2,388.22 2 0
github.com/k82022603/RummiArena/game-server/internal/handler/ws_handler.go:388.22,391.3 2 0
github.com/k82022603/RummiArena/game-server/internal/handler/ws_handler.go:394.2,396.20 3 0
github.com/k82022603/RummiArena/game-server/internal/handler/ws_handler.go:396.20,398.29 2 0
github.com/k82022603/RummiArena/game-server/internal/handler/ws_handler.go:398.29,400.4 1 0
github.com/k82022603/RummiArena/game-server/internal/handler/ws_handler.go:403.2,404.20 2 0
github.com/k82022603/RummiArena/game-server/internal/handler/ws_handler.go:404.20,406.3 1 0
github.com/k82022603/RummiArena/game-server/internal/handler/ws_handler.go:409.2,432.42 4 0
github.com/k82022603/RummiArena/game-server/internal/handler/ws_handler.go:435.55,437.16 2 0
github.com/k82022603/RummiArena/game-server/internal/handler/ws_handler.go:437.16,438.52 1 0
github.com/k82022603/RummiArena/game-server/internal/handler/ws_handler.go:438.52,441.4 2 0
github.com/k82022603/RummiArena/game-server/internal/handler/ws_handler.go:442.3,443.9 2 0
github.com/k82022603/RummiArena/game-server/internal/handler/ws_handler.go:447.2,447.23 1 0
github.com/k82022603/RummiArena/game-server/internal/handler/ws_handler.go:450.50,457.2 1 0
github.com/k82022603/RummiArena/game-server/internal/handler/ws_handler.go:459.67,461.62 2 0
github.com/k82022603/RummiArena/game-server/internal/handler/ws_handler.go:461.62,464.3 2 0
github.com/k82022603/RummiArena/game-server/internal/handler/ws_handler.go:466.2,466.32 1 0
github.com/k82022603/RummiArena/game-server/internal/handler/ws_handler.go:466.32,469.3 2 0
github.com/k82022603/RummiArena/game-server/internal/handler/ws_handler.go:471.2,479.4 1 0
github.com/k82022603/RummiArena/game-server/internal/handler/ws_handler.go:482.55,493.2 2 0
github.com/k82022603/RummiArena/game-server/internal/handler/ws_handler.go:499.53,501.16 2 0
github.com/k82022603/RummiArena/game-server/internal/handler/ws_handler.go:501.16,504.3 2 0
github.com/k82022603/RummiArena/game-server/internal/handler/ws_handler.go:506.2,507.31 2 0
github.com/k82022603/RummiArena/game-server/internal/handler/ws_handler.go:507.31,509.3 1 0
github.com/k82022603/RummiArena/game-server/internal/handler/ws_handler.go:511.2,512.33 2 0
github.com/k82022603/RummiArena/game-server/internal/handler/ws_handler.go:512.33,521.3 1 0
github.com/k82022603/RummiArena/game-server/internal/handler/ws_handler.go:523.2,536.4 1 0
github.com/k82022603/RummiArena/game-server/internal/handler/ws_handler.go:539.59,551.2 1 0
github.com/k82022603/RummiArena/game-server/internal/handler/ws_handler.go:553.117,557.20 4 0
github.com/k82022603/RummiArena/game-server/internal/handler/ws_handler.go:557.20,560.3 2 0
github.com/k82022603/RummiArena/game-server/internal/handler/ws_handler.go:562.2,574.4 1 0
github.com/k82022603/RummiArena/game-server/internal/handler/ws_handler.go:577.84,580.20 3 0
github.com/k82022603/RummiArena/game-server/internal/handler/ws_handler.go:580.20,582.3 1 0
github.com/k82022603/RummiArena/game-server/internal/handler/ws_handler.go:584.2,592.4 1 0
github.com/k82022603/RummiArena/game-server/internal/handler/ws_handler.go:595.86,597.34 2 0
github.com/k82022603/RummiArena/game-server/internal/handler/ws_handler.go:597.34,604.3 1 0
github.com/k82022603/RummiArena/game-server/internal/handler/ws_handler.go:606.2,608.34 3 0
github.com/k82022603/RummiArena/game-server/internal/handler/ws_handler.go:608.34,609.23 1 0
github.com/k82022603/RummiArena/game-server/internal/handler/ws_handler.go:609.23,612.9 3 0
github.com/k82022603/RummiArena/game-server/internal/handler/ws_handler.go:616.2,624.4 1 0
github.com/k82022603/RummiArena/game-server/internal/handler/ws_handler.go:627.56,643.2 2 0
github.com/k82022603/RummiArena/game-server/internal/handler/ws_handler.go:649.71,651.27 2 0
github.com/k82022603/RummiArena/game-server/internal/handler/ws_handler.go:651.27,653.3 1 0
github.com/k82022603/RummiArena/game-server/internal/handler/ws_handler.go:654.2,654.15 1 0
github.com/k82022603/RummiArena/game-server/internal/handler/ws_handler.go:657.69,659.26 2 0
github.com/k82022603/RummiArena/game-server/internal/handler/ws_handler.go:659.26,661.29 2 0
github.com/k82022603/RummiArena/game-server/internal/handler/ws_handler.go:661.29,663.4 1 0
github.com/k82022603/RummiArena/game-server/internal/handler/ws_handler.go:664.3,664.51 1 0
github.com/k82022603/RummiArena/game-server/internal/handler/ws_handler.go:666.2,666.15 1 0
github.com/k82022603/RummiArena/game-server/internal/handler/ws_handler.go:669.73,670.28 1 0
github.com/k82022603/RummiArena/game-server/internal/handler/ws_handler.go:670.28,671.26 1 0
github.com/k82022603/RummiArena/game-server/internal/handler/ws_handler.go:671.26,673.4 1 0
github.com/k82022603/RummiArena/game-server/internal/handler/ws_handler.go:675.2,675.11 1 0
github.com/k82022603/RummiArena/game-server/internal/handler/ws_hub.go:19.38,24.2 1 1
github.com/k82022603/RummiArena/game-server/internal/handler/ws_hub.go:28.42,33.9 4 1
github.com/k82022603/RummiArena/game-server/internal/handler/ws_hub.go:33.9,36.3 2 1
github.com/k82022603/RummiArena/game-server/internal/handler/ws_hub.go:39.2,39.51 1 1
github.com/k82022603/RummiArena/game-server/internal/handler/ws_hub.go:39.51,41.3 1 1
github.com/k82022603/RummiArena/game-server/internal/handler/ws_hub.go:43.2,48.3 2 1
github.com/k82022603/RummiArena/game-server/internal/handler/ws_hub.go:53.44,58.9 4 1
github.com/k82022603/RummiArena/game-server/internal/handler/ws_hub.go:58.9,60.3 1 0
github.com/k82022603/RummiArena/game-server/internal/handler/ws_hub.go:62.2,62.63 1 1
github.com/k82022603/RummiArena/game-server/internal/handler/ws_hub.go:62.63,64.3 1 1
github.com/k82022603/RummiArena/game-server/internal/handler/ws_hub.go:66.2,66.20 1 1
github.com/k82022603/RummiArena/game-server/internal/handler/ws_hub.go:66.20,68.3 1 1
github.com/k82022603/RummiArena/game-server/internal/handler/ws_hub.go:70.2,73.3 1 1
github.com/k82022603/RummiArena/game-server/internal/handler/ws_hub.go:77.62,82.9 4 1
github.com/k82022603/RummiArena/game-server/internal/handler/ws_hub.go:82.9,84.3 1 0
github.com/k82022603/RummiArena/game-server/internal/handler/ws_hub.go:85.2,85.28 1 1
github.com/k82022603/RummiArena/game-server/internal/handler/ws_hub.go:85.28,87.3 1 1
github.com/k82022603/RummiArena/game-server/internal/handler/ws_hub.go:91.83,96.9 4 1
github.com/k82022603/RummiArena/game-server/internal/handler/ws_hub.go:96.9,98.3 1 0
github.com/k82022603/RummiArena/game-server/internal/handler/ws_hub.go:99.2,99.30 1 1
github.com/k82022603/RummiArena/game-server/internal/handler/ws_hub.go:99.30,100.27 1 1
github.com/k82022603/RummiArena/game-server/internal/handler/ws_hub.go:100.27,102.4 1 1
github.com/k82022603/RummiArena/game-server/internal/handler/ws_hub.go:107.65,112.9 4 1
github.com/k82022603/RummiArena/game-server/internal/handler/ws_hub.go:112.9,114.3 1 0
github.com/k82022603/RummiArena/game-server/internal/handler/ws_hub.go:115.2,115.34 1 1
github.com/k82022603/RummiArena/game-server/internal/handler/ws_hub.go:115.34,117.3 1 1
github.com/k82022603/RummiArena/game-server/internal/handler/ws_hub.go:121.54,126.2 3 1
github.com/k82022603/RummiArena/game-server/internal/engine/errors.go:17.42,19.2 1 1
github.com/k82022603/RummiArena/game-server/internal/engine/errors.go:22.81,24.20 2 1
github.com/k82022603/RummiArena/game-server/internal/engine/errors.go:24.20,26.3 1 1
github.com/k82022603/RummiArena/game-server/internal/engine/errors.go:27.2,27.65 1 1
github.com/k82022603/RummiArena/game-server/internal/engine/group.go:10.41,11.38 1 1
github.com/k82022603/RummiArena/game-server/internal/engine/group.go:11.38,13.3 1 1
github.com/k82022603/RummiArena/game-server/internal/engine/group.go:15.2,18.26 3 1
github.com/k82022603/RummiArena/game-server/internal/engine/group.go:18.26,19.16 1 1
github.com/k82022603/RummiArena/game-server/internal/engine/group.go:19.16,20.12 1 1
github.com/k82022603/RummiArena/game-server/internal/engine/group.go:22.3,22.21 1 1
github.com/k82022603/RummiArena/game-server/internal/engine/group.go:22.21,24.4 1 1
github.com/k82022603/RummiArena/game-server/internal/engine/group.go:24.9,24.35 1 1
github.com/k82022603/RummiArena/game-server/internal/engine/group.go:24.35,26.4 1 1
github.com/k82022603/RummiArena/game-server/internal/engine/group.go:27.3,27.25 1 1
github.com/k82022603/RummiArena/game-server/internal/engine/group.go:27.25,29.4 1 1
github.com/k82022603/RummiArena/game-server/internal/engine/group.go:30.3,30.28 1 1
github.com/k82022603/RummiArena/game-server/internal/engine/group.go:35.2,35.20 1 1
github.com/k82022603/RummiArena/game-server/internal/engine/group.go:35.20,37.3 1 1
github.com/k82022603/RummiArena/game-server/internal/engine/group.go:39.2,39.12 1 1
github.com/k82022603/RummiArena/game-server/internal/engine/group.go:44.36,46.26 2 1
github.com/k82022603/RummiArena/game-server/internal/engine/group.go:46.26,47.17 1 1
github.com/k82022603/RummiArena/game-server/internal/engine/group.go:47.17,49.9 2 1
github.com/k82022603/RummiArena/game-server/internal/engine/group.go:53.2,54.26 2 1
github.com/k82022603/RummiArena/game-server/internal/engine/group.go:54.26,55.16 1 1
github.com/k82022603/RummiArena/game-server/internal/engine/group.go:55.16,57.4 1 1
github.com/k82022603/RummiArena/game-server/internal/engine/group.go:57.9,59.4 1 1
github.com/k82022603/RummiArena/game-server/internal/engine/group.go:61.2,61.12 1 1
github.com/k82022603/RummiArena/game-server/internal/engine/pool.go:17.30,23.2 3 1
github.com/k82022603/RummiArena/game-server/internal/engine/pool.go:27.30,28.44 1 1
github.com/k82022603/RummiArena/game-server/internal/engine/pool.go:28.44,30.3 1 1
github.com/k82022603/RummiArena/game-server/internal/engine/pool.go:35.44,36.16 1 1
github.com/k82022603/RummiArena/game-server/internal/engine/pool.go:36.16,38.3 1 1
github.com/k82022603/RummiArena/game-server/internal/engine/pool.go:39.2,39.26 1 1
github.com/k82022603/RummiArena/game-server/internal/engine/pool.go:39.26,41.3 1 1
github.com/k82022603/RummiArena/game-server/internal/engine/pool.go:42.2,45.14 4 1
github.com/k82022603/RummiArena/game-server/internal/engine/pool.go:50.45,51.23 1 1
github.com/k82022603/RummiArena/game-server/internal/engine/pool.go:51.23,53.3 1 1
github.com/k82022603/RummiArena/game-server/internal/engine/pool.go:54.2,56.15 3 1
github.com/k82022603/RummiArena/game-server/internal/engine/pool.go:60.36,62.2 1 1
github.com/k82022603/RummiArena/game-server/internal/engine/pool.go:67.73,68.40 1 1
github.com/k82022603/RummiArena/game-server/internal/engine/pool.go:68.40,70.3 1 1
github.com/k82022603/RummiArena/game-server/internal/engine/pool.go:71.2,72.48 2 1
github.com/k82022603/RummiArena/game-server/internal/engine/pool.go:72.48,75.3 1 0
github.com/k82022603/RummiArena/game-server/internal/engine/pool.go:77.2,78.35 2 1
github.com/k82022603/RummiArena/game-server/internal/engine/pool.go:78.35,80.3 1 1
github.com/k82022603/RummiArena/game-server/internal/engine/pool.go:81.2,81.19 1 1
github.com/k82022603/RummiArena/game-server/internal/engine/run.go:14.39,15.20 1 1
github.com/k82022603/RummiArena/game-server/internal/engine/run.go:15.20,17.3 1 1
github.com/k82022603/RummiArena/game-server/internal/engine/run.go:19.2,20.16 2 1
github.com/k82022603/RummiArena/game-server/internal/engine/run.go:20.16,22.3 1 1
github.com/k82022603/RummiArena/game-server/internal/engine/run.go:23.2,27.60 3 1
github.com/k82022603/RummiArena/game-server/internal/engine/run.go:27.60,29.3 1 1
github.com/k82022603/RummiArena/game-server/internal/engine/run.go:31.2,31.47 1 1
github.com/k82022603/RummiArena/game-server/internal/engine/run.go:36.70,40.26 3 1
github.com/k82022603/RummiArena/game-server/internal/engine/run.go:40.26,41.16 1 1
github.com/k82022603/RummiArena/game-server/internal/engine/run.go:41.16,42.12 1 1
github.com/k82022603/RummiArena/game-server/internal/engine/run.go:44.3,44.21 1 1
github.com/k82022603/RummiArena/game-server/internal/engine/run.go:44.21,46.4 1 1
github.com/k82022603/RummiArena/game-server/internal/engine/run.go:46.9,46.33 1 1
github.com/k82022603/RummiArena/game-server/internal/engine/run.go:46.33,48.4 1 1
github.com/k82022603/RummiArena/game-server/internal/engine/run.go:49.3,49.54 1 1
github.com/k82022603/RummiArena/game-server/internal/engine/run.go:52.2,52.31 1 1
github.com/k82022603/RummiArena/game-server/internal/engine/run.go:52.31,55.3 1 1
github.com/k82022603/RummiArena/game-server/internal/engine/run.go:57.2,57.39 1 1
github.com/k82022603/RummiArena/game-server/internal/engine/run.go:61.45,62.35 1 1
github.com/k82022603/RummiArena/game-server/internal/engine/run.go:62.35,63.31 1 1
github.com/k82022603/RummiArena/game-server/internal/engine/run.go:63.31,65.4 1 1
github.com/k82022603/RummiArena/game-server/internal/engine/run.go:67.2,67.12 1 1
github.com/k82022603/RummiArena/game-server/internal/engine/run.go:71.71,76.23 4 1
github.com/k82022603/RummiArena/game-server/internal/engine/run.go:76.23,78.3 1 1
github.com/k82022603/RummiArena/game-server/internal/engine/run.go:80.2,84.23 4 1
github.com/k82022603/RummiArena/game-server/internal/engine/run.go:84.23,86.3 1 1
github.com/k82022603/RummiArena/game-server/internal/engine/run.go:87.2,87.33 1 1
github.com/k82022603/RummiArena/game-server/internal/engine/run.go:87.33,89.3 1 0
github.com/k82022603/RummiArena/game-server/internal/engine/run.go:91.2,91.12 1 1
github.com/k82022603/RummiArena/game-server/internal/engine/run.go:95.37,97.26 2 1
github.com/k82022603/RummiArena/game-server/internal/engine/run.go:97.26,98.16 1 1
github.com/k82022603/RummiArena/game-server/internal/engine/run.go:98.16,100.4 1 1
github.com/k82022603/RummiArena/game-server/internal/engine/run.go:102.2,102.14 1 1
github.com/k82022603/RummiArena/game-server/internal/engine/run.go:108.34,110.26 2 1
github.com/k82022603/RummiArena/game-server/internal/engine/run.go:110.26,111.17 1 1
github.com/k82022603/RummiArena/game-server/internal/engine/run.go:111.17,113.4 1 1
github.com/k82022603/RummiArena/game-server/internal/engine/run.go:115.2,119.34 4 1
github.com/k82022603/RummiArena/game-server/internal/engine/run.go:119.34,121.3 1 1
github.com/k82022603/RummiArena/game-server/internal/engine/run.go:122.2,122.12 1 1
github.com/k82022603/RummiArena/game-server/internal/engine/tile.go:31.40,32.36 1 1
github.com/k82022603/RummiArena/game-server/internal/engine/tile.go:32.36,34.3 1 1
github.com/k82022603/RummiArena/game-server/internal/engine/tile.go:36.2,36.19 1 1
github.com/k82022603/RummiArena/game-server/internal/engine/tile.go:36.19,38.3 1 1
github.com/k82022603/RummiArena/game-server/internal/engine/tile.go:40.2,41.15 2 1
github.com/k82022603/RummiArena/game-server/internal/engine/tile.go:42.52,42.52 0 1
github.com/k82022603/RummiArena/game-server/internal/engine/tile.go:43.10,44.74 1 1
github.com/k82022603/RummiArena/game-server/internal/engine/tile.go:47.2,48.30 2 1
github.com/k82022603/RummiArena/game-server/internal/engine/tile.go:48.30,50.3 1 1
github.com/k82022603/RummiArena/game-server/internal/engine/tile.go:52.2,54.39 3 1
github.com/k82022603/RummiArena/game-server/internal/engine/tile.go:54.39,56.3 1 1
github.com/k82022603/RummiArena/game-server/internal/engine/tile.go:58.2,63.8 1 1
github.com/k82022603/RummiArena/game-server/internal/engine/tile.go:68.28,69.15 1 1
github.com/k82022603/RummiArena/game-server/internal/engine/tile.go:69.15,71.3 1 1
github.com/k82022603/RummiArena/game-server/internal/engine/tile.go:72.2,72.17 1 1
github.com/k82022603/RummiArena/game-server/internal/engine/tile.go:76.48,78.26 2 1
github.com/k82022603/RummiArena/game-server/internal/engine/tile.go:78.26,80.17 2 1
github.com/k82022603/RummiArena/game-server/internal/engine/tile.go:80.17,82.4 1 1
github.com/k82022603/RummiArena/game-server/internal/engine/tile.go:83.3,83.27 1 1
github.com/k82022603/RummiArena/game-server/internal/engine/tile.go:85.2,85.19 1 1
github.com/k82022603/RummiArena/game-server/internal/engine/tile.go:89.29,94.27 4 1
github.com/k82022603/RummiArena/game-server/internal/engine/tile.go:94.27,95.32 1 1
github.com/k82022603/RummiArena/game-server/internal/engine/tile.go:95.32,96.29 1 1
github.com/k82022603/RummiArena/game-server/internal/engine/tile.go:96.29,104.5 2 1
github.com/k82022603/RummiArena/game-server/internal/engine/tile.go:108.2,111.14 3 1
github.com/k82022603/RummiArena/game-server/internal/engine/validator.go:22.52,23.23 1 1
github.com/k82022603/RummiArena/game-server/internal/engine/validator.go:23.23,25.3 1 1
github.com/k82022603/RummiArena/game-server/internal/engine/validator.go:27.2,28.21 2 1
github.com/k82022603/RummiArena/game-server/internal/engine/validator.go:28.21,30.3 1 1
github.com/k82022603/RummiArena/game-server/internal/engine/validator.go:32.2,33.19 2 1
github.com/k82022603/RummiArena/game-server/internal/engine/validator.go:33.19,35.3 1 1
github.com/k82022603/RummiArena/game-server/internal/engine/validator.go:39.2,39.47 1 1
github.com/k82022603/RummiArena/game-server/internal/engine/validator.go:39.47,41.3 1 1
github.com/k82022603/RummiArena/game-server/internal/engine/validator.go:42.2,42.45 1 0
github.com/k82022603/RummiArena/game-server/internal/engine/validator.go:42.45,44.3 1 0
github.com/k82022603/RummiArena/game-server/internal/engine/validator.go:45.2,45.88 1 0
github.com/k82022603/RummiArena/game-server/internal/engine/validator.go:50.43,51.26 1 1
github.com/k82022603/RummiArena/game-server/internal/engine/validator.go:51.26,52.48 1 1
github.com/k82022603/RummiArena/game-server/internal/engine/validator.go:52.48,54.4 1 1
github.com/k82022603/RummiArena/game-server/internal/engine/validator.go:56.2,56.12 1 1
github.com/k82022603/RummiArena/game-server/internal/engine/validator.go:79.56,81.54 1 1
github.com/k82022603/RummiArena/game-server/internal/engine/validator.go:81.54,83.3 1 1
github.com/k82022603/RummiArena/game-server/internal/engine/validator.go:86.2,87.20 2 1
github.com/k82022603/RummiArena/game-server/internal/engine/validator.go:87.20,89.3 1 1
github.com/k82022603/RummiArena/game-server/internal/engine/validator.go:94.2,94.72 1 1
github.com/k82022603/RummiArena/game-server/internal/engine/validator.go:94.72,96.3 1 0
github.com/k82022603/RummiArena/game-server/internal/engine/validator.go:100.2,100.25 1 1
github.com/k82022603/RummiArena/game-server/internal/engine/validator.go:100.25,101.50 1 1
github.com/k82022603/RummiArena/game-server/internal/engine/validator.go:101.50,103.4 1 1
github.com/k82022603/RummiArena/game-server/internal/engine/validator.go:107.2,107.51 1 1
github.com/k82022603/RummiArena/game-server/internal/engine/validator.go:107.51,109.3 1 1
github.com/k82022603/RummiArena/game-server/internal/engine/validator.go:111.2,111.12 1 1
github.com/k82022603/RummiArena/game-server/internal/engine/validator.go:115.56,120.32 3 1
github.com/k82022603/RummiArena/game-server/internal/engine/validator.go:120.32,121.43 1 0
github.com/k82022603/RummiArena/game-server/internal/engine/validator.go:121.43,123.4 1 0
github.com/k82022603/RummiArena/game-server/internal/engine/validator.go:127.2,129.34 3 1
github.com/k82022603/RummiArena/game-server/internal/engine/validator.go:129.34,131.17 2 1
github.com/k82022603/RummiArena/game-server/internal/engine/validator.go:131.17,133.4 1 0
github.com/k82022603/RummiArena/game-server/internal/engine/validator.go:134.3,134.21 1 1
github.com/k82022603/RummiArena/game-server/internal/engine/validator.go:136.2,136.16 1 1
github.com/k82022603/RummiArena/game-server/internal/engine/validator.go:136.16,138.3 1 1
github.com/k82022603/RummiArena/game-server/internal/engine/validator.go:139.2,139.12 1 1
github.com/k82022603/RummiArena/game-server/internal/engine/validator.go:143.58,144.38 1 1
github.com/k82022603/RummiArena/game-server/internal/engine/validator.go:144.38,146.3 1 1
github.com/k82022603/RummiArena/game-server/internal/engine/validator.go:147.2,148.47 2 1
github.com/k82022603/RummiArena/game-server/internal/engine/validator.go:148.47,149.29 1 1
github.com/k82022603/RummiArena/game-server/internal/engine/validator.go:149.29,151.4 1 1
github.com/k82022603/RummiArena/game-server/internal/engine/validator.go:153.2,153.12 1 1
github.com/k82022603/RummiArena/game-server/internal/engine/validator.go:157.43,159.26 2 1
github.com/k82022603/RummiArena/game-server/internal/engine/validator.go:159.26,161.3 1 1
github.com/k82022603/RummiArena/game-server/internal/engine/validator.go:162.2,162.10 1 1
github.com/k82022603/RummiArena/game-server/internal/engine/validator.go:166.55,168.26 2 1
github.com/k82022603/RummiArena/game-server/internal/engine/validator.go:168.26,169.30 1 1
github.com/k82022603/RummiArena/game-server/internal/engine/validator.go:169.30,171.4 1 1
github.com/k82022603/RummiArena/game-server/internal/engine/validator.go:173.2,173.13 1 1
github.com/k82022603/RummiArena/game-server/internal/engine/validator.go:177.63,179.30 2 1
github.com/k82022603/RummiArena/game-server/internal/engine/validator.go:179.30,181.3 1 1
github.com/k82022603/RummiArena/game-server/internal/engine/validator.go:182.2,183.31 2 1
github.com/k82022603/RummiArena/game-server/internal/engine/validator.go:183.31,184.18 1 1
github.com/k82022603/RummiArena/game-server/internal/engine/validator.go:184.18,186.4 1 1
github.com/k82022603/RummiArena/game-server/internal/engine/validator.go:186.9,188.4 1 1
github.com/k82022603/RummiArena/game-server/internal/engine/validator.go:190.2,190.14 1 1
github.com/k82022603/RummiArena/game-server/internal/service/errors.go:13.39,15.2 1 1
github.com/k82022603/RummiArena/game-server/internal/service/errors.go:18.54,19.16 1 1
github.com/k82022603/RummiArena/game-server/internal/service/errors.go:19.16,21.3 1 1
github.com/k82022603/RummiArena/game-server/internal/service/errors.go:22.2,23.15 2 1
github.com/k82022603/RummiArena/game-server/internal/service/game_service.go:99.34,103.16 3 0
github.com/k82022603/RummiArena/game-server/internal/service/game_service.go:103.16,105.3 1 0
github.com/k82022603/RummiArena/game-server/internal/service/game_service.go:108.2,111.33 3 0
github.com/k82022603/RummiArena/game-server/internal/service/game_service.go:111.33,113.17 2 0
github.com/k82022603/RummiArena/game-server/internal/service/game_service.go:113.17,114.9 1 0
github.com/k82022603/RummiArena/game-server/internal/service/game_service.go:116.3,116.38 1 0
github.com/k82022603/RummiArena/game-server/internal/service/game_service.go:120.2,121.28 2 0
github.com/k82022603/RummiArena/game-server/internal/service/game_service.go:121.28,123.30 2 0
github.com/k82022603/RummiArena/game-server/internal/service/game_service.go:123.30,125.4 1 0
github.com/k82022603/RummiArena/game-server/internal/service/game_service.go:126.3,132.4 1 0
github.com/k82022603/RummiArena/game-server/internal/service/game_service.go:135.2,145.56 2 0
github.com/k82022603/RummiArena/game-server/internal/service/game_service.go:145.56,147.3 1 0
github.com/k82022603/RummiArena/game-server/internal/service/game_service.go:148.2,148.19 1 0
github.com/k82022603/RummiArena/game-server/internal/service/game_service.go:152.80,157.2 1 1
github.com/k82022603/RummiArena/game-server/internal/service/game_service.go:161.95,163.16 2 1
github.com/k82022603/RummiArena/game-server/internal/service/game_service.go:163.16,165.3 1 1
github.com/k82022603/RummiArena/game-server/internal/service/game_service.go:168.2,169.34 2 1
github.com/k82022603/RummiArena/game-server/internal/service/game_service.go:169.34,171.31 2 0
github.com/k82022603/RummiArena/game-server/internal/service/game_service.go:171.31,173.4 1 0
github.com/k82022603/RummiArena/game-server/internal/service/game_service.go:174.3,174.53 1 0
github.com/k82022603/RummiArena/game-server/internal/service/game_service.go:178.2,180.34 3 1
github.com/k82022603/RummiArena/game-server/internal/service/game_service.go:180.34,188.36 2 1
github.com/k82022603/RummiArena/game-server/internal/service/game_service.go:188.36,192.4 3 1
github.com/k82022603/RummiArena/game-server/internal/service/game_service.go:195.2,204.8 1 1
github.com/k82022603/RummiArena/game-server/internal/service/game_service.go:209.95,211.16 2 1
github.com/k82022603/RummiArena/game-server/internal/service/game_service.go:211.16,213.3 1 1
github.com/k82022603/RummiArena/game-server/internal/service/game_service.go:215.2,215.35 1 1
github.com/k82022603/RummiArena/game-server/internal/service/game_service.go:215.35,217.3 1 1
github.com/k82022603/RummiArena/game-server/internal/service/game_service.go:220.2,221.19 2 1
github.com/k82022603/RummiArena/game-server/internal/service/game_service.go:221.19,223.3 1 0
github.com/k82022603/RummiArena/game-server/internal/service/game_service.go:226.2,227.48 2 1
github.com/k82022603/RummiArena/game-server/internal/service/game_service.go:227.48,236.3 4 1
github.com/k82022603/RummiArena/game-server/internal/service/game_service.go:239.2,240.16 2 1
github.com/k82022603/RummiArena/game-server/internal/service/game_service.go:240.16,242.3 1 1
github.com/k82022603/RummiArena/game-server/internal/service/game_service.go:243.2,248.56 3 1
github.com/k82022603/RummiArena/game-server/internal/service/game_service.go:248.56,250.3 1 0
github.com/k82022603/RummiArena/game-server/internal/service/game_service.go:252.2,252.93 1 1
github.com/k82022603/RummiArena/game-server/internal/service/game_service.go:257.98,259.16 2 1
github.com/k82022603/RummiArena/game-server/internal/service/game_service.go:259.16,261.3 1 0
github.com/k82022603/RummiArena/game-server/internal/service/game_service.go:263.2,263.35 1 1
github.com/k82022603/RummiArena/game-server/internal/service/game_service.go:263.35,265.3 1 1
github.com/k82022603/RummiArena/game-server/internal/service/game_service.go:267.2,268.19 2 1
github.com/k82022603/RummiArena/game-server/internal/service/game_service.go:268.19,270.3 1 1
github.com/k82022603/RummiArena/game-server/internal/service/game_service.go:272.2,277.16 4 1
github.com/k82022603/RummiArena/game-server/internal/service/game_service.go:277.16,279.3 1 0
github.com/k82022603/RummiArena/game-server/internal/service/game_service.go:281.2,283.64 2 1
github.com/k82022603/RummiArena/game-server/internal/service/game_service.go:283.64,285.3 1 1
github.com/k82022603/RummiArena/game-server/internal/service/game_service.go:288.2,291.76 3 1
github.com/k82022603/RummiArena/game-server/internal/service/game_service.go:291.76,293.3 1 1
github.com/k82022603/RummiArena/game-server/internal/service/game_service.go:295.2,299.25 3 1
github.com/k82022603/RummiArena/game-server/internal/service/game_service.go:299.25,301.3 1 1
github.com/k82022603/RummiArena/game-server/internal/service/game_service.go:303.2,303.35 1 1
github.com/k82022603/RummiArena/game-server/internal/service/game_service.go:307.144,309.52 2 1
github.com/k82022603/RummiArena/game-server/internal/service/game_service.go:309.52,311.3 1 1
github.com/k82022603/RummiArena/game-server/internal/service/game_service.go:312.2,314.44 3 1
github.com/k82022603/RummiArena/game-server/internal/service/game_service.go:318.107,319.28 1 1
github.com/k82022603/RummiArena/game-server/internal/service/game_service.go:319.28,321.3 1 1
github.com/k82022603/RummiArena/game-server/internal/service/game_service.go:322.2,322.25 1 1
github.com/k82022603/RummiArena/game-server/internal/service/game_service.go:326.180,335.2 1 1
github.com/k82022603/RummiArena/game-server/internal/service/game_service.go:338.39,339.49 1 1
github.com/k82022603/RummiArena/game-server/internal/service/game_service.go:339.49,341.3 1 1
github.com/k82022603/RummiArena/game-server/internal/service/game_service.go:342.2,342.29 1 0
github.com/k82022603/RummiArena/game-server/internal/service/game_service.go:346.107,353.2 1 1
github.com/k82022603/RummiArena/game-server/internal/service/game_service.go:356.105,358.56 2 1
github.com/k82022603/RummiArena/game-server/internal/service/game_service.go:358.56,360.3 1 0
github.com/k82022603/RummiArena/game-server/internal/service/game_service.go:361.2,367.8 1 1
github.com/k82022603/RummiArena/game-server/internal/service/game_service.go:371.97,376.56 4 1
github.com/k82022603/RummiArena/game-server/internal/service/game_service.go:376.56,378.3 1 0
github.com/k82022603/RummiArena/game-server/internal/service/game_service.go:379.2,379.84 1 1
github.com/k82022603/RummiArena/game-server/internal/service/game_service.go:383.84,385.16 2 1
github.com/k82022603/RummiArena/game-server/internal/service/game_service.go:385.16,387.3 1 1
github.com/k82022603/RummiArena/game-server/internal/service/game_service.go:389.2,389.31 1 1
github.com/k82022603/RummiArena/game-server/internal/service/game_service.go:389.31,391.3 1 1
github.com/k82022603/RummiArena/game-server/internal/service/game_service.go:393.2,394.19 2 1
github.com/k82022603/RummiArena/game-server/internal/service/game_service.go:394.19,396.3 1 1
github.com/k82022603/RummiArena/game-server/internal/service/game_service.go:398.2,398.30 1 1
github.com/k82022603/RummiArena/game-server/internal/service/game_service.go:398.30,401.57 2 1
github.com/k82022603/RummiArena/game-server/internal/service/game_service.go:401.57,403.4 1 0
github.com/k82022603/RummiArena/game-server/internal/service/game_service.go:404.3,410.9 1 1
github.com/k82022603/RummiArena/game-server/internal/service/game_service.go:414.2,426.56 8 1
github.com/k82022603/RummiArena/game-server/internal/service/game_service.go:426.56,428.3 1 0
github.com/k82022603/RummiArena/game-server/internal/service/game_service.go:430.2,430.84 1 1
github.com/k82022603/RummiArena/game-server/internal/service/game_service.go:434.85,436.16 2 1
github.com/k82022603/RummiArena/game-server/internal/service/game_service.go:436.16,438.3 1 1
github.com/k82022603/RummiArena/game-server/internal/service/game_service.go:440.2,440.31 1 1
github.com/k82022603/RummiArena/game-server/internal/service/game_service.go:440.31,442.3 1 1
github.com/k82022603/RummiArena/game-server/internal/service/game_service.go:444.2,445.19 2 1
github.com/k82022603/RummiArena/game-server/internal/service/game_service.go:445.19,447.3 1 0
github.com/k82022603/RummiArena/game-server/internal/service/game_service.go:449.2,451.13 3 1
github.com/k82022603/RummiArena/game-server/internal/service/game_service.go:451.13,454.3 1 1
github.com/k82022603/RummiArena/game-server/internal/service/game_service.go:457.2,461.56 4 1
github.com/k82022603/RummiArena/game-server/internal/service/game_service.go:461.56,463.3 1 0
github.com/k82022603/RummiArena/game-server/internal/service/game_service.go:465.2,465.80 1 1
github.com/k82022603/RummiArena/game-server/internal/service/game_service.go:471.66,472.28 1 1
github.com/k82022603/RummiArena/game-server/internal/service/game_service.go:472.28,473.26 1 1
github.com/k82022603/RummiArena/game-server/internal/service/game_service.go:473.26,475.4 1 1
github.com/k82022603/RummiArena/game-server/internal/service/game_service.go:477.2,477.11 1 1
github.com/k82022603/RummiArena/game-server/internal/service/game_service.go:482.51,484.12 2 1
github.com/k82022603/RummiArena/game-server/internal/service/game_service.go:484.12,486.3 1 0
github.com/k82022603/RummiArena/game-server/internal/service/game_service.go:488.2,489.34 2 1
github.com/k82022603/RummiArena/game-server/internal/service/game_service.go:489.34,490.39 1 1
github.com/k82022603/RummiArena/game-server/internal/service/game_service.go:490.39,492.9 2 1
github.com/k82022603/RummiArena/game-server/internal/service/game_service.go:495.2,495.20 1 1
github.com/k82022603/RummiArena/game-server/internal/service/game_service.go:495.20,497.3 1 0
github.com/k82022603/RummiArena/game-server/internal/service/game_service.go:498.2,499.41 2 1
github.com/k82022603/RummiArena/game-server/internal/service/game_service.go:504.75,506.25 2 1
github.com/k82022603/RummiArena/game-server/internal/service/game_service.go:506.25,508.3 1 1
github.com/k82022603/RummiArena/game-server/internal/service/game_service.go:509.2,509.26 1 1
github.com/k82022603/RummiArena/game-server/internal/service/game_service.go:509.26,510.19 1 1
github.com/k82022603/RummiArena/game-server/internal/service/game_service.go:510.19,512.4 1 1
github.com/k82022603/RummiArena/game-server/internal/service/game_service.go:513.3,513.12 1 1
github.com/k82022603/RummiArena/game-server/internal/service/game_service.go:515.2,516.25 2 1
github.com/k82022603/RummiArena/game-server/internal/service/game_service.go:516.25,517.18 1 1
github.com/k82022603/RummiArena/game-server/internal/service/game_service.go:517.18,520.4 2 1
github.com/k82022603/RummiArena/game-server/internal/service/game_service.go:522.2,522.20 1 1
github.com/k82022603/RummiArena/game-server/internal/service/game_service.go:526.74,528.31 2 1
github.com/k82022603/RummiArena/game-server/internal/service/game_service.go:528.31,530.32 2 1
github.com/k82022603/RummiArena/game-server/internal/service/game_service.go:530.32,532.4 1 1
github.com/k82022603/RummiArena/game-server/internal/service/game_service.go:533.3,536.5 1 1
github.com/k82022603/RummiArena/game-server/internal/service/game_service.go:538.2,538.13 1 1
github.com/k82022603/RummiArena/game-server/internal/service/game_service.go:542.72,544.25 2 1
github.com/k82022603/RummiArena/game-server/internal/service/game_service.go:544.25,546.29 2 1
github.com/k82022603/RummiArena/game-server/internal/service/game_service.go:546.29,548.18 2 1
github.com/k82022603/RummiArena/game-server/internal/service/game_service.go:548.18,551.13 2 0
github.com/k82022603/RummiArena/game-server/internal/service/game_service.go:553.4,553.33 1 1
github.com/k82022603/RummiArena/game-server/internal/service/game_service.go:555.3,558.5 1 1
github.com/k82022603/RummiArena/game-server/internal/service/game_service.go:560.2,560.15 1 1
github.com/k82022603/RummiArena/game-server/internal/service/game_service.go:564.64,565.18 1 1
github.com/k82022603/RummiArena/game-server/internal/service/game_service.go:565.18,567.3 1 0
github.com/k82022603/RummiArena/game-server/internal/service/game_service.go:568.2,569.26 2 1
github.com/k82022603/RummiArena/game-server/internal/service/game_service.go:569.26,575.3 5 1
github.com/k82022603/RummiArena/game-server/internal/service/game_service.go:576.2,576.15 1 1
github.com/k82022603/RummiArena/game-server/internal/service/game_service.go:580.50,582.2 1 1
github.com/k82022603/RummiArena/game-server/internal/service/room_service.go:46.15,53.2 2 0
github.com/k82022603/RummiArena/game-server/internal/service/room_service.go:57.84,58.48 1 0
github.com/k82022603/RummiArena/game-server/internal/service/room_service.go:58.48,60.3 1 0
github.com/k82022603/RummiArena/game-server/internal/service/room_service.go:61.2,61.57 1 0
github.com/k82022603/RummiArena/game-server/internal/service/room_service.go:61.57,63.3 1 0
github.com/k82022603/RummiArena/game-server/internal/service/room_service.go:64.2,64.26 1 0
github.com/k82022603/RummiArena/game-server/internal/service/room_service.go:64.26,66.3 1 0
github.com/k82022603/RummiArena/game-server/internal/service/room_service.go:68.2,69.16 2 0
github.com/k82022603/RummiArena/game-server/internal/service/room_service.go:69.16,71.3 1 0
github.com/k82022603/RummiArena/game-server/internal/service/room_service.go:73.2,84.39 5 0
github.com/k82022603/RummiArena/game-server/internal/service/room_service.go:84.39,90.3 1 0
github.com/k82022603/RummiArena/game-server/internal/service/room_service.go:92.2,106.50 3 0
github.com/k82022603/RummiArena/game-server/internal/service/room_service.go:106.50,108.3 1 0
github.com/k82022603/RummiArena/game-server/internal/service/room_service.go:109.2,109.18 1 0
github.com/k82022603/RummiArena/game-server/internal/service/room_service.go:113.68,115.16 2 0
github.com/k82022603/RummiArena/game-server/internal/service/room_service.go:115.16,117.3 1 0
github.com/k82022603/RummiArena/game-server/internal/service/room_service.go:118.2,118.18 1 0
github.com/k82022603/RummiArena/game-server/internal/service/room_service.go:122.63,124.16 2 0
github.com/k82022603/RummiArena/game-server/internal/service/room_service.go:124.16,126.3 1 0
github.com/k82022603/RummiArena/game-server/internal/service/room_service.go:127.2,127.19 1 0
github.com/k82022603/RummiArena/game-server/internal/service/room_service.go:132.61,134.16 2 0
github.com/k82022603/RummiArena/game-server/internal/service/room_service.go:134.16,136.3 1 0
github.com/k82022603/RummiArena/game-server/internal/service/room_service.go:138.2,138.44 1 0
github.com/k82022603/RummiArena/game-server/internal/service/room_service.go:138.44,140.3 1 0
github.com/k82022603/RummiArena/game-server/internal/service/room_service.go:143.2,143.33 1 0
github.com/k82022603/RummiArena/game-server/internal/service/room_service.go:143.33,144.25 1 0
github.com/k82022603/RummiArena/game-server/internal/service/room_service.go:144.25,146.4 1 0
github.com/k82022603/RummiArena/game-server/internal/service/room_service.go:150.2,151.33 2 0
github.com/k82022603/RummiArena/game-server/internal/service/room_service.go:151.33,152.79 1 0
github.com/k82022603/RummiArena/game-server/internal/service/room_service.go:152.79,154.9 2 0
github.com/k82022603/RummiArena/game-server/internal/service/room_service.go:157.2,157.19 1 0
github.com/k82022603/RummiArena/game-server/internal/service/room_service.go:157.19,159.3 1 0
github.com/k82022603/RummiArena/game-server/internal/service/room_service.go:161.2,169.50 3 0
github.com/k82022603/RummiArena/game-server/internal/service/room_service.go:169.50,171.3 1 0
github.com/k82022603/RummiArena/game-server/internal/service/room_service.go:172.2,172.12 1 0
github.com/k82022603/RummiArena/game-server/internal/service/room_service.go:178.82,180.16 2 0
github.com/k82022603/RummiArena/game-server/internal/service/room_service.go:180.16,182.3 1 0
github.com/k82022603/RummiArena/game-server/internal/service/room_service.go:184.2,184.89 1 0
github.com/k82022603/RummiArena/game-server/internal/service/room_service.go:184.89,186.3 1 0
github.com/k82022603/RummiArena/game-server/internal/service/room_service.go:188.2,189.33 2 0
github.com/k82022603/RummiArena/game-server/internal/service/room_service.go:189.33,190.25 1 0
github.com/k82022603/RummiArena/game-server/internal/service/room_service.go:190.25,192.29 2 0
github.com/k82022603/RummiArena/game-server/internal/service/room_service.go:192.29,195.5 1 0
github.com/k82022603/RummiArena/game-server/internal/service/room_service.go:195.10,202.5 1 0
github.com/k82022603/RummiArena/game-server/internal/service/room_service.go:203.4,203.9 1 0
github.com/k82022603/RummiArena/game-server/internal/service/room_service.go:207.2,207.12 1 0
github.com/k82022603/RummiArena/game-server/internal/service/room_service.go:207.12,209.3 1 0
github.com/k82022603/RummiArena/game-server/internal/service/room_service.go:211.2,212.50 2 0
github.com/k82022603/RummiArena/game-server/internal/service/room_service.go:212.50,214.3 1 0
github.com/k82022603/RummiArena/game-server/internal/service/room_service.go:215.2,215.18 1 0
github.com/k82022603/RummiArena/game-server/internal/service/room_service.go:221.91,223.16 2 0
github.com/k82022603/RummiArena/game-server/internal/service/room_service.go:223.16,225.3 1 0
github.com/k82022603/RummiArena/game-server/internal/service/room_service.go:227.2,227.31 1 0
github.com/k82022603/RummiArena/game-server/internal/service/room_service.go:227.31,229.3 1 0
github.com/k82022603/RummiArena/game-server/internal/service/room_service.go:231.2,231.44 1 0
github.com/k82022603/RummiArena/game-server/internal/service/room_service.go:231.44,233.3 1 0
github.com/k82022603/RummiArena/game-server/internal/service/room_service.go:236.2,237.33 2 0
github.com/k82022603/RummiArena/game-server/internal/service/room_service.go:237.33,238.40 1 0
github.com/k82022603/RummiArena/game-server/internal/service/room_service.go:238.40,240.4 1 0
github.com/k82022603/RummiArena/game-server/internal/service/room_service.go:242.2,242.28 1 0
github.com/k82022603/RummiArena/game-server/internal/service/room_service.go:242.28,244.3 1 0
github.com/k82022603/RummiArena/game-server/internal/service/room_service.go:247.2,249.16 3 0
github.com/k82022603/RummiArena/game-server/internal/service/room_service.go:249.16,251.3 1 0
github.com/k82022603/RummiArena/game-server/internal/service/room_service.go:254.2,258.50 4 0
github.com/k82022603/RummiArena/game-server/internal/service/room_service.go:258.50,260.3 1 0
github.com/k82022603/RummiArena/game-server/internal/service/room_service.go:262.2,262.23 1 0
github.com/k82022603/RummiArena/game-server/internal/service/room_service.go:266.67,268.16 2 0
github.com/k82022603/RummiArena/game-server/internal/service/room_service.go:268.16,270.3 1 0
github.com/k82022603/RummiArena/game-server/internal/service/room_service.go:272.2,272.31 1 0
github.com/k82022603/RummiArena/game-server/internal/service/room_service.go:272.31,274.3 1 0
github.com/k82022603/RummiArena/game-server/internal/service/room_service.go:276.2,276.38 1 0
github.com/k82022603/RummiArena/game-server/internal/service/room_service.go:280.32,283.19 3 0
github.com/k82022603/RummiArena/game-server/internal/service/room_service.go:283.19,285.3 1 0
github.com/k82022603/RummiArena/game-server/internal/service/room_service.go:286.2,286.18 1 0
github.com/k82022603/RummiArena/game-server/internal/service/turn_service.go:54.15,59.2 1 1
github.com/k82022603/RummiArena/game-server/internal/service/turn_service.go:62.79,65.36 2 1
github.com/k82022603/RummiArena/game-server/internal/service/turn_service.go:65.36,67.29 2 1
github.com/k82022603/RummiArena/game-server/internal/service/turn_service.go:67.29,69.4 1 1
github.com/k82022603/RummiArena/game-server/internal/service/turn_service.go:70.3,70.57 1 1
github.com/k82022603/RummiArena/game-server/internal/service/turn_service.go:73.2,80.16 3 1
github.com/k82022603/RummiArena/game-server/internal/service/turn_service.go:80.16,82.3 1 1
github.com/k82022603/RummiArena/game-server/internal/service/turn_service.go:83.2,88.8 1 1
github.com/k82022603/RummiArena/game-server/internal/service/turn_service.go:92.84,94.16 2 1
github.com/k82022603/RummiArena/game-server/internal/service/turn_service.go:94.16,96.3 1 1
github.com/k82022603/RummiArena/game-server/internal/service/turn_service.go:97.2,102.8 1 1
github.com/k82022603/RummiArena/game-server/internal/service/turn_service.go:107.89,109.71 1 1
github.com/k82022603/RummiArena/game-server/internal/service/turn_service.go:109.71,111.3 1 0
github.com/k82022603/RummiArena/game-server/internal/service/turn_service.go:113.2,113.39 1 1
github.com/k82022603/RummiArena/game-server/internal/service/turn_service.go:117.66,119.16 2 1
github.com/k82022603/RummiArena/game-server/internal/service/turn_service.go:119.16,121.3 1 1
github.com/k82022603/RummiArena/game-server/internal/service/turn_service.go:122.2,122.31 1 1
github.com/k82022603/RummiArena/game-server/internal/service/turn_service.go:126.75,128.16 2 1
github.com/k82022603/RummiArena/game-server/internal/service/turn_service.go:128.16,130.3 1 1
github.com/k82022603/RummiArena/game-server/internal/service/turn_service.go:131.2,131.33 1 1
github.com/k82022603/RummiArena/game-server/internal/client/ai_client.go:32.81,40.2 1 1
github.com/k82022603/RummiArena/game-server/internal/client/ai_client.go:109.95,111.16 2 1
github.com/k82022603/RummiArena/game-server/internal/client/ai_client.go:111.16,113.3 1 0
github.com/k82022603/RummiArena/game-server/internal/client/ai_client.go:115.2,116.16 2 1
github.com/k82022603/RummiArena/game-server/internal/client/ai_client.go:116.16,118.3 1 0
github.com/k82022603/RummiArena/game-server/internal/client/ai_client.go:120.2,121.19 2 1
github.com/k82022603/RummiArena/game-server/internal/client/ai_client.go:121.19,123.3 1 1
github.com/k82022603/RummiArena/game-server/internal/client/ai_client.go:125.2,126.16 2 1
github.com/k82022603/RummiArena/game-server/internal/client/ai_client.go:126.16,128.3 1 1
github.com/k82022603/RummiArena/game-server/internal/client/ai_client.go:129.2,131.38 2 1
github.com/k82022603/RummiArena/game-server/internal/client/ai_client.go:131.38,133.3 1 1
github.com/k82022603/RummiArena/game-server/internal/client/ai_client.go:135.2,136.69 2 1
github.com/k82022603/RummiArena/game-server/internal/client/ai_client.go:136.69,138.3 1 0
github.com/k82022603/RummiArena/game-server/internal/client/ai_client.go:140.2,140.23 1 1
github.com/k82022603/RummiArena/game-server/internal/client/ai_client.go:144.59,146.16 2 1
github.com/k82022603/RummiArena/game-server/internal/client/ai_client.go:146.16,148.3 1 0
github.com/k82022603/RummiArena/game-server/internal/client/ai_client.go:150.2,151.16 2 1
github.com/k82022603/RummiArena/game-server/internal/client/ai_client.go:151.16,153.3 1 0
github.com/k82022603/RummiArena/game-server/internal/client/ai_client.go:154.2,156.38 2 1
github.com/k82022603/RummiArena/game-server/internal/client/ai_client.go:156.38,158.3 1 1
github.com/k82022603/RummiArena/game-server/internal/client/ai_client.go:160.2,160.12 1 1
