mode: atomic
github.com/k82022603/RummiArena/game-server/internal/engine/errors.go:17.42,19.2 1 4
github.com/k82022603/RummiArena/game-server/internal/engine/errors.go:22.81,24.20 2 46
github.com/k82022603/RummiArena/game-server/internal/engine/errors.go:24.20,26.3 1 21
github.com/k82022603/RummiArena/game-server/internal/engine/errors.go:27.2,27.65 1 46
github.com/k82022603/RummiArena/game-server/internal/engine/group.go:10.41,11.38 1 54
github.com/k82022603/RummiArena/game-server/internal/engine/group.go:11.38,13.3 1 5
github.com/k82022603/RummiArena/game-server/internal/engine/group.go:15.2,18.26 3 49
github.com/k82022603/RummiArena/game-server/internal/engine/group.go:18.26,19.16 1 138
github.com/k82022603/RummiArena/game-server/internal/engine/group.go:19.16,20.12 1 21
github.com/k82022603/RummiArena/game-server/internal/engine/group.go:22.3,22.21 1 117
github.com/k82022603/RummiArena/game-server/internal/engine/group.go:22.21,24.4 1 45
github.com/k82022603/RummiArena/game-server/internal/engine/group.go:24.9,24.35 1 72
github.com/k82022603/RummiArena/game-server/internal/engine/group.go:24.35,26.4 1 13
github.com/k82022603/RummiArena/game-server/internal/engine/group.go:27.3,27.25 1 104
github.com/k82022603/RummiArena/game-server/internal/engine/group.go:27.25,29.4 1 2
github.com/k82022603/RummiArena/game-server/internal/engine/group.go:30.3,30.28 1 102
github.com/k82022603/RummiArena/game-server/internal/engine/group.go:35.2,35.20 1 34
github.com/k82022603/RummiArena/game-server/internal/engine/group.go:35.20,37.3 1 4
github.com/k82022603/RummiArena/game-server/internal/engine/group.go:39.2,39.12 1 30
github.com/k82022603/RummiArena/game-server/internal/engine/group.go:44.36,46.26 2 5
github.com/k82022603/RummiArena/game-server/internal/engine/group.go:46.26,47.17 1 6
github.com/k82022603/RummiArena/game-server/internal/engine/group.go:47.17,49.9 2 5
github.com/k82022603/RummiArena/game-server/internal/engine/group.go:53.2,54.26 2 5
github.com/k82022603/RummiArena/game-server/internal/engine/group.go:54.26,55.16 1 16
github.com/k82022603/RummiArena/game-server/internal/engine/group.go:55.16,57.4 1 3
github.com/k82022603/RummiArena/game-server/internal/engine/group.go:57.9,59.4 1 13
github.com/k82022603/RummiArena/game-server/internal/engine/group.go:61.2,61.12 1 5
github.com/k82022603/RummiArena/game-server/internal/engine/pool.go:17.30,23.2 3 17
github.com/k82022603/RummiArena/game-server/internal/engine/pool.go:27.30,28.44 1 17
github.com/k82022603/RummiArena/game-server/internal/engine/pool.go:28.44,30.3 1 1785
github.com/k82022603/RummiArena/game-server/internal/engine/pool.go:35.44,36.16 1 21
github.com/k82022603/RummiArena/game-server/internal/engine/pool.go:36.16,38.3 1 1
github.com/k82022603/RummiArena/game-server/internal/engine/pool.go:39.2,39.26 1 20
github.com/k82022603/RummiArena/game-server/internal/engine/pool.go:39.26,41.3 1 1
github.com/k82022603/RummiArena/game-server/internal/engine/pool.go:42.2,45.14 4 20
github.com/k82022603/RummiArena/game-server/internal/engine/pool.go:50.45,51.23 1 13
github.com/k82022603/RummiArena/game-server/internal/engine/pool.go:51.23,53.3 1 1
github.com/k82022603/RummiArena/game-server/internal/engine/pool.go:54.2,56.15 3 12
github.com/k82022603/RummiArena/game-server/internal/engine/pool.go:60.36,62.2 1 17
github.com/k82022603/RummiArena/game-server/internal/engine/pool.go:67.73,68.40 1 8
github.com/k82022603/RummiArena/game-server/internal/engine/pool.go:68.40,70.3 1 4
github.com/k82022603/RummiArena/game-server/internal/engine/pool.go:71.2,72.48 2 4
github.com/k82022603/RummiArena/game-server/internal/engine/pool.go:72.48,75.3 1 0
github.com/k82022603/RummiArena/game-server/internal/engine/pool.go:77.2,78.35 2 4
github.com/k82022603/RummiArena/game-server/internal/engine/pool.go:78.35,80.3 1 13
github.com/k82022603/RummiArena/game-server/internal/engine/pool.go:81.2,81.19 1 4
github.com/k82022603/RummiArena/game-server/internal/engine/run.go:14.39,15.20 1 38
github.com/k82022603/RummiArena/game-server/internal/engine/run.go:15.20,17.3 1 3
github.com/k82022603/RummiArena/game-server/internal/engine/run.go:19.2,22.26 3 35
github.com/k82022603/RummiArena/game-server/internal/engine/run.go:22.26,23.16 1 127
github.com/k82022603/RummiArena/game-server/internal/engine/run.go:23.16,24.12 1 17
github.com/k82022603/RummiArena/game-server/internal/engine/run.go:26.3,26.21 1 110
github.com/k82022603/RummiArena/game-server/internal/engine/run.go:26.21,28.4 1 32
github.com/k82022603/RummiArena/game-server/internal/engine/run.go:28.9,28.33 1 78
github.com/k82022603/RummiArena/game-server/internal/engine/run.go:28.33,30.4 1 5
github.com/k82022603/RummiArena/game-server/internal/engine/run.go:31.3,31.54 1 105
github.com/k82022603/RummiArena/game-server/internal/engine/run.go:34.2,34.31 1 30
github.com/k82022603/RummiArena/game-server/internal/engine/run.go:34.31,38.3 1 3
github.com/k82022603/RummiArena/game-server/internal/engine/run.go:40.2,43.44 2 27
github.com/k82022603/RummiArena/game-server/internal/engine/run.go:43.44,44.49 1 72
github.com/k82022603/RummiArena/game-server/internal/engine/run.go:44.49,46.4 1 1
github.com/k82022603/RummiArena/game-server/internal/engine/run.go:49.2,56.23 4 26
github.com/k82022603/RummiArena/game-server/internal/engine/run.go:56.23,58.3 1 3
github.com/k82022603/RummiArena/game-server/internal/engine/run.go:61.2,62.26 2 23
github.com/k82022603/RummiArena/game-server/internal/engine/run.go:62.26,63.16 1 95
github.com/k82022603/RummiArena/game-server/internal/engine/run.go:63.16,65.4 1 7
github.com/k82022603/RummiArena/game-server/internal/engine/run.go:70.2,72.23 3 23
github.com/k82022603/RummiArena/game-server/internal/engine/run.go:72.23,74.3 1 1
github.com/k82022603/RummiArena/game-server/internal/engine/run.go:75.2,76.22 2 23
github.com/k82022603/RummiArena/game-server/internal/engine/run.go:76.22,78.3 1 0
github.com/k82022603/RummiArena/game-server/internal/engine/run.go:80.2,80.12 1 23
github.com/k82022603/RummiArena/game-server/internal/engine/run.go:86.34,88.26 2 5
github.com/k82022603/RummiArena/game-server/internal/engine/run.go:88.26,89.17 1 16
github.com/k82022603/RummiArena/game-server/internal/engine/run.go:89.17,91.4 1 14
github.com/k82022603/RummiArena/game-server/internal/engine/run.go:93.2,97.34 4 5
github.com/k82022603/RummiArena/game-server/internal/engine/run.go:97.34,99.3 1 16
github.com/k82022603/RummiArena/game-server/internal/engine/run.go:100.2,100.12 1 5
github.com/k82022603/RummiArena/game-server/internal/engine/tile.go:31.40,32.36 1 394
github.com/k82022603/RummiArena/game-server/internal/engine/tile.go:32.36,34.3 1 56
github.com/k82022603/RummiArena/game-server/internal/engine/tile.go:36.2,36.19 1 338
github.com/k82022603/RummiArena/game-server/internal/engine/tile.go:36.19,38.3 1 3
github.com/k82022603/RummiArena/game-server/internal/engine/tile.go:40.2,41.15 2 335
github.com/k82022603/RummiArena/game-server/internal/engine/tile.go:42.52,42.52 0 330
github.com/k82022603/RummiArena/game-server/internal/engine/tile.go:43.10,44.74 1 5
github.com/k82022603/RummiArena/game-server/internal/engine/tile.go:47.2,48.30 2 330
github.com/k82022603/RummiArena/game-server/internal/engine/tile.go:48.30,50.3 1 2
github.com/k82022603/RummiArena/game-server/internal/engine/tile.go:52.2,54.39 3 328
github.com/k82022603/RummiArena/game-server/internal/engine/tile.go:54.39,56.3 1 4
github.com/k82022603/RummiArena/game-server/internal/engine/tile.go:58.2,63.8 1 324
github.com/k82022603/RummiArena/game-server/internal/engine/tile.go:68.28,69.15 1 29
github.com/k82022603/RummiArena/game-server/internal/engine/tile.go:69.15,71.3 1 3
github.com/k82022603/RummiArena/game-server/internal/engine/tile.go:72.2,72.17 1 26
github.com/k82022603/RummiArena/game-server/internal/engine/tile.go:76.48,78.26 2 102
github.com/k82022603/RummiArena/game-server/internal/engine/tile.go:78.26,80.17 2 333
github.com/k82022603/RummiArena/game-server/internal/engine/tile.go:80.17,82.4 1 1
github.com/k82022603/RummiArena/game-server/internal/engine/tile.go:83.3,83.27 1 332
github.com/k82022603/RummiArena/game-server/internal/engine/tile.go:85.2,85.19 1 101
github.com/k82022603/RummiArena/game-server/internal/engine/tile.go:89.29,94.27 4 22
github.com/k82022603/RummiArena/game-server/internal/engine/tile.go:94.27,95.32 1 44
github.com/k82022603/RummiArena/game-server/internal/engine/tile.go:95.32,96.29 1 176
github.com/k82022603/RummiArena/game-server/internal/engine/tile.go:96.29,104.5 2 2288
github.com/k82022603/RummiArena/game-server/internal/engine/tile.go:108.2,111.14 3 22
github.com/k82022603/RummiArena/game-server/internal/engine/validator.go:22.52,23.23 1 32
github.com/k82022603/RummiArena/game-server/internal/engine/validator.go:23.23,25.3 1 1
github.com/k82022603/RummiArena/game-server/internal/engine/validator.go:27.2,28.21 2 31
github.com/k82022603/RummiArena/game-server/internal/engine/validator.go:28.21,30.3 1 20
github.com/k82022603/RummiArena/game-server/internal/engine/validator.go:32.2,33.19 2 11
github.com/k82022603/RummiArena/game-server/internal/engine/validator.go:33.19,35.3 1 8
github.com/k82022603/RummiArena/game-server/internal/engine/validator.go:39.2,39.47 1 3
github.com/k82022603/RummiArena/game-server/internal/engine/validator.go:39.47,41.3 1 3
github.com/k82022603/RummiArena/game-server/internal/engine/validator.go:42.2,42.45 1 0
github.com/k82022603/RummiArena/game-server/internal/engine/validator.go:42.45,44.3 1 0
github.com/k82022603/RummiArena/game-server/internal/engine/validator.go:45.2,45.88 1 0
github.com/k82022603/RummiArena/game-server/internal/engine/validator.go:50.43,51.26 1 20
github.com/k82022603/RummiArena/game-server/internal/engine/validator.go:51.26,52.48 1 28
github.com/k82022603/RummiArena/game-server/internal/engine/validator.go:52.48,54.4 1 2
github.com/k82022603/RummiArena/game-server/internal/engine/validator.go:56.2,56.12 1 18
github.com/k82022603/RummiArena/game-server/internal/engine/validator.go:79.56,81.54 1 16
github.com/k82022603/RummiArena/game-server/internal/engine/validator.go:81.54,83.3 1 1
github.com/k82022603/RummiArena/game-server/internal/engine/validator.go:86.2,87.20 2 15
github.com/k82022603/RummiArena/game-server/internal/engine/validator.go:87.20,89.3 1 4
github.com/k82022603/RummiArena/game-server/internal/engine/validator.go:94.2,94.72 1 11
github.com/k82022603/RummiArena/game-server/internal/engine/validator.go:94.72,96.3 1 0
github.com/k82022603/RummiArena/game-server/internal/engine/validator.go:100.2,100.25 1 11
github.com/k82022603/RummiArena/game-server/internal/engine/validator.go:100.25,101.50 1 7
github.com/k82022603/RummiArena/game-server/internal/engine/validator.go:101.50,103.4 1 1
github.com/k82022603/RummiArena/game-server/internal/engine/validator.go:107.2,107.51 1 10
github.com/k82022603/RummiArena/game-server/internal/engine/validator.go:107.51,109.3 1 1
github.com/k82022603/RummiArena/game-server/internal/engine/validator.go:111.2,111.12 1 9
github.com/k82022603/RummiArena/game-server/internal/engine/validator.go:115.56,120.32 3 7
github.com/k82022603/RummiArena/game-server/internal/engine/validator.go:120.32,121.43 1 0
github.com/k82022603/RummiArena/game-server/internal/engine/validator.go:121.43,123.4 1 0
github.com/k82022603/RummiArena/game-server/internal/engine/validator.go:127.2,129.34 3 7
github.com/k82022603/RummiArena/game-server/internal/engine/validator.go:129.34,131.17 2 24
github.com/k82022603/RummiArena/game-server/internal/engine/validator.go:131.17,133.4 1 0
github.com/k82022603/RummiArena/game-server/internal/engine/validator.go:134.3,134.21 1 24
github.com/k82022603/RummiArena/game-server/internal/engine/validator.go:136.2,136.16 1 7
github.com/k82022603/RummiArena/game-server/internal/engine/validator.go:136.16,138.3 1 1
github.com/k82022603/RummiArena/game-server/internal/engine/validator.go:139.2,139.12 1 6
github.com/k82022603/RummiArena/game-server/internal/engine/validator.go:143.58,144.38 1 10
github.com/k82022603/RummiArena/game-server/internal/engine/validator.go:144.38,146.3 1 8
github.com/k82022603/RummiArena/game-server/internal/engine/validator.go:147.2,148.47 2 2
github.com/k82022603/RummiArena/game-server/internal/engine/validator.go:148.47,149.29 1 2
github.com/k82022603/RummiArena/game-server/internal/engine/validator.go:149.29,151.4 1 1
github.com/k82022603/RummiArena/game-server/internal/engine/validator.go:153.2,153.12 1 1
github.com/k82022603/RummiArena/game-server/internal/engine/validator.go:157.43,159.26 2 52
github.com/k82022603/RummiArena/game-server/internal/engine/validator.go:159.26,161.3 1 49
github.com/k82022603/RummiArena/game-server/internal/engine/validator.go:162.2,162.10 1 52
github.com/k82022603/RummiArena/game-server/internal/engine/validator.go:166.55,168.26 2 16
github.com/k82022603/RummiArena/game-server/internal/engine/validator.go:168.26,169.30 1 12
github.com/k82022603/RummiArena/game-server/internal/engine/validator.go:169.30,171.4 1 36
github.com/k82022603/RummiArena/game-server/internal/engine/validator.go:173.2,173.13 1 16
github.com/k82022603/RummiArena/game-server/internal/engine/validator.go:177.63,179.30 2 7
github.com/k82022603/RummiArena/game-server/internal/engine/validator.go:179.30,181.3 1 1
github.com/k82022603/RummiArena/game-server/internal/engine/validator.go:182.2,183.31 2 7
github.com/k82022603/RummiArena/game-server/internal/engine/validator.go:183.31,184.18 1 25
github.com/k82022603/RummiArena/game-server/internal/engine/validator.go:184.18,186.4 1 1
github.com/k82022603/RummiArena/game-server/internal/engine/validator.go:186.9,188.4 1 24
github.com/k82022603/RummiArena/game-server/internal/engine/validator.go:190.2,190.14 1 7
github.com/k82022603/RummiArena/game-server/internal/config/config.go:39.30,76.27 14 0
github.com/k82022603/RummiArena/game-server/internal/config/config.go:76.27,78.3 1 0
github.com/k82022603/RummiArena/game-server/internal/config/config.go:79.2,79.26 1 0
github.com/k82022603/RummiArena/game-server/internal/config/config.go:79.26,81.3 1 0
github.com/k82022603/RummiArena/game-server/internal/config/config.go:83.2,83.17 1 0
github.com/k82022603/RummiArena/game-server/cmd/server/main.go:22.13,25.16 2 0
github.com/k82022603/RummiArena/game-server/cmd/server/main.go:25.16,26.55 1 0
github.com/k82022603/RummiArena/game-server/cmd/server/main.go:28.2,32.16 3 0
github.com/k82022603/RummiArena/game-server/cmd/server/main.go:32.16,34.3 1 0
github.com/k82022603/RummiArena/game-server/cmd/server/main.go:37.2,38.16 2 0
github.com/k82022603/RummiArena/game-server/cmd/server/main.go:38.16,40.3 1 0
github.com/k82022603/RummiArena/game-server/cmd/server/main.go:40.8,42.55 1 0
github.com/k82022603/RummiArena/game-server/cmd/server/main.go:42.55,44.4 1 0
github.com/k82022603/RummiArena/game-server/cmd/server/main.go:48.2,53.41 3 0
github.com/k82022603/RummiArena/game-server/cmd/server/main.go:53.41,56.3 2 0
github.com/k82022603/RummiArena/game-server/cmd/server/main.go:56.8,59.3 2 0
github.com/k82022603/RummiArena/game-server/cmd/server/main.go:62.2,86.45 13 0
github.com/k82022603/RummiArena/game-server/cmd/server/main.go:86.45,92.3 1 0
github.com/k82022603/RummiArena/game-server/cmd/server/main.go:93.2,93.44 1 0
github.com/k82022603/RummiArena/game-server/cmd/server/main.go:93.44,95.3 1 0
github.com/k82022603/RummiArena/game-server/cmd/server/main.go:98.2,106.2 5 0
github.com/k82022603/RummiArena/game-server/cmd/server/main.go:106.2,114.3 7 0
github.com/k82022603/RummiArena/game-server/cmd/server/main.go:117.2,119.2 3 0
github.com/k82022603/RummiArena/game-server/cmd/server/main.go:119.2,125.3 5 0
github.com/k82022603/RummiArena/game-server/cmd/server/main.go:128.2,140.12 4 0
github.com/k82022603/RummiArena/game-server/cmd/server/main.go:140.12,142.77 2 0
github.com/k82022603/RummiArena/game-server/cmd/server/main.go:142.77,144.4 1 0
github.com/k82022603/RummiArena/game-server/cmd/server/main.go:147.2,153.50 5 0
github.com/k82022603/RummiArena/game-server/cmd/server/main.go:153.50,155.3 1 0
github.com/k82022603/RummiArena/game-server/cmd/server/main.go:158.2,158.24 1 0
github.com/k82022603/RummiArena/game-server/cmd/server/main.go:158.24,159.45 1 0
github.com/k82022603/RummiArena/game-server/cmd/server/main.go:159.45,161.4 1 0
github.com/k82022603/RummiArena/game-server/cmd/server/main.go:164.2,164.15 1 0
github.com/k82022603/RummiArena/game-server/cmd/server/main.go:164.15,165.40 1 0
github.com/k82022603/RummiArena/game-server/cmd/server/main.go:165.40,166.40 1 0
github.com/k82022603/RummiArena/game-server/cmd/server/main.go:166.40,168.5 1 0
github.com/k82022603/RummiArena/game-server/cmd/server/main.go:172.2,172.31 1 0
github.com/k82022603/RummiArena/game-server/internal/infra/database.go:20.79,36.16 4 0
github.com/k82022603/RummiArena/game-server/internal/infra/database.go:36.16,38.3 1 0
github.com/k82022603/RummiArena/game-server/internal/infra/database.go:41.2,42.16 2 0
github.com/k82022603/RummiArena/game-server/internal/infra/database.go:42.16,44.3 1 0
github.com/k82022603/RummiArena/game-server/internal/infra/database.go:45.2,51.37 5 0
github.com/k82022603/RummiArena/game-server/internal/infra/database.go:51.37,53.3 1 0
github.com/k82022603/RummiArena/game-server/internal/infra/database.go:55.2,60.16 2 0
github.com/k82022603/RummiArena/game-server/internal/infra/database.go:66.57,78.50 2 0
github.com/k82022603/RummiArena/game-server/internal/infra/database.go:78.50,80.3 1 0
github.com/k82022603/RummiArena/game-server/internal/infra/database.go:82.2,83.12 2 0
github.com/k82022603/RummiArena/game-server/internal/infra/redis.go:17.88,37.47 6 0
github.com/k82022603/RummiArena/game-server/internal/infra/redis.go:37.47,45.3 3 0
github.com/k82022603/RummiArena/game-server/internal/infra/redis.go:47.2,51.20 2 0
github.com/k82022603/RummiArena/game-server/internal/infra/redis.go:55.50,56.19 1 0
github.com/k82022603/RummiArena/game-server/internal/infra/redis.go:56.19,58.3 1 0
github.com/k82022603/RummiArena/game-server/internal/infra/redis.go:59.2,61.38 3 0
github.com/k82022603/RummiArena/game-server/internal/repository/game_state_adapter.go:26.64,30.2 1 0
github.com/k82022603/RummiArena/game-server/internal/repository/game_state_adapter.go:32.87,34.2 1 0
github.com/k82022603/RummiArena/game-server/internal/repository/game_state_adapter.go:36.97,38.2 1 0
github.com/k82022603/RummiArena/game-server/internal/repository/game_state_adapter.go:40.75,42.2 1 0
github.com/k82022603/RummiArena/game-server/internal/repository/game_state_adapter.go:59.82,61.2 1 0
github.com/k82022603/RummiArena/game-server/internal/repository/game_state_adapter.go:63.85,66.2 2 0
github.com/k82022603/RummiArena/game-server/internal/repository/game_state_adapter.go:68.95,71.16 3 0
github.com/k82022603/RummiArena/game-server/internal/repository/game_state_adapter.go:71.16,73.3 1 0
github.com/k82022603/RummiArena/game-server/internal/repository/game_state_adapter.go:74.2,74.20 1 0
github.com/k82022603/RummiArena/game-server/internal/repository/game_state_adapter.go:77.73,80.2 2 0
github.com/k82022603/RummiArena/game-server/internal/repository/memory_repo.go:28.47,33.2 1 0
github.com/k82022603/RummiArena/game-server/internal/repository/memory_repo.go:35.64,40.42 3 0
github.com/k82022603/RummiArena/game-server/internal/repository/memory_repo.go:40.42,41.41 1 0
github.com/k82022603/RummiArena/game-server/internal/repository/memory_repo.go:41.41,43.4 1 0
github.com/k82022603/RummiArena/game-server/internal/repository/memory_repo.go:47.2,54.12 7 0
github.com/k82022603/RummiArena/game-server/internal/repository/memory_repo.go:57.71,62.9 4 0
github.com/k82022603/RummiArena/game-server/internal/repository/memory_repo.go:62.9,64.3 1 0
github.com/k82022603/RummiArena/game-server/internal/repository/memory_repo.go:66.2,70.21 5 0
github.com/k82022603/RummiArena/game-server/internal/repository/memory_repo.go:73.79,77.9 4 0
github.com/k82022603/RummiArena/game-server/internal/repository/memory_repo.go:77.9,79.3 1 0
github.com/k82022603/RummiArena/game-server/internal/repository/memory_repo.go:80.2,80.22 1 0
github.com/k82022603/RummiArena/game-server/internal/repository/memory_repo.go:83.66,88.31 4 0
github.com/k82022603/RummiArena/game-server/internal/repository/memory_repo.go:88.31,90.87 1 0
github.com/k82022603/RummiArena/game-server/internal/repository/memory_repo.go:90.87,96.4 5 0
github.com/k82022603/RummiArena/game-server/internal/repository/memory_repo.go:98.2,98.20 1 0
github.com/k82022603/RummiArena/game-server/internal/repository/memory_repo.go:101.54,106.9 4 0
github.com/k82022603/RummiArena/game-server/internal/repository/memory_repo.go:106.9,108.3 1 0
github.com/k82022603/RummiArena/game-server/internal/repository/memory_repo.go:109.2,111.12 3 0
github.com/k82022603/RummiArena/game-server/internal/repository/memory_repo.go:128.57,132.2 1 0
github.com/k82022603/RummiArena/game-server/internal/repository/memory_repo.go:134.80,145.32 8 0
github.com/k82022603/RummiArena/game-server/internal/repository/memory_repo.go:145.32,151.3 5 0
github.com/k82022603/RummiArena/game-server/internal/repository/memory_repo.go:152.2,155.34 3 0
github.com/k82022603/RummiArena/game-server/internal/repository/memory_repo.go:155.34,161.3 5 0
github.com/k82022603/RummiArena/game-server/internal/repository/memory_repo.go:162.2,165.12 3 0
github.com/k82022603/RummiArena/game-server/internal/repository/memory_repo.go:168.90,173.9 4 0
github.com/k82022603/RummiArena/game-server/internal/repository/memory_repo.go:173.9,175.3 1 0
github.com/k82022603/RummiArena/game-server/internal/repository/memory_repo.go:177.2,183.32 6 0
github.com/k82022603/RummiArena/game-server/internal/repository/memory_repo.go:183.32,189.3 5 0
github.com/k82022603/RummiArena/game-server/internal/repository/memory_repo.go:190.2,193.34 3 0
github.com/k82022603/RummiArena/game-server/internal/repository/memory_repo.go:193.34,199.3 5 0
github.com/k82022603/RummiArena/game-server/internal/repository/memory_repo.go:200.2,202.21 2 0
github.com/k82022603/RummiArena/game-server/internal/repository/memory_repo.go:205.68,209.36 3 0
github.com/k82022603/RummiArena/game-server/internal/repository/memory_repo.go:209.36,211.3 1 0
github.com/k82022603/RummiArena/game-server/internal/repository/memory_repo.go:212.2,213.12 2 0
github.com/k82022603/RummiArena/game-server/internal/repository/postgres_repo.go:47.54,49.2 1 0
github.com/k82022603/RummiArena/game-server/internal/repository/postgres_repo.go:51.84,52.65 1 0
github.com/k82022603/RummiArena/game-server/internal/repository/postgres_repo.go:52.65,54.3 1 0
github.com/k82022603/RummiArena/game-server/internal/repository/postgres_repo.go:55.2,55.12 1 0
github.com/k82022603/RummiArena/game-server/internal/repository/postgres_repo.go:58.89,60.80 2 0
github.com/k82022603/RummiArena/game-server/internal/repository/postgres_repo.go:60.80,62.3 1 0
github.com/k82022603/RummiArena/game-server/internal/repository/postgres_repo.go:63.2,63.19 1 0
github.com/k82022603/RummiArena/game-server/internal/repository/postgres_repo.go:66.84,67.63 1 0
github.com/k82022603/RummiArena/game-server/internal/repository/postgres_repo.go:67.63,69.3 1 0
github.com/k82022603/RummiArena/game-server/internal/repository/postgres_repo.go:70.2,70.12 1 0
github.com/k82022603/RummiArena/game-server/internal/repository/postgres_repo.go:73.84,74.65 1 0
github.com/k82022603/RummiArena/game-server/internal/repository/postgres_repo.go:74.65,76.3 1 0
github.com/k82022603/RummiArena/game-server/internal/repository/postgres_repo.go:77.2,77.12 1 0
github.com/k82022603/RummiArena/game-server/internal/repository/postgres_repo.go:80.89,82.80 2 0
github.com/k82022603/RummiArena/game-server/internal/repository/postgres_repo.go:82.80,84.3 1 0
github.com/k82022603/RummiArena/game-server/internal/repository/postgres_repo.go:85.2,85.19 1 0
github.com/k82022603/RummiArena/game-server/internal/repository/postgres_repo.go:88.84,89.63 1 0
github.com/k82022603/RummiArena/game-server/internal/repository/postgres_repo.go:89.63,91.3 1 0
github.com/k82022603/RummiArena/game-server/internal/repository/postgres_repo.go:92.2,92.12 1 0
github.com/k82022603/RummiArena/game-server/internal/repository/postgres_repo.go:95.82,97.65 2 0
github.com/k82022603/RummiArena/game-server/internal/repository/postgres_repo.go:97.65,99.3 1 0
github.com/k82022603/RummiArena/game-server/internal/repository/postgres_repo.go:100.2,100.19 1 0
github.com/k82022603/RummiArena/game-server/internal/repository/postgres_repo.go:109.54,111.2 1 0
github.com/k82022603/RummiArena/game-server/internal/repository/postgres_repo.go:113.84,114.65 1 0
github.com/k82022603/RummiArena/game-server/internal/repository/postgres_repo.go:114.65,116.3 1 0
github.com/k82022603/RummiArena/game-server/internal/repository/postgres_repo.go:117.2,117.12 1 0
github.com/k82022603/RummiArena/game-server/internal/repository/postgres_repo.go:120.93,122.80 2 0
github.com/k82022603/RummiArena/game-server/internal/repository/postgres_repo.go:122.80,124.3 1 0
github.com/k82022603/RummiArena/game-server/internal/repository/postgres_repo.go:125.2,125.19 1 0
github.com/k82022603/RummiArena/game-server/internal/repository/postgres_repo.go:128.105,130.98 2 0
github.com/k82022603/RummiArena/game-server/internal/repository/postgres_repo.go:130.98,132.3 1 0
github.com/k82022603/RummiArena/game-server/internal/repository/postgres_repo.go:133.2,133.19 1 0
github.com/k82022603/RummiArena/game-server/internal/repository/postgres_repo.go:136.84,137.63 1 0
github.com/k82022603/RummiArena/game-server/internal/repository/postgres_repo.go:137.63,139.3 1 0
github.com/k82022603/RummiArena/game-server/internal/repository/postgres_repo.go:140.2,140.12 1 0
github.com/k82022603/RummiArena/game-server/internal/repository/postgres_repo.go:149.66,151.2 1 0
github.com/k82022603/RummiArena/game-server/internal/repository/postgres_repo.go:153.100,154.63 1 0
github.com/k82022603/RummiArena/game-server/internal/repository/postgres_repo.go:154.63,156.3 1 0
github.com/k82022603/RummiArena/game-server/internal/repository/postgres_repo.go:157.2,157.12 1 0
github.com/k82022603/RummiArena/game-server/internal/repository/postgres_repo.go:160.114,162.96 2 0
github.com/k82022603/RummiArena/game-server/internal/repository/postgres_repo.go:162.96,164.3 1 0
github.com/k82022603/RummiArena/game-server/internal/repository/postgres_repo.go:165.2,165.21 1 0
github.com/k82022603/RummiArena/game-server/internal/repository/postgres_repo.go:168.100,169.61 1 0
github.com/k82022603/RummiArena/game-server/internal/repository/postgres_repo.go:169.61,171.3 1 0
github.com/k82022603/RummiArena/game-server/internal/repository/postgres_repo.go:172.2,172.12 1 0
github.com/k82022603/RummiArena/game-server/internal/repository/redis_repo.go:28.70,30.2 1 0
github.com/k82022603/RummiArena/game-server/internal/repository/redis_repo.go:32.41,34.2 1 0
github.com/k82022603/RummiArena/game-server/internal/repository/redis_repo.go:36.100,38.16 2 0
github.com/k82022603/RummiArena/game-server/internal/repository/redis_repo.go:38.16,40.3 1 0
github.com/k82022603/RummiArena/game-server/internal/repository/redis_repo.go:41.2,41.96 1 0
github.com/k82022603/RummiArena/game-server/internal/repository/redis_repo.go:41.96,43.3 1 0
github.com/k82022603/RummiArena/game-server/internal/repository/redis_repo.go:44.2,44.12 1 0
github.com/k82022603/RummiArena/game-server/internal/repository/redis_repo.go:47.110,49.16 2 0
github.com/k82022603/RummiArena/game-server/internal/repository/redis_repo.go:49.16,50.23 1 0
github.com/k82022603/RummiArena/game-server/internal/repository/redis_repo.go:50.23,52.4 1 0
github.com/k82022603/RummiArena/game-server/internal/repository/redis_repo.go:53.3,53.64 1 0
github.com/k82022603/RummiArena/game-server/internal/repository/redis_repo.go:56.2,57.53 2 0
github.com/k82022603/RummiArena/game-server/internal/repository/redis_repo.go:57.53,59.3 1 0
github.com/k82022603/RummiArena/game-server/internal/repository/redis_repo.go:60.2,60.20 1 0
github.com/k82022603/RummiArena/game-server/internal/repository/redis_repo.go:63.88,64.70 1 0
github.com/k82022603/RummiArena/game-server/internal/repository/redis_repo.go:64.70,66.3 1 0
github.com/k82022603/RummiArena/game-server/internal/repository/redis_repo.go:67.2,67.12 1 0
github.com/k82022603/RummiArena/game-server/internal/middleware/auth.go:22.45,23.30 1 0
github.com/k82022603/RummiArena/game-server/internal/middleware/auth.go:23.30,25.23 2 0
github.com/k82022603/RummiArena/game-server/internal/middleware/auth.go:25.23,30.4 2 0
github.com/k82022603/RummiArena/game-server/internal/middleware/auth.go:32.3,33.63 2 0
github.com/k82022603/RummiArena/game-server/internal/middleware/auth.go:33.63,38.4 2 0
github.com/k82022603/RummiArena/game-server/internal/middleware/auth.go:40.3,43.87 3 0
github.com/k82022603/RummiArena/game-server/internal/middleware/auth.go:43.87,44.55 1 0
github.com/k82022603/RummiArena/game-server/internal/middleware/auth.go:44.55,46.5 1 0
github.com/k82022603/RummiArena/game-server/internal/middleware/auth.go:47.4,47.30 1 0
github.com/k82022603/RummiArena/game-server/internal/middleware/auth.go:50.3,50.33 1 0
github.com/k82022603/RummiArena/game-server/internal/middleware/auth.go:50.33,55.4 2 0
github.com/k82022603/RummiArena/game-server/internal/middleware/auth.go:57.3,58.11 2 0
github.com/k82022603/RummiArena/game-server/internal/middleware/auth.go:63.55,65.13 2 0
github.com/k82022603/RummiArena/game-server/internal/middleware/auth.go:65.13,67.3 1 0
github.com/k82022603/RummiArena/game-server/internal/middleware/auth.go:68.2,69.15 2 0
github.com/k82022603/RummiArena/game-server/internal/middleware/logger.go:11.52,12.30 1 0
github.com/k82022603/RummiArena/game-server/internal/middleware/logger.go:12.30,32.24 8 0
github.com/k82022603/RummiArena/game-server/internal/middleware/logger.go:32.24,34.4 1 0
github.com/k82022603/RummiArena/game-server/internal/middleware/logger.go:36.3,36.10 1 0
github.com/k82022603/RummiArena/game-server/internal/middleware/logger.go:37.22,38.38 1 0
github.com/k82022603/RummiArena/game-server/internal/middleware/logger.go:39.22,40.37 1 0
github.com/k82022603/RummiArena/game-server/internal/middleware/logger.go:41.11,42.37 1 0
github.com/k82022603/RummiArena/game-server/internal/service/errors.go:13.39,15.2 1 3
github.com/k82022603/RummiArena/game-server/internal/service/errors.go:18.54,19.16 1 24
github.com/k82022603/RummiArena/game-server/internal/service/errors.go:19.16,21.3 1 1
github.com/k82022603/RummiArena/game-server/internal/service/errors.go:22.2,23.15 2 23
github.com/k82022603/RummiArena/game-server/internal/service/game_service.go:100.34,104.16 3 0
github.com/k82022603/RummiArena/game-server/internal/service/game_service.go:104.16,106.3 1 0
github.com/k82022603/RummiArena/game-server/internal/service/game_service.go:109.2,112.33 3 0
github.com/k82022603/RummiArena/game-server/internal/service/game_service.go:112.33,114.17 2 0
github.com/k82022603/RummiArena/game-server/internal/service/game_service.go:114.17,115.9 1 0
github.com/k82022603/RummiArena/game-server/internal/service/game_service.go:117.3,117.38 1 0
github.com/k82022603/RummiArena/game-server/internal/service/game_service.go:121.2,122.28 2 0
github.com/k82022603/RummiArena/game-server/internal/service/game_service.go:122.28,124.30 2 0
github.com/k82022603/RummiArena/game-server/internal/service/game_service.go:124.30,126.4 1 0
github.com/k82022603/RummiArena/game-server/internal/service/game_service.go:127.3,133.4 1 0
github.com/k82022603/RummiArena/game-server/internal/service/game_service.go:136.2,146.56 2 0
github.com/k82022603/RummiArena/game-server/internal/service/game_service.go:146.56,148.3 1 0
github.com/k82022603/RummiArena/game-server/internal/service/game_service.go:149.2,149.19 1 0
github.com/k82022603/RummiArena/game-server/internal/service/game_service.go:153.80,158.2 1 49
github.com/k82022603/RummiArena/game-server/internal/service/game_service.go:162.95,164.16 2 2
github.com/k82022603/RummiArena/game-server/internal/service/game_service.go:164.16,166.3 1 1
github.com/k82022603/RummiArena/game-server/internal/service/game_service.go:169.2,170.34 2 1
github.com/k82022603/RummiArena/game-server/internal/service/game_service.go:170.34,172.31 2 0
github.com/k82022603/RummiArena/game-server/internal/service/game_service.go:172.31,174.4 1 0
github.com/k82022603/RummiArena/game-server/internal/service/game_service.go:175.3,175.53 1 0
github.com/k82022603/RummiArena/game-server/internal/service/game_service.go:179.2,181.34 3 1
github.com/k82022603/RummiArena/game-server/internal/service/game_service.go:181.34,189.36 2 2
github.com/k82022603/RummiArena/game-server/internal/service/game_service.go:189.36,193.4 3 1
github.com/k82022603/RummiArena/game-server/internal/service/game_service.go:196.2,205.8 1 1
github.com/k82022603/RummiArena/game-server/internal/service/game_service.go:210.95,212.16 2 27
github.com/k82022603/RummiArena/game-server/internal/service/game_service.go:212.16,214.3 1 1
github.com/k82022603/RummiArena/game-server/internal/service/game_service.go:216.2,216.35 1 26
github.com/k82022603/RummiArena/game-server/internal/service/game_service.go:216.35,218.3 1 2
github.com/k82022603/RummiArena/game-server/internal/service/game_service.go:221.2,222.19 2 24
github.com/k82022603/RummiArena/game-server/internal/service/game_service.go:222.19,224.3 1 0
github.com/k82022603/RummiArena/game-server/internal/service/game_service.go:227.2,228.48 2 24
github.com/k82022603/RummiArena/game-server/internal/service/game_service.go:228.48,237.3 4 24
github.com/k82022603/RummiArena/game-server/internal/service/game_service.go:240.2,241.16 2 24
github.com/k82022603/RummiArena/game-server/internal/service/game_service.go:241.16,243.3 1 1
github.com/k82022603/RummiArena/game-server/internal/service/game_service.go:244.2,249.56 3 23
github.com/k82022603/RummiArena/game-server/internal/service/game_service.go:249.56,251.3 1 0
github.com/k82022603/RummiArena/game-server/internal/service/game_service.go:253.2,253.93 1 23
github.com/k82022603/RummiArena/game-server/internal/service/game_service.go:258.98,260.16 2 20
github.com/k82022603/RummiArena/game-server/internal/service/game_service.go:260.16,262.3 1 0
github.com/k82022603/RummiArena/game-server/internal/service/game_service.go:264.2,264.35 1 20
github.com/k82022603/RummiArena/game-server/internal/service/game_service.go:264.35,266.3 1 1
github.com/k82022603/RummiArena/game-server/internal/service/game_service.go:268.2,269.19 2 19
github.com/k82022603/RummiArena/game-server/internal/service/game_service.go:269.19,271.3 1 1
github.com/k82022603/RummiArena/game-server/internal/service/game_service.go:274.2,280.13 5 18
github.com/k82022603/RummiArena/game-server/internal/service/game_service.go:280.13,283.3 2 17
github.com/k82022603/RummiArena/game-server/internal/service/game_service.go:283.8,287.3 3 1
github.com/k82022603/RummiArena/game-server/internal/service/game_service.go:290.2,294.32 3 18
github.com/k82022603/RummiArena/game-server/internal/service/game_service.go:294.32,296.17 2 10
github.com/k82022603/RummiArena/game-server/internal/service/game_service.go:296.17,298.4 1 0
github.com/k82022603/RummiArena/game-server/internal/service/game_service.go:302.2,314.64 4 18
github.com/k82022603/RummiArena/game-server/internal/service/game_service.go:314.64,316.50 2 7
github.com/k82022603/RummiArena/game-server/internal/service/game_service.go:316.50,318.4 1 7
github.com/k82022603/RummiArena/game-server/internal/service/game_service.go:319.3,324.69 1 7
github.com/k82022603/RummiArena/game-server/internal/service/game_service.go:328.2,332.76 3 11
github.com/k82022603/RummiArena/game-server/internal/service/game_service.go:332.76,334.3 1 6
github.com/k82022603/RummiArena/game-server/internal/service/game_service.go:337.2,340.25 2 11
github.com/k82022603/RummiArena/game-server/internal/service/game_service.go:340.25,342.57 2 1
github.com/k82022603/RummiArena/game-server/internal/service/game_service.go:342.57,344.4 1 0
github.com/k82022603/RummiArena/game-server/internal/service/game_service.go:345.3,351.9 1 1
github.com/k82022603/RummiArena/game-server/internal/service/game_service.go:355.2,359.56 4 10
github.com/k82022603/RummiArena/game-server/internal/service/game_service.go:359.56,361.3 1 0
github.com/k82022603/RummiArena/game-server/internal/service/game_service.go:363.2,363.84 1 10
github.com/k82022603/RummiArena/game-server/internal/service/game_service.go:367.84,369.16 2 13
github.com/k82022603/RummiArena/game-server/internal/service/game_service.go:369.16,371.3 1 1
github.com/k82022603/RummiArena/game-server/internal/service/game_service.go:373.2,373.31 1 12
github.com/k82022603/RummiArena/game-server/internal/service/game_service.go:373.31,375.3 1 1
github.com/k82022603/RummiArena/game-server/internal/service/game_service.go:377.2,378.19 2 11
github.com/k82022603/RummiArena/game-server/internal/service/game_service.go:378.19,380.3 1 1
github.com/k82022603/RummiArena/game-server/internal/service/game_service.go:382.2,382.30 1 10
github.com/k82022603/RummiArena/game-server/internal/service/game_service.go:382.30,385.57 2 2
github.com/k82022603/RummiArena/game-server/internal/service/game_service.go:385.57,387.4 1 0
github.com/k82022603/RummiArena/game-server/internal/service/game_service.go:388.3,394.9 1 2
github.com/k82022603/RummiArena/game-server/internal/service/game_service.go:398.2,410.56 8 8
github.com/k82022603/RummiArena/game-server/internal/service/game_service.go:410.56,412.3 1 0
github.com/k82022603/RummiArena/game-server/internal/service/game_service.go:414.2,414.84 1 8
github.com/k82022603/RummiArena/game-server/internal/service/game_service.go:418.85,420.16 2 8
github.com/k82022603/RummiArena/game-server/internal/service/game_service.go:420.16,422.3 1 1
github.com/k82022603/RummiArena/game-server/internal/service/game_service.go:424.2,424.31 1 7
github.com/k82022603/RummiArena/game-server/internal/service/game_service.go:424.31,426.3 1 2
github.com/k82022603/RummiArena/game-server/internal/service/game_service.go:428.2,429.19 2 5
github.com/k82022603/RummiArena/game-server/internal/service/game_service.go:429.19,431.3 1 0
github.com/k82022603/RummiArena/game-server/internal/service/game_service.go:433.2,435.13 3 5
github.com/k82022603/RummiArena/game-server/internal/service/game_service.go:435.13,438.3 1 2
github.com/k82022603/RummiArena/game-server/internal/service/game_service.go:441.2,445.56 4 3
github.com/k82022603/RummiArena/game-server/internal/service/game_service.go:445.56,447.3 1 0
github.com/k82022603/RummiArena/game-server/internal/service/game_service.go:449.2,449.80 1 3
github.com/k82022603/RummiArena/game-server/internal/service/game_service.go:455.66,456.28 1 59
github.com/k82022603/RummiArena/game-server/internal/service/game_service.go:456.28,457.26 1 64
github.com/k82022603/RummiArena/game-server/internal/service/game_service.go:457.26,459.4 1 57
github.com/k82022603/RummiArena/game-server/internal/service/game_service.go:461.2,461.11 1 2
github.com/k82022603/RummiArena/game-server/internal/service/game_service.go:466.51,468.12 2 18
github.com/k82022603/RummiArena/game-server/internal/service/game_service.go:468.12,470.3 1 0
github.com/k82022603/RummiArena/game-server/internal/service/game_service.go:472.2,473.34 2 18
github.com/k82022603/RummiArena/game-server/internal/service/game_service.go:473.34,474.39 1 22
github.com/k82022603/RummiArena/game-server/internal/service/game_service.go:474.39,476.9 2 18
github.com/k82022603/RummiArena/game-server/internal/service/game_service.go:479.2,479.20 1 18
github.com/k82022603/RummiArena/game-server/internal/service/game_service.go:479.20,481.3 1 0
github.com/k82022603/RummiArena/game-server/internal/service/game_service.go:482.2,483.41 2 18
github.com/k82022603/RummiArena/game-server/internal/service/game_service.go:488.75,490.25 2 34
github.com/k82022603/RummiArena/game-server/internal/service/game_service.go:490.25,492.3 1 149
github.com/k82022603/RummiArena/game-server/internal/service/game_service.go:493.2,493.26 1 34
github.com/k82022603/RummiArena/game-server/internal/service/game_service.go:493.26,494.19 1 119
github.com/k82022603/RummiArena/game-server/internal/service/game_service.go:494.19,496.4 1 1
github.com/k82022603/RummiArena/game-server/internal/service/game_service.go:497.3,497.12 1 118
github.com/k82022603/RummiArena/game-server/internal/service/game_service.go:499.2,500.25 2 33
github.com/k82022603/RummiArena/game-server/internal/service/game_service.go:500.25,501.18 1 147
github.com/k82022603/RummiArena/game-server/internal/service/game_service.go:501.18,504.4 2 31
github.com/k82022603/RummiArena/game-server/internal/service/game_service.go:506.2,506.20 1 33
github.com/k82022603/RummiArena/game-server/internal/service/game_service.go:510.74,512.31 2 41
github.com/k82022603/RummiArena/game-server/internal/service/game_service.go:512.31,514.32 2 54
github.com/k82022603/RummiArena/game-server/internal/service/game_service.go:514.32,516.4 1 170
github.com/k82022603/RummiArena/game-server/internal/service/game_service.go:517.3,520.5 1 54
github.com/k82022603/RummiArena/game-server/internal/service/game_service.go:522.2,522.13 1 41
github.com/k82022603/RummiArena/game-server/internal/service/game_service.go:526.72,528.25 2 36
github.com/k82022603/RummiArena/game-server/internal/service/game_service.go:528.25,530.29 2 30
github.com/k82022603/RummiArena/game-server/internal/service/game_service.go:530.29,532.18 2 95
github.com/k82022603/RummiArena/game-server/internal/service/game_service.go:532.18,535.13 2 0
github.com/k82022603/RummiArena/game-server/internal/service/game_service.go:537.4,537.33 1 95
github.com/k82022603/RummiArena/game-server/internal/service/game_service.go:539.3,542.5 1 30
github.com/k82022603/RummiArena/game-server/internal/service/game_service.go:544.2,544.15 1 36
github.com/k82022603/RummiArena/game-server/internal/service/game_service.go:548.64,549.18 1 25
github.com/k82022603/RummiArena/game-server/internal/service/game_service.go:549.18,551.3 1 0
github.com/k82022603/RummiArena/game-server/internal/service/game_service.go:552.2,553.26 2 25
github.com/k82022603/RummiArena/game-server/internal/service/game_service.go:553.26,559.3 5 7
github.com/k82022603/RummiArena/game-server/internal/service/game_service.go:560.2,560.15 1 25
github.com/k82022603/RummiArena/game-server/internal/service/game_service.go:564.50,566.2 1 55
github.com/k82022603/RummiArena/game-server/internal/service/room_service.go:46.15,53.2 2 0
github.com/k82022603/RummiArena/game-server/internal/service/room_service.go:57.84,58.48 1 0
github.com/k82022603/RummiArena/game-server/internal/service/room_service.go:58.48,60.3 1 0
github.com/k82022603/RummiArena/game-server/internal/service/room_service.go:61.2,61.57 1 0
github.com/k82022603/RummiArena/game-server/internal/service/room_service.go:61.57,63.3 1 0
github.com/k82022603/RummiArena/game-server/internal/service/room_service.go:64.2,64.26 1 0
github.com/k82022603/RummiArena/game-server/internal/service/room_service.go:64.26,66.3 1 0
github.com/k82022603/RummiArena/game-server/internal/service/room_service.go:68.2,69.16 2 0
github.com/k82022603/RummiArena/game-server/internal/service/room_service.go:69.16,71.3 1 0
github.com/k82022603/RummiArena/game-server/internal/service/room_service.go:73.2,84.39 5 0
github.com/k82022603/RummiArena/game-server/internal/service/room_service.go:84.39,90.3 1 0
github.com/k82022603/RummiArena/game-server/internal/service/room_service.go:92.2,106.50 3 0
github.com/k82022603/RummiArena/game-server/internal/service/room_service.go:106.50,108.3 1 0
github.com/k82022603/RummiArena/game-server/internal/service/room_service.go:109.2,109.18 1 0
github.com/k82022603/RummiArena/game-server/internal/service/room_service.go:113.68,115.16 2 0
github.com/k82022603/RummiArena/game-server/internal/service/room_service.go:115.16,117.3 1 0
github.com/k82022603/RummiArena/game-server/internal/service/room_service.go:118.2,118.18 1 0
github.com/k82022603/RummiArena/game-server/internal/service/room_service.go:122.63,124.16 2 0
github.com/k82022603/RummiArena/game-server/internal/service/room_service.go:124.16,126.3 1 0
github.com/k82022603/RummiArena/game-server/internal/service/room_service.go:127.2,127.19 1 0
github.com/k82022603/RummiArena/game-server/internal/service/room_service.go:132.61,134.16 2 0
github.com/k82022603/RummiArena/game-server/internal/service/room_service.go:134.16,136.3 1 0
github.com/k82022603/RummiArena/game-server/internal/service/room_service.go:138.2,138.44 1 0
github.com/k82022603/RummiArena/game-server/internal/service/room_service.go:138.44,140.3 1 0
github.com/k82022603/RummiArena/game-server/internal/service/room_service.go:143.2,143.33 1 0
github.com/k82022603/RummiArena/game-server/internal/service/room_service.go:143.33,144.25 1 0
github.com/k82022603/RummiArena/game-server/internal/service/room_service.go:144.25,146.4 1 0
github.com/k82022603/RummiArena/game-server/internal/service/room_service.go:150.2,151.33 2 0
github.com/k82022603/RummiArena/game-server/internal/service/room_service.go:151.33,152.79 1 0
github.com/k82022603/RummiArena/game-server/internal/service/room_service.go:152.79,154.9 2 0
github.com/k82022603/RummiArena/game-server/internal/service/room_service.go:157.2,157.19 1 0
github.com/k82022603/RummiArena/game-server/internal/service/room_service.go:157.19,159.3 1 0
github.com/k82022603/RummiArena/game-server/internal/service/room_service.go:161.2,169.50 3 0
github.com/k82022603/RummiArena/game-server/internal/service/room_service.go:169.50,171.3 1 0
github.com/k82022603/RummiArena/game-server/internal/service/room_service.go:172.2,172.12 1 0
github.com/k82022603/RummiArena/game-server/internal/service/room_service.go:178.82,180.16 2 0
github.com/k82022603/RummiArena/game-server/internal/service/room_service.go:180.16,182.3 1 0
github.com/k82022603/RummiArena/game-server/internal/service/room_service.go:184.2,184.89 1 0
github.com/k82022603/RummiArena/game-server/internal/service/room_service.go:184.89,186.3 1 0
github.com/k82022603/RummiArena/game-server/internal/service/room_service.go:188.2,189.33 2 0
github.com/k82022603/RummiArena/game-server/internal/service/room_service.go:189.33,190.25 1 0
github.com/k82022603/RummiArena/game-server/internal/service/room_service.go:190.25,192.29 2 0
github.com/k82022603/RummiArena/game-server/internal/service/room_service.go:192.29,195.5 1 0
github.com/k82022603/RummiArena/game-server/internal/service/room_service.go:195.10,202.5 1 0
github.com/k82022603/RummiArena/game-server/internal/service/room_service.go:203.4,203.9 1 0
github.com/k82022603/RummiArena/game-server/internal/service/room_service.go:207.2,207.12 1 0
github.com/k82022603/RummiArena/game-server/internal/service/room_service.go:207.12,209.3 1 0
github.com/k82022603/RummiArena/game-server/internal/service/room_service.go:211.2,212.50 2 0
github.com/k82022603/RummiArena/game-server/internal/service/room_service.go:212.50,214.3 1 0
github.com/k82022603/RummiArena/game-server/internal/service/room_service.go:215.2,215.18 1 0
github.com/k82022603/RummiArena/game-server/internal/service/room_service.go:221.91,223.16 2 0
github.com/k82022603/RummiArena/game-server/internal/service/room_service.go:223.16,225.3 1 0
github.com/k82022603/RummiArena/game-server/internal/service/room_service.go:227.2,227.31 1 0
github.com/k82022603/RummiArena/game-server/internal/service/room_service.go:227.31,229.3 1 0
github.com/k82022603/RummiArena/game-server/internal/service/room_service.go:231.2,231.44 1 0
github.com/k82022603/RummiArena/game-server/internal/service/room_service.go:231.44,233.3 1 0
github.com/k82022603/RummiArena/game-server/internal/service/room_service.go:236.2,237.33 2 0
github.com/k82022603/RummiArena/game-server/internal/service/room_service.go:237.33,238.40 1 0
github.com/k82022603/RummiArena/game-server/internal/service/room_service.go:238.40,240.4 1 0
github.com/k82022603/RummiArena/game-server/internal/service/room_service.go:242.2,242.28 1 0
github.com/k82022603/RummiArena/game-server/internal/service/room_service.go:242.28,244.3 1 0
github.com/k82022603/RummiArena/game-server/internal/service/room_service.go:247.2,249.16 3 0
github.com/k82022603/RummiArena/game-server/internal/service/room_service.go:249.16,251.3 1 0
github.com/k82022603/RummiArena/game-server/internal/service/room_service.go:254.2,258.50 4 0
github.com/k82022603/RummiArena/game-server/internal/service/room_service.go:258.50,260.3 1 0
github.com/k82022603/RummiArena/game-server/internal/service/room_service.go:262.2,262.23 1 0
github.com/k82022603/RummiArena/game-server/internal/service/room_service.go:266.67,268.16 2 0
github.com/k82022603/RummiArena/game-server/internal/service/room_service.go:268.16,270.3 1 0
github.com/k82022603/RummiArena/game-server/internal/service/room_service.go:272.2,272.31 1 0
github.com/k82022603/RummiArena/game-server/internal/service/room_service.go:272.31,274.3 1 0
github.com/k82022603/RummiArena/game-server/internal/service/room_service.go:276.2,276.38 1 0
github.com/k82022603/RummiArena/game-server/internal/service/room_service.go:280.32,283.19 3 0
github.com/k82022603/RummiArena/game-server/internal/service/room_service.go:283.19,285.3 1 0
github.com/k82022603/RummiArena/game-server/internal/service/room_service.go:286.2,286.18 1 0
github.com/k82022603/RummiArena/game-server/internal/service/turn_service.go:54.15,59.2 1 11
github.com/k82022603/RummiArena/game-server/internal/service/turn_service.go:62.79,65.36 2 3
github.com/k82022603/RummiArena/game-server/internal/service/turn_service.go:65.36,67.29 2 3
github.com/k82022603/RummiArena/game-server/internal/service/turn_service.go:67.29,69.4 1 9
github.com/k82022603/RummiArena/game-server/internal/service/turn_service.go:70.3,70.57 1 3
github.com/k82022603/RummiArena/game-server/internal/service/turn_service.go:73.2,80.16 3 3
github.com/k82022603/RummiArena/game-server/internal/service/turn_service.go:80.16,82.3 1 1
github.com/k82022603/RummiArena/game-server/internal/service/turn_service.go:83.2,88.8 1 2
github.com/k82022603/RummiArena/game-server/internal/service/turn_service.go:92.84,94.16 2 4
github.com/k82022603/RummiArena/game-server/internal/service/turn_service.go:94.16,96.3 1 1
github.com/k82022603/RummiArena/game-server/internal/service/turn_service.go:97.2,102.8 1 3
github.com/k82022603/RummiArena/game-server/internal/service/turn_service.go:107.89,109.71 1 2
github.com/k82022603/RummiArena/game-server/internal/service/turn_service.go:109.71,111.3 1 0
github.com/k82022603/RummiArena/game-server/internal/service/turn_service.go:113.2,113.39 1 2
github.com/k82022603/RummiArena/game-server/internal/service/turn_service.go:117.66,119.16 2 5
github.com/k82022603/RummiArena/game-server/internal/service/turn_service.go:119.16,121.3 1 2
github.com/k82022603/RummiArena/game-server/internal/service/turn_service.go:122.2,122.31 1 3
github.com/k82022603/RummiArena/game-server/internal/service/turn_service.go:126.75,128.16 2 3
github.com/k82022603/RummiArena/game-server/internal/service/turn_service.go:128.16,130.3 1 1
github.com/k82022603/RummiArena/game-server/internal/service/turn_service.go:131.2,131.33 1 2
github.com/k82022603/RummiArena/game-server/internal/handler/game_handler.go:18.63,20.2 1 0
github.com/k82022603/RummiArena/game-server/internal/handler/game_handler.go:24.52,26.18 2 0
github.com/k82022603/RummiArena/game-server/internal/handler/game_handler.go:26.18,29.3 2 0
github.com/k82022603/RummiArena/game-server/internal/handler/game_handler.go:32.2,34.16 3 0
github.com/k82022603/RummiArena/game-server/internal/handler/game_handler.go:34.16,37.3 2 0
github.com/k82022603/RummiArena/game-server/internal/handler/game_handler.go:39.2,40.16 2 0
github.com/k82022603/RummiArena/game-server/internal/handler/game_handler.go:40.16,43.3 2 0
github.com/k82022603/RummiArena/game-server/internal/handler/game_handler.go:45.2,45.29 1 0
github.com/k82022603/RummiArena/game-server/internal/handler/game_handler.go:56.50,58.9 2 0
github.com/k82022603/RummiArena/game-server/internal/handler/game_handler.go:58.9,61.3 2 0
github.com/k82022603/RummiArena/game-server/internal/handler/game_handler.go:63.2,64.18 2 0
github.com/k82022603/RummiArena/game-server/internal/handler/game_handler.go:64.18,67.3 2 0
github.com/k82022603/RummiArena/game-server/internal/handler/game_handler.go:69.2,70.47 2 0
github.com/k82022603/RummiArena/game-server/internal/handler/game_handler.go:70.47,73.3 2 0
github.com/k82022603/RummiArena/game-server/internal/handler/game_handler.go:75.2,80.16 2 0
github.com/k82022603/RummiArena/game-server/internal/handler/game_handler.go:80.16,83.3 2 0
github.com/k82022603/RummiArena/game-server/internal/handler/game_handler.go:85.2,85.31 1 0
github.com/k82022603/RummiArena/game-server/internal/handler/game_handler.go:96.51,98.9 2 0
github.com/k82022603/RummiArena/game-server/internal/handler/game_handler.go:98.9,101.3 2 0
github.com/k82022603/RummiArena/game-server/internal/handler/game_handler.go:103.2,104.18 2 0
github.com/k82022603/RummiArena/game-server/internal/handler/game_handler.go:104.18,107.3 2 0
github.com/k82022603/RummiArena/game-server/internal/handler/game_handler.go:109.2,110.47 2 0
github.com/k82022603/RummiArena/game-server/internal/handler/game_handler.go:110.47,113.3 2 0
github.com/k82022603/RummiArena/game-server/internal/handler/game_handler.go:115.2,120.16 2 0
github.com/k82022603/RummiArena/game-server/internal/handler/game_handler.go:120.16,121.68 1 0
github.com/k82022603/RummiArena/game-server/internal/handler/game_handler.go:121.68,130.4 2 0
github.com/k82022603/RummiArena/game-server/internal/handler/game_handler.go:131.3,132.9 2 0
github.com/k82022603/RummiArena/game-server/internal/handler/game_handler.go:135.2,135.31 1 0
github.com/k82022603/RummiArena/game-server/internal/handler/game_handler.go:144.48,146.9 2 0
github.com/k82022603/RummiArena/game-server/internal/handler/game_handler.go:146.9,149.3 2 0
github.com/k82022603/RummiArena/game-server/internal/handler/game_handler.go:151.2,152.18 2 0
github.com/k82022603/RummiArena/game-server/internal/handler/game_handler.go:152.18,155.3 2 0
github.com/k82022603/RummiArena/game-server/internal/handler/game_handler.go:157.2,158.47 2 0
github.com/k82022603/RummiArena/game-server/internal/handler/game_handler.go:158.47,161.3 2 0
github.com/k82022603/RummiArena/game-server/internal/handler/game_handler.go:163.2,164.16 2 0
github.com/k82022603/RummiArena/game-server/internal/handler/game_handler.go:164.16,167.3 2 0
github.com/k82022603/RummiArena/game-server/internal/handler/game_handler.go:169.2,169.31 1 0
github.com/k82022603/RummiArena/game-server/internal/handler/game_handler.go:178.49,180.9 2 0
github.com/k82022603/RummiArena/game-server/internal/handler/game_handler.go:180.9,183.3 2 0
github.com/k82022603/RummiArena/game-server/internal/handler/game_handler.go:185.2,186.18 2 0
github.com/k82022603/RummiArena/game-server/internal/handler/game_handler.go:186.18,189.3 2 0
github.com/k82022603/RummiArena/game-server/internal/handler/game_handler.go:191.2,192.47 2 0
github.com/k82022603/RummiArena/game-server/internal/handler/game_handler.go:192.47,195.3 2 0
github.com/k82022603/RummiArena/game-server/internal/handler/game_handler.go:197.2,198.16 2 0
github.com/k82022603/RummiArena/game-server/internal/handler/game_handler.go:198.16,201.3 2 0
github.com/k82022603/RummiArena/game-server/internal/handler/game_handler.go:203.2,203.31 1 0
github.com/k82022603/RummiArena/game-server/internal/handler/room_handler.go:26.63,28.2 1 0
github.com/k82022603/RummiArena/game-server/internal/handler/room_handler.go:38.50,40.9 2 0
github.com/k82022603/RummiArena/game-server/internal/handler/room_handler.go:40.9,43.3 2 0
github.com/k82022603/RummiArena/game-server/internal/handler/room_handler.go:45.2,46.47 2 0
github.com/k82022603/RummiArena/game-server/internal/handler/room_handler.go:46.47,49.3 2 0
github.com/k82022603/RummiArena/game-server/internal/handler/room_handler.go:51.2,57.16 2 0
github.com/k82022603/RummiArena/game-server/internal/handler/room_handler.go:57.16,60.3 2 0
github.com/k82022603/RummiArena/game-server/internal/handler/room_handler.go:62.2,62.53 1 0
github.com/k82022603/RummiArena/game-server/internal/handler/room_handler.go:66.49,68.16 2 0
github.com/k82022603/RummiArena/game-server/internal/handler/room_handler.go:68.16,71.3 2 0
github.com/k82022603/RummiArena/game-server/internal/handler/room_handler.go:73.2,74.26 2 0
github.com/k82022603/RummiArena/game-server/internal/handler/room_handler.go:74.26,76.3 1 0
github.com/k82022603/RummiArena/game-server/internal/handler/room_handler.go:78.2,81.4 1 0
github.com/k82022603/RummiArena/game-server/internal/handler/room_handler.go:85.47,87.14 2 0
github.com/k82022603/RummiArena/game-server/internal/handler/room_handler.go:87.14,90.3 2 0
github.com/k82022603/RummiArena/game-server/internal/handler/room_handler.go:92.2,93.16 2 0
github.com/k82022603/RummiArena/game-server/internal/handler/room_handler.go:93.16,96.3 2 0
github.com/k82022603/RummiArena/game-server/internal/handler/room_handler.go:98.2,98.48 1 0
github.com/k82022603/RummiArena/game-server/internal/handler/room_handler.go:107.48,109.9 2 0
github.com/k82022603/RummiArena/game-server/internal/handler/room_handler.go:109.9,112.3 2 0
github.com/k82022603/RummiArena/game-server/internal/handler/room_handler.go:114.2,115.18 2 0
github.com/k82022603/RummiArena/game-server/internal/handler/room_handler.go:115.18,118.3 2 0
github.com/k82022603/RummiArena/game-server/internal/handler/room_handler.go:120.2,120.59 1 0
github.com/k82022603/RummiArena/game-server/internal/handler/room_handler.go:120.59,123.3 2 0
github.com/k82022603/RummiArena/game-server/internal/handler/room_handler.go:125.2,126.16 2 0
github.com/k82022603/RummiArena/game-server/internal/handler/room_handler.go:126.16,129.3 2 0
github.com/k82022603/RummiArena/game-server/internal/handler/room_handler.go:131.2,131.48 1 0
github.com/k82022603/RummiArena/game-server/internal/handler/room_handler.go:135.49,137.9 2 0
github.com/k82022603/RummiArena/game-server/internal/handler/room_handler.go:137.9,140.3 2 0
github.com/k82022603/RummiArena/game-server/internal/handler/room_handler.go:142.2,143.18 2 0
github.com/k82022603/RummiArena/game-server/internal/handler/room_handler.go:143.18,146.3 2 0
github.com/k82022603/RummiArena/game-server/internal/handler/room_handler.go:148.2,149.16 2 0
github.com/k82022603/RummiArena/game-server/internal/handler/room_handler.go:149.16,152.3 2 0
github.com/k82022603/RummiArena/game-server/internal/handler/room_handler.go:154.2,154.48 1 0
github.com/k82022603/RummiArena/game-server/internal/handler/room_handler.go:158.49,160.9 2 0
github.com/k82022603/RummiArena/game-server/internal/handler/room_handler.go:160.9,163.3 2 0
github.com/k82022603/RummiArena/game-server/internal/handler/room_handler.go:165.2,166.18 2 0
github.com/k82022603/RummiArena/game-server/internal/handler/room_handler.go:166.18,169.3 2 0
github.com/k82022603/RummiArena/game-server/internal/handler/room_handler.go:171.2,172.16 2 0
github.com/k82022603/RummiArena/game-server/internal/handler/room_handler.go:172.16,175.3 2 0
github.com/k82022603/RummiArena/game-server/internal/handler/room_handler.go:177.2,181.4 1 0
github.com/k82022603/RummiArena/game-server/internal/handler/room_handler.go:185.50,187.9 2 0
github.com/k82022603/RummiArena/game-server/internal/handler/room_handler.go:187.9,190.3 2 0
github.com/k82022603/RummiArena/game-server/internal/handler/room_handler.go:192.2,193.18 2 0
github.com/k82022603/RummiArena/game-server/internal/handler/room_handler.go:193.18,196.3 2 0
github.com/k82022603/RummiArena/game-server/internal/handler/room_handler.go:198.2,198.61 1 0
github.com/k82022603/RummiArena/game-server/internal/handler/room_handler.go:198.61,201.3 2 0
github.com/k82022603/RummiArena/game-server/internal/handler/room_handler.go:203.2,203.74 1 0
github.com/k82022603/RummiArena/game-server/internal/handler/room_handler.go:209.62,225.2 1 0
github.com/k82022603/RummiArena/game-server/internal/handler/room_handler.go:228.69,235.2 1 0
github.com/k82022603/RummiArena/game-server/internal/handler/room_handler.go:238.52,239.47 1 0
github.com/k82022603/RummiArena/game-server/internal/handler/room_handler.go:239.47,247.3 2 0
github.com/k82022603/RummiArena/game-server/internal/handler/room_handler.go:249.2,254.4 1 0
github.com/k82022603/RummiArena/game-server/internal/handler/ws_connection.go:44.97,52.2 1 0
github.com/k82022603/RummiArena/game-server/internal/handler/ws_connection.go:55.43,61.25 5 4
github.com/k82022603/RummiArena/game-server/internal/handler/ws_connection.go:61.25,63.3 1 3
github.com/k82022603/RummiArena/game-server/internal/handler/ws_connection.go:65.2,66.16 2 4
github.com/k82022603/RummiArena/game-server/internal/handler/ws_connection.go:66.16,69.3 2 0
github.com/k82022603/RummiArena/game-server/internal/handler/ws_connection.go:71.2,71.9 1 4
github.com/k82022603/RummiArena/game-server/internal/handler/ws_connection.go:72.22,72.22 0 4
github.com/k82022603/RummiArena/game-server/internal/handler/ws_connection.go:73.10,77.4 1 0
github.com/k82022603/RummiArena/game-server/internal/handler/ws_connection.go:82.54,87.2 1 0
github.com/k82022603/RummiArena/game-server/internal/handler/ws_connection.go:90.30,91.24 1 1
github.com/k82022603/RummiArena/game-server/internal/handler/ws_connection.go:91.24,93.3 1 1
github.com/k82022603/RummiArena/game-server/internal/handler/ws_connection.go:98.63,99.19 1 1
github.com/k82022603/RummiArena/game-server/internal/handler/ws_connection.go:99.19,102.3 2 0
github.com/k82022603/RummiArena/game-server/internal/handler/ws_connection.go:103.2,103.11 1 1
github.com/k82022603/RummiArena/game-server/internal/handler/ws_connection.go:108.34,111.27 2 0
github.com/k82022603/RummiArena/game-server/internal/handler/ws_connection.go:111.27,113.74 2 0
github.com/k82022603/RummiArena/game-server/internal/handler/ws_connection.go:113.74,116.4 2 0
github.com/k82022603/RummiArena/game-server/internal/handler/ws_connection.go:123.71,124.15 1 0
github.com/k82022603/RummiArena/game-server/internal/handler/ws_connection.go:124.15,127.3 2 0
github.com/k82022603/RummiArena/game-server/internal/handler/ws_connection.go:129.2,131.6 2 0
github.com/k82022603/RummiArena/game-server/internal/handler/ws_connection.go:131.6,136.17 3 0
github.com/k82022603/RummiArena/game-server/internal/handler/ws_connection.go:136.17,137.101 1 0
github.com/k82022603/RummiArena/game-server/internal/handler/ws_connection.go:137.101,139.5 1 0
github.com/k82022603/RummiArena/game-server/internal/handler/ws_connection.go:140.4,140.10 1 0
github.com/k82022603/RummiArena/game-server/internal/handler/ws_connection.go:143.3,144.52 2 0
github.com/k82022603/RummiArena/game-server/internal/handler/ws_connection.go:144.52,146.12 2 0
github.com/k82022603/RummiArena/game-server/internal/handler/ws_connection.go:149.3,149.19 1 0
github.com/k82022603/RummiArena/game-server/internal/handler/ws_handler.go:19.42,21.3 1 0
github.com/k82022603/RummiArena/game-server/internal/handler/ws_handler.go:42.14,51.2 1 0
github.com/k82022603/RummiArena/game-server/internal/handler/ws_handler.go:55.46,57.18 2 0
github.com/k82022603/RummiArena/game-server/internal/handler/ws_handler.go:57.18,60.3 2 0
github.com/k82022603/RummiArena/game-server/internal/handler/ws_handler.go:62.2,63.16 2 0
github.com/k82022603/RummiArena/game-server/internal/handler/ws_handler.go:63.16,66.3 2 0
github.com/k82022603/RummiArena/game-server/internal/handler/ws_handler.go:68.2,71.27 2 0
github.com/k82022603/RummiArena/game-server/internal/handler/ws_handler.go:71.27,74.3 2 0
github.com/k82022603/RummiArena/game-server/internal/handler/ws_handler.go:77.2,90.23 3 0
github.com/k82022603/RummiArena/game-server/internal/handler/ws_handler.go:90.23,92.3 1 0
github.com/k82022603/RummiArena/game-server/internal/handler/ws_handler.go:95.2,102.26 4 0
github.com/k82022603/RummiArena/game-server/internal/handler/ws_handler.go:118.57,122.16 3 0
github.com/k82022603/RummiArena/game-server/internal/handler/ws_handler.go:122.16,126.3 3 0
github.com/k82022603/RummiArena/game-server/internal/handler/ws_handler.go:129.2,132.51 3 0
github.com/k82022603/RummiArena/game-server/internal/handler/ws_handler.go:132.51,136.3 3 0
github.com/k82022603/RummiArena/game-server/internal/handler/ws_handler.go:138.2,138.25 1 0
github.com/k82022603/RummiArena/game-server/internal/handler/ws_handler.go:138.25,142.3 3 0
github.com/k82022603/RummiArena/game-server/internal/handler/ws_handler.go:144.2,145.62 2 0
github.com/k82022603/RummiArena/game-server/internal/handler/ws_handler.go:145.62,149.3 3 0
github.com/k82022603/RummiArena/game-server/internal/handler/ws_handler.go:152.2,153.16 2 0
github.com/k82022603/RummiArena/game-server/internal/handler/ws_handler.go:153.16,157.3 3 0
github.com/k82022603/RummiArena/game-server/internal/handler/ws_handler.go:160.2,161.16 2 0
github.com/k82022603/RummiArena/game-server/internal/handler/ws_handler.go:161.16,165.3 3 0
github.com/k82022603/RummiArena/game-server/internal/handler/ws_handler.go:167.2,169.33 3 0
github.com/k82022603/RummiArena/game-server/internal/handler/ws_handler.go:169.33,170.25 1 0
github.com/k82022603/RummiArena/game-server/internal/handler/ws_handler.go:170.25,172.27 2 0
github.com/k82022603/RummiArena/game-server/internal/handler/ws_handler.go:172.27,174.5 1 0
github.com/k82022603/RummiArena/game-server/internal/handler/ws_handler.go:175.4,175.9 1 0
github.com/k82022603/RummiArena/game-server/internal/handler/ws_handler.go:179.2,179.14 1 0
github.com/k82022603/RummiArena/game-server/internal/handler/ws_handler.go:179.14,183.3 3 0
github.com/k82022603/RummiArena/game-server/internal/handler/ws_handler.go:186.2,190.24 5 0
github.com/k82022603/RummiArena/game-server/internal/handler/ws_handler.go:190.24,192.3 1 0
github.com/k82022603/RummiArena/game-server/internal/handler/ws_handler.go:194.2,199.13 2 0
github.com/k82022603/RummiArena/game-server/internal/handler/ws_handler.go:202.81,204.94 2 0
github.com/k82022603/RummiArena/game-server/internal/handler/ws_handler.go:204.94,205.54 1 0
github.com/k82022603/RummiArena/game-server/internal/handler/ws_handler.go:205.54,207.4 1 0
github.com/k82022603/RummiArena/game-server/internal/handler/ws_handler.go:208.3,208.34 1 0
github.com/k82022603/RummiArena/game-server/internal/handler/ws_handler.go:210.2,210.32 1 0
github.com/k82022603/RummiArena/game-server/internal/handler/ws_handler.go:210.32,212.3 1 0
github.com/k82022603/RummiArena/game-server/internal/handler/ws_handler.go:213.2,213.41 1 0
github.com/k82022603/RummiArena/game-server/internal/handler/ws_handler.go:217.80,226.2 3 0
github.com/k82022603/RummiArena/game-server/internal/handler/ws_handler.go:229.83,232.2 2 0
github.com/k82022603/RummiArena/game-server/internal/handler/ws_handler.go:238.70,239.97 1 0
github.com/k82022603/RummiArena/game-server/internal/handler/ws_handler.go:239.97,242.3 2 0
github.com/k82022603/RummiArena/game-server/internal/handler/ws_handler.go:244.2,244.18 1 0
github.com/k82022603/RummiArena/game-server/internal/handler/ws_handler.go:245.21,246.32 1 0
github.com/k82022603/RummiArena/game-server/internal/handler/ws_handler.go:247.22,248.33 1 0
github.com/k82022603/RummiArena/game-server/internal/handler/ws_handler.go:249.19,250.25 1 0
github.com/k82022603/RummiArena/game-server/internal/handler/ws_handler.go:251.20,252.26 1 0
github.com/k82022603/RummiArena/game-server/internal/handler/ws_handler.go:253.15,254.21 1 0
github.com/k82022603/RummiArena/game-server/internal/handler/ws_handler.go:255.15,256.26 1 0
github.com/k82022603/RummiArena/game-server/internal/handler/ws_handler.go:257.20,258.26 1 0
github.com/k82022603/RummiArena/game-server/internal/handler/ws_handler.go:259.10,260.98 1 0
github.com/k82022603/RummiArena/game-server/internal/handler/ws_handler.go:268.73,270.62 2 0
github.com/k82022603/RummiArena/game-server/internal/handler/ws_handler.go:270.62,273.3 2 0
github.com/k82022603/RummiArena/game-server/internal/handler/ws_handler.go:276.2,285.16 4 0
github.com/k82022603/RummiArena/game-server/internal/handler/ws_handler.go:285.16,286.52 1 0
github.com/k82022603/RummiArena/game-server/internal/handler/ws_handler.go:286.52,289.4 2 0
github.com/k82022603/RummiArena/game-server/internal/handler/ws_handler.go:290.3,292.9 3 0
github.com/k82022603/RummiArena/game-server/internal/handler/ws_handler.go:296.2,303.4 1 0
github.com/k82022603/RummiArena/game-server/internal/handler/ws_handler.go:306.74,308.62 2 0
github.com/k82022603/RummiArena/game-server/internal/handler/ws_handler.go:308.62,311.3 2 0
github.com/k82022603/RummiArena/game-server/internal/handler/ws_handler.go:313.2,322.16 4 0
github.com/k82022603/RummiArena/game-server/internal/handler/ws_handler.go:322.16,324.39 1 0
github.com/k82022603/RummiArena/game-server/internal/handler/ws_handler.go:324.39,335.4 2 0
github.com/k82022603/RummiArena/game-server/internal/handler/ws_handler.go:337.3,337.52 1 0
github.com/k82022603/RummiArena/game-server/internal/handler/ws_handler.go:337.52,340.4 2 0
github.com/k82022603/RummiArena/game-server/internal/handler/ws_handler.go:341.3,343.9 3 0
github.com/k82022603/RummiArena/game-server/internal/handler/ws_handler.go:346.2,349.22 2 0
github.com/k82022603/RummiArena/game-server/internal/handler/ws_handler.go:349.22,352.3 2 0
github.com/k82022603/RummiArena/game-server/internal/handler/ws_handler.go:355.2,357.20 3 0
github.com/k82022603/RummiArena/game-server/internal/handler/ws_handler.go:357.20,359.3 1 0
github.com/k82022603/RummiArena/game-server/internal/handler/ws_handler.go:360.2,363.42 2 0
github.com/k82022603/RummiArena/game-server/internal/handler/ws_handler.go:366.54,370.20 3 0
github.com/k82022603/RummiArena/game-server/internal/handler/ws_handler.go:370.20,372.3 1 0
github.com/k82022603/RummiArena/game-server/internal/handler/ws_handler.go:374.2,375.16 2 0
github.com/k82022603/RummiArena/game-server/internal/handler/ws_handler.go:375.16,376.52 1 0
github.com/k82022603/RummiArena/game-server/internal/handler/ws_handler.go:376.52,379.4 2 0
github.com/k82022603/RummiArena/game-server/internal/handler/ws_handler.go:380.3,382.9 3 0
github.com/k82022603/RummiArena/game-server/internal/handler/ws_handler.go:385.2,388.22 2 0
github.com/k82022603/RummiArena/game-server/internal/handler/ws_handler.go:388.22,391.3 2 0
github.com/k82022603/RummiArena/game-server/internal/handler/ws_handler.go:394.2,396.20 3 0
github.com/k82022603/RummiArena/game-server/internal/handler/ws_handler.go:396.20,398.29 2 0
github.com/k82022603/RummiArena/game-server/internal/handler/ws_handler.go:398.29,400.4 1 0
github.com/k82022603/RummiArena/game-server/internal/handler/ws_handler.go:403.2,404.20 2 0
github.com/k82022603/RummiArena/game-server/internal/handler/ws_handler.go:404.20,406.3 1 0
github.com/k82022603/RummiArena/game-server/internal/handler/ws_handler.go:409.2,432.42 4 0
github.com/k82022603/RummiArena/game-server/internal/handler/ws_handler.go:435.55,437.16 2 0
github.com/k82022603/RummiArena/game-server/internal/handler/ws_handler.go:437.16,438.52 1 0
github.com/k82022603/RummiArena/game-server/internal/handler/ws_handler.go:438.52,441.4 2 0
github.com/k82022603/RummiArena/game-server/internal/handler/ws_handler.go:442.3,443.9 2 0
github.com/k82022603/RummiArena/game-server/internal/handler/ws_handler.go:447.2,447.23 1 0
github.com/k82022603/RummiArena/game-server/internal/handler/ws_handler.go:450.50,457.2 1 0
github.com/k82022603/RummiArena/game-server/internal/handler/ws_handler.go:459.67,461.62 2 0
github.com/k82022603/RummiArena/game-server/internal/handler/ws_handler.go:461.62,464.3 2 0
github.com/k82022603/RummiArena/game-server/internal/handler/ws_handler.go:466.2,466.32 1 0
github.com/k82022603/RummiArena/game-server/internal/handler/ws_handler.go:466.32,469.3 2 0
github.com/k82022603/RummiArena/game-server/internal/handler/ws_handler.go:471.2,479.4 1 0
github.com/k82022603/RummiArena/game-server/internal/handler/ws_handler.go:482.55,493.2 2 0
github.com/k82022603/RummiArena/game-server/internal/handler/ws_handler.go:499.53,501.16 2 0
github.com/k82022603/RummiArena/game-server/internal/handler/ws_handler.go:501.16,504.3 2 0
github.com/k82022603/RummiArena/game-server/internal/handler/ws_handler.go:506.2,507.31 2 0
github.com/k82022603/RummiArena/game-server/internal/handler/ws_handler.go:507.31,509.3 1 0
github.com/k82022603/RummiArena/game-server/internal/handler/ws_handler.go:511.2,512.33 2 0
github.com/k82022603/RummiArena/game-server/internal/handler/ws_handler.go:512.33,521.3 1 0
github.com/k82022603/RummiArena/game-server/internal/handler/ws_handler.go:523.2,536.4 1 0
github.com/k82022603/RummiArena/game-server/internal/handler/ws_handler.go:539.59,551.2 1 0
github.com/k82022603/RummiArena/game-server/internal/handler/ws_handler.go:553.117,557.20 4 0
github.com/k82022603/RummiArena/game-server/internal/handler/ws_handler.go:557.20,560.3 2 0
github.com/k82022603/RummiArena/game-server/internal/handler/ws_handler.go:562.2,574.4 1 0
github.com/k82022603/RummiArena/game-server/internal/handler/ws_handler.go:577.84,580.20 3 0
github.com/k82022603/RummiArena/game-server/internal/handler/ws_handler.go:580.20,582.3 1 0
github.com/k82022603/RummiArena/game-server/internal/handler/ws_handler.go:584.2,592.4 1 0
github.com/k82022603/RummiArena/game-server/internal/handler/ws_handler.go:595.86,597.34 2 0
github.com/k82022603/RummiArena/game-server/internal/handler/ws_handler.go:597.34,604.3 1 0
github.com/k82022603/RummiArena/game-server/internal/handler/ws_handler.go:606.2,608.34 3 0
github.com/k82022603/RummiArena/game-server/internal/handler/ws_handler.go:608.34,609.23 1 0
github.com/k82022603/RummiArena/game-server/internal/handler/ws_handler.go:609.23,612.9 3 0
github.com/k82022603/RummiArena/game-server/internal/handler/ws_handler.go:616.2,624.4 1 0
github.com/k82022603/RummiArena/game-server/internal/handler/ws_handler.go:627.56,643.2 2 0
github.com/k82022603/RummiArena/game-server/internal/handler/ws_handler.go:649.71,651.27 2 0
github.com/k82022603/RummiArena/game-server/internal/handler/ws_handler.go:651.27,653.3 1 0
github.com/k82022603/RummiArena/game-server/internal/handler/ws_handler.go:654.2,654.15 1 0
github.com/k82022603/RummiArena/game-server/internal/handler/ws_handler.go:657.69,659.26 2 0
github.com/k82022603/RummiArena/game-server/internal/handler/ws_handler.go:659.26,661.29 2 0
github.com/k82022603/RummiArena/game-server/internal/handler/ws_handler.go:661.29,663.4 1 0
github.com/k82022603/RummiArena/game-server/internal/handler/ws_handler.go:664.3,664.51 1 0
github.com/k82022603/RummiArena/game-server/internal/handler/ws_handler.go:666.2,666.15 1 0
github.com/k82022603/RummiArena/game-server/internal/handler/ws_handler.go:669.73,670.28 1 0
github.com/k82022603/RummiArena/game-server/internal/handler/ws_handler.go:670.28,671.26 1 0
github.com/k82022603/RummiArena/game-server/internal/handler/ws_handler.go:671.26,673.4 1 0
github.com/k82022603/RummiArena/game-server/internal/handler/ws_handler.go:675.2,675.11 1 0
github.com/k82022603/RummiArena/game-server/internal/handler/ws_hub.go:19.38,24.2 1 7
github.com/k82022603/RummiArena/game-server/internal/handler/ws_hub.go:28.42,33.9 4 14
github.com/k82022603/RummiArena/game-server/internal/handler/ws_hub.go:33.9,36.3 2 9
github.com/k82022603/RummiArena/game-server/internal/handler/ws_hub.go:39.2,39.51 1 14
github.com/k82022603/RummiArena/game-server/internal/handler/ws_hub.go:39.51,41.3 1 1
github.com/k82022603/RummiArena/game-server/internal/handler/ws_hub.go:43.2,48.3 2 14
github.com/k82022603/RummiArena/game-server/internal/handler/ws_hub.go:53.44,58.9 4 4
github.com/k82022603/RummiArena/game-server/internal/handler/ws_hub.go:58.9,60.3 1 0
github.com/k82022603/RummiArena/game-server/internal/handler/ws_hub.go:62.2,62.63 1 4
github.com/k82022603/RummiArena/game-server/internal/handler/ws_hub.go:62.63,64.3 1 3
github.com/k82022603/RummiArena/game-server/internal/handler/ws_hub.go:66.2,66.20 1 4
github.com/k82022603/RummiArena/game-server/internal/handler/ws_hub.go:66.20,68.3 1 3
github.com/k82022603/RummiArena/game-server/internal/handler/ws_hub.go:70.2,73.3 1 4
github.com/k82022603/RummiArena/game-server/internal/handler/ws_hub.go:77.62,82.9 4 1
github.com/k82022603/RummiArena/game-server/internal/handler/ws_hub.go:82.9,84.3 1 0
github.com/k82022603/RummiArena/game-server/internal/handler/ws_hub.go:85.2,85.28 1 1
github.com/k82022603/RummiArena/game-server/internal/handler/ws_hub.go:85.28,87.3 1 2
github.com/k82022603/RummiArena/game-server/internal/handler/ws_hub.go:91.83,96.9 4 1
github.com/k82022603/RummiArena/game-server/internal/handler/ws_hub.go:96.9,98.3 1 0
github.com/k82022603/RummiArena/game-server/internal/handler/ws_hub.go:99.2,99.30 1 1
github.com/k82022603/RummiArena/game-server/internal/handler/ws_hub.go:99.30,100.27 1 2
github.com/k82022603/RummiArena/game-server/internal/handler/ws_hub.go:100.27,102.4 1 1
github.com/k82022603/RummiArena/game-server/internal/handler/ws_hub.go:107.65,112.9 4 1
github.com/k82022603/RummiArena/game-server/internal/handler/ws_hub.go:112.9,114.3 1 0
github.com/k82022603/RummiArena/game-server/internal/handler/ws_hub.go:115.2,115.34 1 1
github.com/k82022603/RummiArena/game-server/internal/handler/ws_hub.go:115.34,117.3 1 1
github.com/k82022603/RummiArena/game-server/internal/handler/ws_hub.go:121.54,126.2 3 8
