mode: atomic
github.com/k82022603/RummiArena/game-server/internal/engine/elo_calculator.go:46.81,48.11 2 8
github.com/k82022603/RummiArena/game-server/internal/engine/elo_calculator.go:48.11,50.3 1 1
github.com/k82022603/RummiArena/game-server/internal/engine/elo_calculator.go:52.2,53.28 2 7
github.com/k82022603/RummiArena/game-server/internal/engine/elo_calculator.go:53.28,58.29 4 16
github.com/k82022603/RummiArena/game-server/internal/engine/elo_calculator.go:58.29,59.14 1 40
github.com/k82022603/RummiArena/game-server/internal/engine/elo_calculator.go:59.14,60.13 1 16
github.com/k82022603/RummiArena/game-server/internal/engine/elo_calculator.go:62.4,65.21 4 24
github.com/k82022603/RummiArena/game-server/internal/engine/elo_calculator.go:69.3,71.28 3 16
github.com/k82022603/RummiArena/game-server/internal/engine/elo_calculator.go:71.28,73.4 1 0
github.com/k82022603/RummiArena/game-server/internal/engine/elo_calculator.go:75.3,83.4 2 16
github.com/k82022603/RummiArena/game-server/internal/engine/elo_calculator.go:86.2,86.16 1 7
github.com/k82022603/RummiArena/game-server/internal/engine/elo_calculator.go:92.50,93.34 1 46
github.com/k82022603/RummiArena/game-server/internal/engine/elo_calculator.go:93.34,95.3 1 7
github.com/k82022603/RummiArena/game-server/internal/engine/elo_calculator.go:96.2,96.9 1 39
github.com/k82022603/RummiArena/game-server/internal/engine/elo_calculator.go:97.22,98.21 1 4
github.com/k82022603/RummiArena/game-server/internal/engine/elo_calculator.go:99.22,100.22 1 2
github.com/k82022603/RummiArena/game-server/internal/engine/elo_calculator.go:101.22,102.18 1 4
github.com/k82022603/RummiArena/game-server/internal/engine/elo_calculator.go:103.22,104.20 1 9
github.com/k82022603/RummiArena/game-server/internal/engine/elo_calculator.go:105.10,106.20 1 20
github.com/k82022603/RummiArena/game-server/internal/engine/elo_calculator.go:116.54,117.22 1 23
github.com/k82022603/RummiArena/game-server/internal/engine/elo_calculator.go:117.22,119.3 1 5
github.com/k82022603/RummiArena/game-server/internal/engine/elo_calculator.go:120.2,120.20 1 18
github.com/k82022603/RummiArena/game-server/internal/engine/elo_calculator.go:120.20,122.3 1 3
github.com/k82022603/RummiArena/game-server/internal/engine/elo_calculator.go:123.2,123.11 1 15
github.com/k82022603/RummiArena/game-server/internal/engine/elo_calculator.go:128.50,130.2 1 27
github.com/k82022603/RummiArena/game-server/internal/engine/elo_calculator.go:134.44,135.9 1 27
github.com/k82022603/RummiArena/game-server/internal/engine/elo_calculator.go:136.21,137.13 1 13
github.com/k82022603/RummiArena/game-server/internal/engine/elo_calculator.go:138.22,139.13 1 1
github.com/k82022603/RummiArena/game-server/internal/engine/elo_calculator.go:140.10,141.13 1 13
github.com/k82022603/RummiArena/game-server/internal/engine/errors.go:17.42,19.2 1 4
github.com/k82022603/RummiArena/game-server/internal/engine/errors.go:22.81,24.20 2 96
github.com/k82022603/RummiArena/game-server/internal/engine/errors.go:24.20,26.3 1 46
github.com/k82022603/RummiArena/game-server/internal/engine/errors.go:27.2,27.65 1 96
github.com/k82022603/RummiArena/game-server/internal/engine/group.go:10.41,11.38 1 124
github.com/k82022603/RummiArena/game-server/internal/engine/group.go:11.38,13.3 1 8
github.com/k82022603/RummiArena/game-server/internal/engine/group.go:15.2,18.26 3 116
github.com/k82022603/RummiArena/game-server/internal/engine/group.go:18.26,19.16 1 341
github.com/k82022603/RummiArena/game-server/internal/engine/group.go:19.16,20.12 1 37
github.com/k82022603/RummiArena/game-server/internal/engine/group.go:22.3,22.21 1 304
github.com/k82022603/RummiArena/game-server/internal/engine/group.go:22.21,24.4 1 110
github.com/k82022603/RummiArena/game-server/internal/engine/group.go:24.9,24.35 1 194
github.com/k82022603/RummiArena/game-server/internal/engine/group.go:24.35,26.4 1 30
github.com/k82022603/RummiArena/game-server/internal/engine/group.go:27.3,27.25 1 274
github.com/k82022603/RummiArena/game-server/internal/engine/group.go:27.25,29.4 1 4
github.com/k82022603/RummiArena/game-server/internal/engine/group.go:30.3,30.28 1 270
github.com/k82022603/RummiArena/game-server/internal/engine/group.go:35.2,35.20 1 82
github.com/k82022603/RummiArena/game-server/internal/engine/group.go:35.20,37.3 1 6
github.com/k82022603/RummiArena/game-server/internal/engine/group.go:39.2,39.12 1 76
github.com/k82022603/RummiArena/game-server/internal/engine/group.go:44.36,46.26 2 18
github.com/k82022603/RummiArena/game-server/internal/engine/group.go:46.26,47.17 1 19
github.com/k82022603/RummiArena/game-server/internal/engine/group.go:47.17,49.9 2 18
github.com/k82022603/RummiArena/game-server/internal/engine/group.go:53.2,54.26 2 18
github.com/k82022603/RummiArena/game-server/internal/engine/group.go:54.26,55.16 1 55
github.com/k82022603/RummiArena/game-server/internal/engine/group.go:55.16,57.4 1 3
github.com/k82022603/RummiArena/game-server/internal/engine/group.go:57.9,59.4 1 52
github.com/k82022603/RummiArena/game-server/internal/engine/group.go:61.2,61.12 1 18
github.com/k82022603/RummiArena/game-server/internal/engine/pool.go:17.30,23.2 3 19
github.com/k82022603/RummiArena/game-server/internal/engine/pool.go:27.30,28.44 1 19
github.com/k82022603/RummiArena/game-server/internal/engine/pool.go:28.44,30.3 1 1995
github.com/k82022603/RummiArena/game-server/internal/engine/pool.go:35.44,36.16 1 22
github.com/k82022603/RummiArena/game-server/internal/engine/pool.go:36.16,38.3 1 2
github.com/k82022603/RummiArena/game-server/internal/engine/pool.go:39.2,39.26 1 20
github.com/k82022603/RummiArena/game-server/internal/engine/pool.go:39.26,41.3 1 1
github.com/k82022603/RummiArena/game-server/internal/engine/pool.go:42.2,45.14 4 20
github.com/k82022603/RummiArena/game-server/internal/engine/pool.go:50.45,51.23 1 120
github.com/k82022603/RummiArena/game-server/internal/engine/pool.go:51.23,53.3 1 2
github.com/k82022603/RummiArena/game-server/internal/engine/pool.go:54.2,56.15 3 118
github.com/k82022603/RummiArena/game-server/internal/engine/pool.go:60.36,62.2 1 126
github.com/k82022603/RummiArena/game-server/internal/engine/pool.go:67.73,68.40 1 8
github.com/k82022603/RummiArena/game-server/internal/engine/pool.go:68.40,70.3 1 4
github.com/k82022603/RummiArena/game-server/internal/engine/pool.go:71.2,72.48 2 4
github.com/k82022603/RummiArena/game-server/internal/engine/pool.go:72.48,75.3 1 0
github.com/k82022603/RummiArena/game-server/internal/engine/pool.go:77.2,78.35 2 4
github.com/k82022603/RummiArena/game-server/internal/engine/pool.go:78.35,80.3 1 13
github.com/k82022603/RummiArena/game-server/internal/engine/pool.go:81.2,81.19 1 4
github.com/k82022603/RummiArena/game-server/internal/engine/run.go:14.39,15.20 1 101
github.com/k82022603/RummiArena/game-server/internal/engine/run.go:15.20,17.3 1 5
github.com/k82022603/RummiArena/game-server/internal/engine/run.go:19.2,20.16 2 96
github.com/k82022603/RummiArena/game-server/internal/engine/run.go:20.16,22.3 1 15
github.com/k82022603/RummiArena/game-server/internal/engine/run.go:23.2,27.60 3 81
github.com/k82022603/RummiArena/game-server/internal/engine/run.go:27.60,29.3 1 3
github.com/k82022603/RummiArena/game-server/internal/engine/run.go:31.2,31.47 1 78
github.com/k82022603/RummiArena/game-server/internal/engine/run.go:36.70,40.26 3 96
github.com/k82022603/RummiArena/game-server/internal/engine/run.go:40.26,41.16 1 383
github.com/k82022603/RummiArena/game-server/internal/engine/run.go:41.16,42.12 1 43
github.com/k82022603/RummiArena/game-server/internal/engine/run.go:44.3,44.21 1 340
github.com/k82022603/RummiArena/game-server/internal/engine/run.go:44.21,46.4 1 91
github.com/k82022603/RummiArena/game-server/internal/engine/run.go:46.9,46.33 1 249
github.com/k82022603/RummiArena/game-server/internal/engine/run.go:46.33,48.4 1 10
github.com/k82022603/RummiArena/game-server/internal/engine/run.go:49.3,49.54 1 330
github.com/k82022603/RummiArena/game-server/internal/engine/run.go:52.2,52.31 1 86
github.com/k82022603/RummiArena/game-server/internal/engine/run.go:52.31,55.3 1 5
github.com/k82022603/RummiArena/game-server/internal/engine/run.go:57.2,57.39 1 81
github.com/k82022603/RummiArena/game-server/internal/engine/run.go:61.45,62.35 1 81
github.com/k82022603/RummiArena/game-server/internal/engine/run.go:62.35,63.31 1 235
github.com/k82022603/RummiArena/game-server/internal/engine/run.go:63.31,65.4 1 3
github.com/k82022603/RummiArena/game-server/internal/engine/run.go:67.2,67.12 1 78
github.com/k82022603/RummiArena/game-server/internal/engine/run.go:71.71,76.23 4 78
github.com/k82022603/RummiArena/game-server/internal/engine/run.go:76.23,78.3 1 11
github.com/k82022603/RummiArena/game-server/internal/engine/run.go:80.2,84.23 4 67
github.com/k82022603/RummiArena/game-server/internal/engine/run.go:84.23,86.3 1 1
github.com/k82022603/RummiArena/game-server/internal/engine/run.go:87.2,87.33 1 67
github.com/k82022603/RummiArena/game-server/internal/engine/run.go:87.33,89.3 1 0
github.com/k82022603/RummiArena/game-server/internal/engine/run.go:91.2,91.12 1 67
github.com/k82022603/RummiArena/game-server/internal/engine/run.go:95.37,97.26 2 67
github.com/k82022603/RummiArena/game-server/internal/engine/run.go:97.26,98.16 1 303
github.com/k82022603/RummiArena/game-server/internal/engine/run.go:98.16,100.4 1 25
github.com/k82022603/RummiArena/game-server/internal/engine/run.go:102.2,102.14 1 67
github.com/k82022603/RummiArena/game-server/internal/engine/run.go:109.34,112.26 3 10
github.com/k82022603/RummiArena/game-server/internal/engine/run.go:112.26,113.16 1 42
github.com/k82022603/RummiArena/game-server/internal/engine/run.go:113.16,115.4 1 7
github.com/k82022603/RummiArena/game-server/internal/engine/run.go:115.9,117.4 1 35
github.com/k82022603/RummiArena/game-server/internal/engine/run.go:119.2,128.19 6 10
github.com/k82022603/RummiArena/game-server/internal/engine/run.go:128.19,130.3 1 0
github.com/k82022603/RummiArena/game-server/internal/engine/run.go:133.2,134.29 2 10
github.com/k82022603/RummiArena/game-server/internal/engine/run.go:134.29,136.3 1 0
github.com/k82022603/RummiArena/game-server/internal/engine/run.go:138.2,139.22 2 10
github.com/k82022603/RummiArena/game-server/internal/engine/run.go:139.22,141.3 1 0
github.com/k82022603/RummiArena/game-server/internal/engine/run.go:143.2,144.15 2 10
github.com/k82022603/RummiArena/game-server/internal/engine/run.go:144.15,146.3 1 0
github.com/k82022603/RummiArena/game-server/internal/engine/run.go:148.2,149.34 2 10
github.com/k82022603/RummiArena/game-server/internal/engine/run.go:149.34,151.3 1 42
github.com/k82022603/RummiArena/game-server/internal/engine/run.go:152.2,152.12 1 10
github.com/k82022603/RummiArena/game-server/internal/engine/tile.go:31.40,32.36 1 982
github.com/k82022603/RummiArena/game-server/internal/engine/tile.go:32.36,34.3 1 104
github.com/k82022603/RummiArena/game-server/internal/engine/tile.go:36.2,36.19 1 878
github.com/k82022603/RummiArena/game-server/internal/engine/tile.go:36.19,38.3 1 3
github.com/k82022603/RummiArena/game-server/internal/engine/tile.go:40.2,41.15 2 875
github.com/k82022603/RummiArena/game-server/internal/engine/tile.go:42.52,42.52 0 870
github.com/k82022603/RummiArena/game-server/internal/engine/tile.go:43.10,44.74 1 5
github.com/k82022603/RummiArena/game-server/internal/engine/tile.go:47.2,48.30 2 870
github.com/k82022603/RummiArena/game-server/internal/engine/tile.go:48.30,50.3 1 2
github.com/k82022603/RummiArena/game-server/internal/engine/tile.go:52.2,54.39 3 868
github.com/k82022603/RummiArena/game-server/internal/engine/tile.go:54.39,56.3 1 4
github.com/k82022603/RummiArena/game-server/internal/engine/tile.go:58.2,63.8 1 864
github.com/k82022603/RummiArena/game-server/internal/engine/tile.go:68.28,69.15 1 62
github.com/k82022603/RummiArena/game-server/internal/engine/tile.go:69.15,71.3 1 4
github.com/k82022603/RummiArena/game-server/internal/engine/tile.go:72.2,72.17 1 58
github.com/k82022603/RummiArena/game-server/internal/engine/tile.go:76.48,78.26 2 251
github.com/k82022603/RummiArena/game-server/internal/engine/tile.go:78.26,80.17 2 888
github.com/k82022603/RummiArena/game-server/internal/engine/tile.go:80.17,82.4 1 1
github.com/k82022603/RummiArena/game-server/internal/engine/tile.go:83.3,83.27 1 887
github.com/k82022603/RummiArena/game-server/internal/engine/tile.go:85.2,85.19 1 250
github.com/k82022603/RummiArena/game-server/internal/engine/tile.go:89.29,94.27 4 24
github.com/k82022603/RummiArena/game-server/internal/engine/tile.go:94.27,95.32 1 48
github.com/k82022603/RummiArena/game-server/internal/engine/tile.go:95.32,96.29 1 192
github.com/k82022603/RummiArena/game-server/internal/engine/tile.go:96.29,104.5 2 2496
github.com/k82022603/RummiArena/game-server/internal/engine/tile.go:108.2,111.14 3 24
github.com/k82022603/RummiArena/game-server/internal/engine/validator.go:22.52,23.23 1 73
github.com/k82022603/RummiArena/game-server/internal/engine/validator.go:23.23,25.3 1 1
github.com/k82022603/RummiArena/game-server/internal/engine/validator.go:27.2,28.21 2 72
github.com/k82022603/RummiArena/game-server/internal/engine/validator.go:28.21,30.3 1 44
github.com/k82022603/RummiArena/game-server/internal/engine/validator.go:32.2,33.19 2 28
github.com/k82022603/RummiArena/game-server/internal/engine/validator.go:33.19,35.3 1 19
github.com/k82022603/RummiArena/game-server/internal/engine/validator.go:39.2,39.47 1 9
github.com/k82022603/RummiArena/game-server/internal/engine/validator.go:39.47,41.3 1 9
github.com/k82022603/RummiArena/game-server/internal/engine/validator.go:42.2,42.45 1 0
github.com/k82022603/RummiArena/game-server/internal/engine/validator.go:42.45,44.3 1 0
github.com/k82022603/RummiArena/game-server/internal/engine/validator.go:45.2,45.88 1 0
github.com/k82022603/RummiArena/game-server/internal/engine/validator.go:50.43,51.26 1 42
github.com/k82022603/RummiArena/game-server/internal/engine/validator.go:51.26,52.48 1 61
github.com/k82022603/RummiArena/game-server/internal/engine/validator.go:52.48,54.4 1 4
github.com/k82022603/RummiArena/game-server/internal/engine/validator.go:56.2,56.12 1 38
github.com/k82022603/RummiArena/game-server/internal/engine/validator.go:79.56,81.54 1 36
github.com/k82022603/RummiArena/game-server/internal/engine/validator.go:81.54,83.3 1 2
github.com/k82022603/RummiArena/game-server/internal/engine/validator.go:86.2,87.20 2 34
github.com/k82022603/RummiArena/game-server/internal/engine/validator.go:87.20,89.3 1 7
github.com/k82022603/RummiArena/game-server/internal/engine/validator.go:94.2,94.72 1 27
github.com/k82022603/RummiArena/game-server/internal/engine/validator.go:94.72,96.3 1 0
github.com/k82022603/RummiArena/game-server/internal/engine/validator.go:100.2,100.25 1 27
github.com/k82022603/RummiArena/game-server/internal/engine/validator.go:100.25,101.50 1 17
github.com/k82022603/RummiArena/game-server/internal/engine/validator.go:101.50,103.4 1 4
github.com/k82022603/RummiArena/game-server/internal/engine/validator.go:107.2,107.51 1 23
github.com/k82022603/RummiArena/game-server/internal/engine/validator.go:107.51,109.3 1 2
github.com/k82022603/RummiArena/game-server/internal/engine/validator.go:111.2,111.12 1 21
github.com/k82022603/RummiArena/game-server/internal/engine/validator.go:115.56,120.32 3 17
github.com/k82022603/RummiArena/game-server/internal/engine/validator.go:120.32,121.43 1 3
github.com/k82022603/RummiArena/game-server/internal/engine/validator.go:121.43,123.4 1 0
github.com/k82022603/RummiArena/game-server/internal/engine/validator.go:127.2,129.34 3 17
github.com/k82022603/RummiArena/game-server/internal/engine/validator.go:129.34,131.17 2 57
github.com/k82022603/RummiArena/game-server/internal/engine/validator.go:131.17,133.4 1 0
github.com/k82022603/RummiArena/game-server/internal/engine/validator.go:134.3,134.21 1 57
github.com/k82022603/RummiArena/game-server/internal/engine/validator.go:136.2,136.16 1 17
github.com/k82022603/RummiArena/game-server/internal/engine/validator.go:136.16,138.3 1 4
github.com/k82022603/RummiArena/game-server/internal/engine/validator.go:139.2,139.12 1 13
github.com/k82022603/RummiArena/game-server/internal/engine/validator.go:143.58,144.38 1 23
github.com/k82022603/RummiArena/game-server/internal/engine/validator.go:144.38,146.3 1 19
github.com/k82022603/RummiArena/game-server/internal/engine/validator.go:147.2,148.47 2 4
github.com/k82022603/RummiArena/game-server/internal/engine/validator.go:148.47,149.29 1 4
github.com/k82022603/RummiArena/game-server/internal/engine/validator.go:149.29,151.4 1 2
github.com/k82022603/RummiArena/game-server/internal/engine/validator.go:153.2,153.12 1 2
github.com/k82022603/RummiArena/game-server/internal/engine/validator.go:157.43,159.26 2 124
github.com/k82022603/RummiArena/game-server/internal/engine/validator.go:159.26,161.3 1 118
github.com/k82022603/RummiArena/game-server/internal/engine/validator.go:162.2,162.10 1 124
github.com/k82022603/RummiArena/game-server/internal/engine/validator.go:166.55,168.26 2 40
github.com/k82022603/RummiArena/game-server/internal/engine/validator.go:168.26,169.30 1 31
github.com/k82022603/RummiArena/game-server/internal/engine/validator.go:169.30,171.4 1 93
github.com/k82022603/RummiArena/game-server/internal/engine/validator.go:173.2,173.13 1 40
github.com/k82022603/RummiArena/game-server/internal/engine/validator.go:177.63,179.30 2 21
github.com/k82022603/RummiArena/game-server/internal/engine/validator.go:179.30,181.3 1 6
github.com/k82022603/RummiArena/game-server/internal/engine/validator.go:182.2,183.31 2 21
github.com/k82022603/RummiArena/game-server/internal/engine/validator.go:183.31,184.18 1 71
github.com/k82022603/RummiArena/game-server/internal/engine/validator.go:184.18,186.4 1 6
github.com/k82022603/RummiArena/game-server/internal/engine/validator.go:186.9,188.4 1 65
github.com/k82022603/RummiArena/game-server/internal/engine/validator.go:190.2,190.14 1 21
