mode: set
github.com/k82022603/RummiArena/game-server/internal/handler/auth_handler.go:32.52,34.2 1 1
github.com/k82022603/RummiArena/game-server/internal/handler/auth_handler.go:37.83,41.2 3 1
github.com/k82022603/RummiArena/game-server/internal/handler/auth_handler.go:44.81,47.2 2 1
github.com/k82022603/RummiArena/game-server/internal/handler/auth_handler.go:58.48,60.47 2 1
github.com/k82022603/RummiArena/game-server/internal/handler/auth_handler.go:60.47,63.3 2 1
github.com/k82022603/RummiArena/game-server/internal/handler/auth_handler.go:65.2,79.16 5 1
github.com/k82022603/RummiArena/game-server/internal/handler/auth_handler.go:79.16,82.3 2 0
github.com/k82022603/RummiArena/game-server/internal/handler/auth_handler.go:84.2,89.4 1 1
github.com/k82022603/RummiArena/game-server/internal/handler/auth_handler.go:113.51,114.58 1 1
github.com/k82022603/RummiArena/game-server/internal/handler/auth_handler.go:114.58,117.3 2 1
github.com/k82022603/RummiArena/game-server/internal/handler/auth_handler.go:119.2,120.47 2 1
github.com/k82022603/RummiArena/game-server/internal/handler/auth_handler.go:120.47,123.3 2 1
github.com/k82022603/RummiArena/game-server/internal/handler/auth_handler.go:126.2,127.16 2 0
github.com/k82022603/RummiArena/game-server/internal/handler/auth_handler.go:127.16,130.3 2 0
github.com/k82022603/RummiArena/game-server/internal/handler/auth_handler.go:133.2,148.16 6 0
github.com/k82022603/RummiArena/game-server/internal/handler/auth_handler.go:148.16,151.3 2 0
github.com/k82022603/RummiArena/game-server/internal/handler/auth_handler.go:153.2,158.4 1 0
github.com/k82022603/RummiArena/game-server/internal/handler/auth_handler.go:170.60,171.28 1 1
github.com/k82022603/RummiArena/game-server/internal/handler/auth_handler.go:171.28,174.3 2 1
github.com/k82022603/RummiArena/game-server/internal/handler/auth_handler.go:176.2,177.47 2 1
github.com/k82022603/RummiArena/game-server/internal/handler/auth_handler.go:177.47,180.3 2 1
github.com/k82022603/RummiArena/game-server/internal/handler/auth_handler.go:183.2,184.16 2 1
github.com/k82022603/RummiArena/game-server/internal/handler/auth_handler.go:184.16,187.3 2 1
github.com/k82022603/RummiArena/game-server/internal/handler/auth_handler.go:190.2,205.16 6 1
github.com/k82022603/RummiArena/game-server/internal/handler/auth_handler.go:205.16,208.3 2 0
github.com/k82022603/RummiArena/game-server/internal/handler/auth_handler.go:210.2,215.4 1 1
github.com/k82022603/RummiArena/game-server/internal/handler/auth_handler.go:223.126,225.2 1 0
github.com/k82022603/RummiArena/game-server/internal/handler/auth_handler.go:228.148,241.16 3 1
github.com/k82022603/RummiArena/game-server/internal/handler/auth_handler.go:241.16,243.3 1 0
github.com/k82022603/RummiArena/game-server/internal/handler/auth_handler.go:244.2,248.16 4 1
github.com/k82022603/RummiArena/game-server/internal/handler/auth_handler.go:248.16,250.3 1 0
github.com/k82022603/RummiArena/game-server/internal/handler/auth_handler.go:251.2,254.16 3 1
github.com/k82022603/RummiArena/game-server/internal/handler/auth_handler.go:254.16,256.3 1 0
github.com/k82022603/RummiArena/game-server/internal/handler/auth_handler.go:258.2,258.38 1 1
github.com/k82022603/RummiArena/game-server/internal/handler/auth_handler.go:258.38,260.3 1 1
github.com/k82022603/RummiArena/game-server/internal/handler/auth_handler.go:262.2,263.57 2 0
github.com/k82022603/RummiArena/game-server/internal/handler/auth_handler.go:263.57,265.3 1 0
github.com/k82022603/RummiArena/game-server/internal/handler/auth_handler.go:267.2,267.29 1 0
github.com/k82022603/RummiArena/game-server/internal/handler/auth_handler.go:267.29,269.3 1 0
github.com/k82022603/RummiArena/game-server/internal/handler/auth_handler.go:273.2,274.16 2 0
github.com/k82022603/RummiArena/game-server/internal/handler/auth_handler.go:274.16,276.3 1 0
github.com/k82022603/RummiArena/game-server/internal/handler/auth_handler.go:278.2,278.20 1 0
github.com/k82022603/RummiArena/game-server/internal/handler/auth_handler.go:282.72,284.21 2 1
github.com/k82022603/RummiArena/game-server/internal/handler/auth_handler.go:284.21,286.3 1 1
github.com/k82022603/RummiArena/game-server/internal/handler/auth_handler.go:289.2,290.26 2 1
github.com/k82022603/RummiArena/game-server/internal/handler/auth_handler.go:291.9,292.18 1 1
github.com/k82022603/RummiArena/game-server/internal/handler/auth_handler.go:293.9,294.17 1 1
github.com/k82022603/RummiArena/game-server/internal/handler/auth_handler.go:296.2,300.16 4 1
github.com/k82022603/RummiArena/game-server/internal/handler/auth_handler.go:300.16,302.3 1 0
github.com/k82022603/RummiArena/game-server/internal/handler/auth_handler.go:304.2,305.57 2 1
github.com/k82022603/RummiArena/game-server/internal/handler/auth_handler.go:305.57,307.3 1 0
github.com/k82022603/RummiArena/game-server/internal/handler/auth_handler.go:309.2,309.22 1 1
github.com/k82022603/RummiArena/game-server/internal/handler/auth_handler.go:309.22,311.3 1 1
github.com/k82022603/RummiArena/game-server/internal/handler/auth_handler.go:313.2,313.21 1 1
github.com/k82022603/RummiArena/game-server/internal/handler/auth_handler.go:318.116,320.23 2 1
github.com/k82022603/RummiArena/game-server/internal/handler/auth_handler.go:320.23,322.3 1 1
github.com/k82022603/RummiArena/game-server/internal/handler/auth_handler.go:324.2,324.23 1 1
github.com/k82022603/RummiArena/game-server/internal/handler/auth_handler.go:324.23,327.3 1 1
github.com/k82022603/RummiArena/game-server/internal/handler/auth_handler.go:329.2,330.16 2 1
github.com/k82022603/RummiArena/game-server/internal/handler/auth_handler.go:330.16,332.55 1 1
github.com/k82022603/RummiArena/game-server/internal/handler/auth_handler.go:332.55,334.4 1 1
github.com/k82022603/RummiArena/game-server/internal/handler/auth_handler.go:335.3,335.51 1 1
github.com/k82022603/RummiArena/game-server/internal/handler/auth_handler.go:335.51,337.4 1 1
github.com/k82022603/RummiArena/game-server/internal/handler/auth_handler.go:338.3,339.59 2 1
github.com/k82022603/RummiArena/game-server/internal/handler/auth_handler.go:342.2,342.45 1 1
github.com/k82022603/RummiArena/game-server/internal/handler/auth_handler.go:342.45,345.3 1 0
github.com/k82022603/RummiArena/game-server/internal/handler/auth_handler.go:348.2,355.72 2 1
github.com/k82022603/RummiArena/game-server/internal/handler/auth_handler.go:355.72,358.3 1 0
github.com/k82022603/RummiArena/game-server/internal/handler/auth_handler.go:359.2,359.55 1 1
github.com/k82022603/RummiArena/game-server/internal/handler/game_handler.go:18.63,20.2 1 0
github.com/k82022603/RummiArena/game-server/internal/handler/game_handler.go:24.52,26.18 2 0
github.com/k82022603/RummiArena/game-server/internal/handler/game_handler.go:26.18,29.3 2 0
github.com/k82022603/RummiArena/game-server/internal/handler/game_handler.go:32.2,34.16 3 0
github.com/k82022603/RummiArena/game-server/internal/handler/game_handler.go:34.16,37.3 2 0
github.com/k82022603/RummiArena/game-server/internal/handler/game_handler.go:39.2,40.16 2 0
github.com/k82022603/RummiArena/game-server/internal/handler/game_handler.go:40.16,43.3 2 0
github.com/k82022603/RummiArena/game-server/internal/handler/game_handler.go:45.2,45.29 1 0
github.com/k82022603/RummiArena/game-server/internal/handler/game_handler.go:56.50,58.9 2 0
github.com/k82022603/RummiArena/game-server/internal/handler/game_handler.go:58.9,61.3 2 0
github.com/k82022603/RummiArena/game-server/internal/handler/game_handler.go:63.2,64.18 2 0
github.com/k82022603/RummiArena/game-server/internal/handler/game_handler.go:64.18,67.3 2 0
github.com/k82022603/RummiArena/game-server/internal/handler/game_handler.go:69.2,70.47 2 0
github.com/k82022603/RummiArena/game-server/internal/handler/game_handler.go:70.47,73.3 2 0
github.com/k82022603/RummiArena/game-server/internal/handler/game_handler.go:75.2,80.16 2 0
github.com/k82022603/RummiArena/game-server/internal/handler/game_handler.go:80.16,83.3 2 0
github.com/k82022603/RummiArena/game-server/internal/handler/game_handler.go:85.2,85.31 1 0
github.com/k82022603/RummiArena/game-server/internal/handler/game_handler.go:96.51,98.9 2 0
github.com/k82022603/RummiArena/game-server/internal/handler/game_handler.go:98.9,101.3 2 0
github.com/k82022603/RummiArena/game-server/internal/handler/game_handler.go:103.2,104.18 2 0
github.com/k82022603/RummiArena/game-server/internal/handler/game_handler.go:104.18,107.3 2 0
github.com/k82022603/RummiArena/game-server/internal/handler/game_handler.go:109.2,110.47 2 0
github.com/k82022603/RummiArena/game-server/internal/handler/game_handler.go:110.47,113.3 2 0
github.com/k82022603/RummiArena/game-server/internal/handler/game_handler.go:115.2,120.16 2 0
github.com/k82022603/RummiArena/game-server/internal/handler/game_handler.go:120.16,121.68 1 0
github.com/k82022603/RummiArena/game-server/internal/handler/game_handler.go:121.68,130.4 2 0
github.com/k82022603/RummiArena/game-server/internal/handler/game_handler.go:131.3,132.9 2 0
github.com/k82022603/RummiArena/game-server/internal/handler/game_handler.go:135.2,135.31 1 0
github.com/k82022603/RummiArena/game-server/internal/handler/game_handler.go:144.48,146.9 2 0
github.com/k82022603/RummiArena/game-server/internal/handler/game_handler.go:146.9,149.3 2 0
github.com/k82022603/RummiArena/game-server/internal/handler/game_handler.go:151.2,152.18 2 0
github.com/k82022603/RummiArena/game-server/internal/handler/game_handler.go:152.18,155.3 2 0
github.com/k82022603/RummiArena/game-server/internal/handler/game_handler.go:157.2,158.47 2 0
github.com/k82022603/RummiArena/game-server/internal/handler/game_handler.go:158.47,161.3 2 0
github.com/k82022603/RummiArena/game-server/internal/handler/game_handler.go:163.2,164.16 2 0
github.com/k82022603/RummiArena/game-server/internal/handler/game_handler.go:164.16,167.3 2 0
github.com/k82022603/RummiArena/game-server/internal/handler/game_handler.go:169.2,169.31 1 0
github.com/k82022603/RummiArena/game-server/internal/handler/game_handler.go:178.49,180.9 2 0
github.com/k82022603/RummiArena/game-server/internal/handler/game_handler.go:180.9,183.3 2 0
github.com/k82022603/RummiArena/game-server/internal/handler/game_handler.go:185.2,186.18 2 0
github.com/k82022603/RummiArena/game-server/internal/handler/game_handler.go:186.18,189.3 2 0
github.com/k82022603/RummiArena/game-server/internal/handler/game_handler.go:191.2,192.47 2 0
github.com/k82022603/RummiArena/game-server/internal/handler/game_handler.go:192.47,195.3 2 0
github.com/k82022603/RummiArena/game-server/internal/handler/game_handler.go:197.2,198.16 2 0
github.com/k82022603/RummiArena/game-server/internal/handler/game_handler.go:198.16,201.3 2 0
github.com/k82022603/RummiArena/game-server/internal/handler/game_handler.go:203.2,203.31 1 0
github.com/k82022603/RummiArena/game-server/internal/handler/practice_handler.go:23.106,25.2 1 1
github.com/k82022603/RummiArena/game-server/internal/handler/practice_handler.go:36.56,38.9 2 1
github.com/k82022603/RummiArena/game-server/internal/handler/practice_handler.go:38.9,41.3 2 0
github.com/k82022603/RummiArena/game-server/internal/handler/practice_handler.go:43.2,44.47 2 1
github.com/k82022603/RummiArena/game-server/internal/handler/practice_handler.go:44.47,48.3 3 1
github.com/k82022603/RummiArena/game-server/internal/handler/practice_handler.go:50.2,51.27 2 1
github.com/k82022603/RummiArena/game-server/internal/handler/practice_handler.go:51.27,53.17 2 1
github.com/k82022603/RummiArena/game-server/internal/handler/practice_handler.go:53.17,57.4 3 1
github.com/k82022603/RummiArena/game-server/internal/handler/practice_handler.go:58.3,58.23 1 1
github.com/k82022603/RummiArena/game-server/internal/handler/practice_handler.go:61.2,68.73 2 1
github.com/k82022603/RummiArena/game-server/internal/handler/practice_handler.go:68.73,72.3 3 1
github.com/k82022603/RummiArena/game-server/internal/handler/practice_handler.go:74.2,74.36 1 1
github.com/k82022603/RummiArena/game-server/internal/handler/practice_handler.go:80.55,82.9 2 1
github.com/k82022603/RummiArena/game-server/internal/handler/practice_handler.go:82.9,85.3 2 0
github.com/k82022603/RummiArena/game-server/internal/handler/practice_handler.go:87.2,88.16 2 1
github.com/k82022603/RummiArena/game-server/internal/handler/practice_handler.go:88.16,92.3 3 1
github.com/k82022603/RummiArena/game-server/internal/handler/practice_handler.go:95.2,95.50 1 1
github.com/k82022603/RummiArena/game-server/internal/handler/practice_handler.go:95.50,97.17 2 1
github.com/k82022603/RummiArena/game-server/internal/handler/practice_handler.go:97.17,100.4 2 1
github.com/k82022603/RummiArena/game-server/internal/handler/practice_handler.go:101.3,102.29 2 1
github.com/k82022603/RummiArena/game-server/internal/handler/practice_handler.go:102.29,103.27 1 1
github.com/k82022603/RummiArena/game-server/internal/handler/practice_handler.go:103.27,105.5 1 1
github.com/k82022603/RummiArena/game-server/internal/handler/practice_handler.go:107.3,107.21 1 1
github.com/k82022603/RummiArena/game-server/internal/handler/practice_handler.go:110.2,113.4 1 1
github.com/k82022603/RummiArena/game-server/internal/handler/ranking_handler.go:22.94,24.2 1 1
github.com/k82022603/RummiArena/game-server/internal/handler/ranking_handler.go:28.55,30.9 2 1
github.com/k82022603/RummiArena/game-server/internal/handler/ranking_handler.go:30.9,32.3 1 1
github.com/k82022603/RummiArena/game-server/internal/handler/ranking_handler.go:34.2,36.16 3 1
github.com/k82022603/RummiArena/game-server/internal/handler/ranking_handler.go:36.16,40.3 3 1
github.com/k82022603/RummiArena/game-server/internal/handler/ranking_handler.go:42.2,43.16 2 1
github.com/k82022603/RummiArena/game-server/internal/handler/ranking_handler.go:43.16,45.3 1 0
github.com/k82022603/RummiArena/game-server/internal/handler/ranking_handler.go:47.2,48.28 2 1
github.com/k82022603/RummiArena/game-server/internal/handler/ranking_handler.go:48.28,50.3 1 1
github.com/k82022603/RummiArena/game-server/internal/handler/ranking_handler.go:52.2,59.4 1 1
github.com/k82022603/RummiArena/game-server/internal/handler/ranking_handler.go:64.61,66.16 2 1
github.com/k82022603/RummiArena/game-server/internal/handler/ranking_handler.go:66.16,69.3 2 0
github.com/k82022603/RummiArena/game-server/internal/handler/ranking_handler.go:71.2,71.24 1 1
github.com/k82022603/RummiArena/game-server/internal/handler/ranking_handler.go:71.24,75.3 2 1
github.com/k82022603/RummiArena/game-server/internal/handler/ranking_handler.go:77.2,78.9 2 1
github.com/k82022603/RummiArena/game-server/internal/handler/ranking_handler.go:78.9,80.3 1 0
github.com/k82022603/RummiArena/game-server/internal/handler/ranking_handler.go:82.2,84.16 3 1
github.com/k82022603/RummiArena/game-server/internal/handler/ranking_handler.go:84.16,89.3 3 0
github.com/k82022603/RummiArena/game-server/internal/handler/ranking_handler.go:91.2,92.16 2 1
github.com/k82022603/RummiArena/game-server/internal/handler/ranking_handler.go:92.16,95.3 1 0
github.com/k82022603/RummiArena/game-server/internal/handler/ranking_handler.go:97.2,98.28 2 1
github.com/k82022603/RummiArena/game-server/internal/handler/ranking_handler.go:98.28,100.3 1 1
github.com/k82022603/RummiArena/game-server/internal/handler/ranking_handler.go:102.2,110.4 1 1
github.com/k82022603/RummiArena/game-server/internal/handler/ranking_handler.go:115.56,117.18 2 1
github.com/k82022603/RummiArena/game-server/internal/handler/ranking_handler.go:117.18,120.3 2 0
github.com/k82022603/RummiArena/game-server/internal/handler/ranking_handler.go:122.2,123.16 2 1
github.com/k82022603/RummiArena/game-server/internal/handler/ranking_handler.go:123.16,124.45 1 1
github.com/k82022603/RummiArena/game-server/internal/handler/ranking_handler.go:124.45,127.4 2 1
github.com/k82022603/RummiArena/game-server/internal/handler/ranking_handler.go:128.3,131.9 3 0
github.com/k82022603/RummiArena/game-server/internal/handler/ranking_handler.go:134.2,134.57 1 1
github.com/k82022603/RummiArena/game-server/internal/handler/ranking_handler.go:139.63,141.18 2 1
github.com/k82022603/RummiArena/game-server/internal/handler/ranking_handler.go:141.18,144.3 2 0
github.com/k82022603/RummiArena/game-server/internal/handler/ranking_handler.go:146.2,148.29 3 1
github.com/k82022603/RummiArena/game-server/internal/handler/ranking_handler.go:148.29,151.3 2 1
github.com/k82022603/RummiArena/game-server/internal/handler/ranking_handler.go:152.2,152.17 1 1
github.com/k82022603/RummiArena/game-server/internal/handler/ranking_handler.go:152.17,154.3 1 0
github.com/k82022603/RummiArena/game-server/internal/handler/ranking_handler.go:156.2,157.16 2 1
github.com/k82022603/RummiArena/game-server/internal/handler/ranking_handler.go:157.16,162.3 3 0
github.com/k82022603/RummiArena/game-server/internal/handler/ranking_handler.go:164.2,168.4 1 1
github.com/k82022603/RummiArena/game-server/internal/handler/ranking_handler.go:208.66,221.2 1 1
github.com/k82022603/RummiArena/game-server/internal/handler/ranking_handler.go:224.66,242.2 2 1
github.com/k82022603/RummiArena/game-server/internal/handler/ranking_handler.go:248.95,254.29 5 1
github.com/k82022603/RummiArena/game-server/internal/handler/ranking_handler.go:254.29,257.3 2 1
github.com/k82022603/RummiArena/game-server/internal/handler/ranking_handler.go:258.2,258.22 1 1
github.com/k82022603/RummiArena/game-server/internal/handler/ranking_handler.go:258.22,260.3 1 0
github.com/k82022603/RummiArena/game-server/internal/handler/ranking_handler.go:262.2,263.30 2 1
github.com/k82022603/RummiArena/game-server/internal/handler/ranking_handler.go:263.30,266.3 2 0
github.com/k82022603/RummiArena/game-server/internal/handler/ranking_handler.go:268.2,268.28 1 1
github.com/k82022603/RummiArena/game-server/internal/handler/ranking_handler.go:272.36,273.14 1 1
github.com/k82022603/RummiArena/game-server/internal/handler/ranking_handler.go:274.69,275.14 1 1
github.com/k82022603/RummiArena/game-server/internal/handler/ranking_handler.go:277.2,277.14 1 1
github.com/k82022603/RummiArena/game-server/internal/handler/ranking_handler.go:281.49,282.22 1 1
github.com/k82022603/RummiArena/game-server/internal/handler/ranking_handler.go:282.22,284.3 1 1
github.com/k82022603/RummiArena/game-server/internal/handler/ranking_handler.go:285.2,285.51 1 1
github.com/k82022603/RummiArena/game-server/internal/handler/ranking_handler.go:289.88,303.12 4 1
github.com/k82022603/RummiArena/game-server/internal/handler/ranking_handler.go:303.12,305.3 1 0
github.com/k82022603/RummiArena/game-server/internal/handler/ranking_handler.go:306.2,306.23 1 1
github.com/k82022603/RummiArena/game-server/internal/handler/ranking_handler.go:306.23,308.3 1 1
github.com/k82022603/RummiArena/game-server/internal/handler/ranking_handler.go:309.2,310.15 2 1
github.com/k82022603/RummiArena/game-server/internal/handler/ranking_handler.go:310.15,312.3 1 0
github.com/k82022603/RummiArena/game-server/internal/handler/ranking_handler.go:313.2,314.18 2 1
github.com/k82022603/RummiArena/game-server/internal/handler/ranking_handler.go:314.18,316.3 1 0
github.com/k82022603/RummiArena/game-server/internal/handler/ranking_handler.go:317.2,317.20 1 1
github.com/k82022603/RummiArena/game-server/internal/handler/ranking_handler.go:317.20,319.3 1 0
github.com/k82022603/RummiArena/game-server/internal/handler/ranking_handler.go:320.2,320.41 1 1
github.com/k82022603/RummiArena/game-server/internal/handler/room_handler.go:26.63,28.2 1 0
github.com/k82022603/RummiArena/game-server/internal/handler/room_handler.go:38.50,40.9 2 0
github.com/k82022603/RummiArena/game-server/internal/handler/room_handler.go:40.9,43.3 2 0
github.com/k82022603/RummiArena/game-server/internal/handler/room_handler.go:45.2,46.47 2 0
github.com/k82022603/RummiArena/game-server/internal/handler/room_handler.go:46.47,49.3 2 0
github.com/k82022603/RummiArena/game-server/internal/handler/room_handler.go:51.2,57.16 2 0
github.com/k82022603/RummiArena/game-server/internal/handler/room_handler.go:57.16,60.3 2 0
github.com/k82022603/RummiArena/game-server/internal/handler/room_handler.go:62.2,62.53 1 0
github.com/k82022603/RummiArena/game-server/internal/handler/room_handler.go:68.49,70.16 2 0
github.com/k82022603/RummiArena/game-server/internal/handler/room_handler.go:70.16,73.3 2 0
github.com/k82022603/RummiArena/game-server/internal/handler/room_handler.go:79.2,80.49 2 0
github.com/k82022603/RummiArena/game-server/internal/handler/room_handler.go:80.49,82.27 2 0
github.com/k82022603/RummiArena/game-server/internal/handler/room_handler.go:82.27,83.40 1 0
github.com/k82022603/RummiArena/game-server/internal/handler/room_handler.go:83.40,85.5 1 0
github.com/k82022603/RummiArena/game-server/internal/handler/room_handler.go:87.3,87.19 1 0
github.com/k82022603/RummiArena/game-server/internal/handler/room_handler.go:90.2,91.26 2 0
github.com/k82022603/RummiArena/game-server/internal/handler/room_handler.go:91.26,93.3 1 0
github.com/k82022603/RummiArena/game-server/internal/handler/room_handler.go:95.2,98.4 1 0
github.com/k82022603/RummiArena/game-server/internal/handler/room_handler.go:102.47,104.14 2 0
github.com/k82022603/RummiArena/game-server/internal/handler/room_handler.go:104.14,107.3 2 0
github.com/k82022603/RummiArena/game-server/internal/handler/room_handler.go:109.2,110.16 2 0
github.com/k82022603/RummiArena/game-server/internal/handler/room_handler.go:110.16,113.3 2 0
github.com/k82022603/RummiArena/game-server/internal/handler/room_handler.go:115.2,115.48 1 0
github.com/k82022603/RummiArena/game-server/internal/handler/room_handler.go:119.48,121.9 2 0
github.com/k82022603/RummiArena/game-server/internal/handler/room_handler.go:121.9,124.3 2 0
github.com/k82022603/RummiArena/game-server/internal/handler/room_handler.go:126.2,127.18 2 0
github.com/k82022603/RummiArena/game-server/internal/handler/room_handler.go:127.18,130.3 2 0
github.com/k82022603/RummiArena/game-server/internal/handler/room_handler.go:132.2,132.59 1 0
github.com/k82022603/RummiArena/game-server/internal/handler/room_handler.go:132.59,135.3 2 0
github.com/k82022603/RummiArena/game-server/internal/handler/room_handler.go:137.2,138.16 2 0
github.com/k82022603/RummiArena/game-server/internal/handler/room_handler.go:138.16,141.3 2 0
github.com/k82022603/RummiArena/game-server/internal/handler/room_handler.go:143.2,143.48 1 0
github.com/k82022603/RummiArena/game-server/internal/handler/room_handler.go:147.49,149.9 2 0
github.com/k82022603/RummiArena/game-server/internal/handler/room_handler.go:149.9,152.3 2 0
github.com/k82022603/RummiArena/game-server/internal/handler/room_handler.go:154.2,155.18 2 0
github.com/k82022603/RummiArena/game-server/internal/handler/room_handler.go:155.18,158.3 2 0
github.com/k82022603/RummiArena/game-server/internal/handler/room_handler.go:160.2,161.16 2 0
github.com/k82022603/RummiArena/game-server/internal/handler/room_handler.go:161.16,164.3 2 0
github.com/k82022603/RummiArena/game-server/internal/handler/room_handler.go:166.2,166.48 1 0
github.com/k82022603/RummiArena/game-server/internal/handler/room_handler.go:170.49,172.9 2 0
github.com/k82022603/RummiArena/game-server/internal/handler/room_handler.go:172.9,175.3 2 0
github.com/k82022603/RummiArena/game-server/internal/handler/room_handler.go:177.2,178.18 2 0
github.com/k82022603/RummiArena/game-server/internal/handler/room_handler.go:178.18,181.3 2 0
github.com/k82022603/RummiArena/game-server/internal/handler/room_handler.go:183.2,184.16 2 0
github.com/k82022603/RummiArena/game-server/internal/handler/room_handler.go:184.16,187.3 2 0
github.com/k82022603/RummiArena/game-server/internal/handler/room_handler.go:189.2,193.4 1 0
github.com/k82022603/RummiArena/game-server/internal/handler/room_handler.go:197.50,199.9 2 0
github.com/k82022603/RummiArena/game-server/internal/handler/room_handler.go:199.9,202.3 2 0
github.com/k82022603/RummiArena/game-server/internal/handler/room_handler.go:204.2,205.18 2 0
github.com/k82022603/RummiArena/game-server/internal/handler/room_handler.go:205.18,208.3 2 0
github.com/k82022603/RummiArena/game-server/internal/handler/room_handler.go:210.2,210.61 1 0
github.com/k82022603/RummiArena/game-server/internal/handler/room_handler.go:210.61,213.3 2 0
github.com/k82022603/RummiArena/game-server/internal/handler/room_handler.go:215.2,215.74 1 0
github.com/k82022603/RummiArena/game-server/internal/handler/room_handler.go:221.62,237.2 1 0
github.com/k82022603/RummiArena/game-server/internal/handler/room_handler.go:240.69,247.2 1 1
github.com/k82022603/RummiArena/game-server/internal/handler/room_handler.go:250.52,251.47 1 0
github.com/k82022603/RummiArena/game-server/internal/handler/room_handler.go:251.47,259.3 2 0
github.com/k82022603/RummiArena/game-server/internal/handler/room_handler.go:261.2,266.4 1 0
github.com/k82022603/RummiArena/game-server/internal/handler/ws_connection.go:44.97,52.2 1 0
github.com/k82022603/RummiArena/game-server/internal/handler/ws_connection.go:55.43,61.25 5 1
github.com/k82022603/RummiArena/game-server/internal/handler/ws_connection.go:61.25,63.3 1 1
github.com/k82022603/RummiArena/game-server/internal/handler/ws_connection.go:65.2,66.16 2 1
github.com/k82022603/RummiArena/game-server/internal/handler/ws_connection.go:66.16,69.3 2 0
github.com/k82022603/RummiArena/game-server/internal/handler/ws_connection.go:71.2,71.9 1 1
github.com/k82022603/RummiArena/game-server/internal/handler/ws_connection.go:72.22,72.22 0 1
github.com/k82022603/RummiArena/game-server/internal/handler/ws_connection.go:73.10,77.4 1 0
github.com/k82022603/RummiArena/game-server/internal/handler/ws_connection.go:82.54,87.2 1 0
github.com/k82022603/RummiArena/game-server/internal/handler/ws_connection.go:90.30,91.24 1 1
github.com/k82022603/RummiArena/game-server/internal/handler/ws_connection.go:91.24,93.3 1 1
github.com/k82022603/RummiArena/game-server/internal/handler/ws_connection.go:98.63,99.19 1 1
github.com/k82022603/RummiArena/game-server/internal/handler/ws_connection.go:99.19,102.3 2 0
github.com/k82022603/RummiArena/game-server/internal/handler/ws_connection.go:103.2,103.11 1 1
github.com/k82022603/RummiArena/game-server/internal/handler/ws_connection.go:108.34,109.15 1 0
github.com/k82022603/RummiArena/game-server/internal/handler/ws_connection.go:109.15,109.37 1 0
github.com/k82022603/RummiArena/game-server/internal/handler/ws_connection.go:111.2,111.27 1 0
github.com/k82022603/RummiArena/game-server/internal/handler/ws_connection.go:111.27,113.74 2 0
github.com/k82022603/RummiArena/game-server/internal/handler/ws_connection.go:113.74,116.4 2 0
github.com/k82022603/RummiArena/game-server/internal/handler/ws_connection.go:123.71,124.15 1 0
github.com/k82022603/RummiArena/game-server/internal/handler/ws_connection.go:124.15,127.3 2 0
github.com/k82022603/RummiArena/game-server/internal/handler/ws_connection.go:129.2,131.6 2 0
github.com/k82022603/RummiArena/game-server/internal/handler/ws_connection.go:131.6,136.17 3 0
github.com/k82022603/RummiArena/game-server/internal/handler/ws_connection.go:136.17,137.101 1 0
github.com/k82022603/RummiArena/game-server/internal/handler/ws_connection.go:137.101,139.5 1 0
github.com/k82022603/RummiArena/game-server/internal/handler/ws_connection.go:140.4,140.10 1 0
github.com/k82022603/RummiArena/game-server/internal/handler/ws_connection.go:143.3,144.52 2 0
github.com/k82022603/RummiArena/game-server/internal/handler/ws_connection.go:144.52,146.12 2 0
github.com/k82022603/RummiArena/game-server/internal/handler/ws_connection.go:149.3,149.19 1 0
github.com/k82022603/RummiArena/game-server/internal/handler/ws_handler.go:25.42,27.3 1 0
github.com/k82022603/RummiArena/game-server/internal/handler/ws_handler.go:54.14,64.2 1 0
github.com/k82022603/RummiArena/game-server/internal/handler/ws_handler.go:67.67,69.2 1 0
github.com/k82022603/RummiArena/game-server/internal/handler/ws_handler.go:73.55,75.2 1 0
github.com/k82022603/RummiArena/game-server/internal/handler/ws_handler.go:79.46,81.18 2 0
github.com/k82022603/RummiArena/game-server/internal/handler/ws_handler.go:81.18,84.3 2 0
github.com/k82022603/RummiArena/game-server/internal/handler/ws_handler.go:86.2,87.16 2 0
github.com/k82022603/RummiArena/game-server/internal/handler/ws_handler.go:87.16,90.3 2 0
github.com/k82022603/RummiArena/game-server/internal/handler/ws_handler.go:92.2,95.27 2 0
github.com/k82022603/RummiArena/game-server/internal/handler/ws_handler.go:95.27,98.3 2 0
github.com/k82022603/RummiArena/game-server/internal/handler/ws_handler.go:101.2,114.23 3 0
github.com/k82022603/RummiArena/game-server/internal/handler/ws_handler.go:114.23,116.3 1 0
github.com/k82022603/RummiArena/game-server/internal/handler/ws_handler.go:119.2,121.18 2 0
github.com/k82022603/RummiArena/game-server/internal/handler/ws_handler.go:121.18,131.3 1 0
github.com/k82022603/RummiArena/game-server/internal/handler/ws_handler.go:131.8,134.3 1 0
github.com/k82022603/RummiArena/game-server/internal/handler/ws_handler.go:137.2,140.26 2 0
github.com/k82022603/RummiArena/game-server/internal/handler/ws_handler.go:156.57,160.16 3 0
github.com/k82022603/RummiArena/game-server/internal/handler/ws_handler.go:160.16,164.3 3 0
github.com/k82022603/RummiArena/game-server/internal/handler/ws_handler.go:167.2,170.51 3 0
github.com/k82022603/RummiArena/game-server/internal/handler/ws_handler.go:170.51,174.3 3 0
github.com/k82022603/RummiArena/game-server/internal/handler/ws_handler.go:176.2,176.25 1 0
github.com/k82022603/RummiArena/game-server/internal/handler/ws_handler.go:176.25,180.3 3 0
github.com/k82022603/RummiArena/game-server/internal/handler/ws_handler.go:182.2,183.62 2 0
github.com/k82022603/RummiArena/game-server/internal/handler/ws_handler.go:183.62,187.3 3 0
github.com/k82022603/RummiArena/game-server/internal/handler/ws_handler.go:190.2,191.16 2 0
github.com/k82022603/RummiArena/game-server/internal/handler/ws_handler.go:191.16,195.3 3 0
github.com/k82022603/RummiArena/game-server/internal/handler/ws_handler.go:198.2,199.16 2 0
github.com/k82022603/RummiArena/game-server/internal/handler/ws_handler.go:199.16,203.3 3 0
github.com/k82022603/RummiArena/game-server/internal/handler/ws_handler.go:205.2,207.33 3 0
github.com/k82022603/RummiArena/game-server/internal/handler/ws_handler.go:207.33,208.25 1 0
github.com/k82022603/RummiArena/game-server/internal/handler/ws_handler.go:208.25,210.27 2 0
github.com/k82022603/RummiArena/game-server/internal/handler/ws_handler.go:210.27,212.5 1 0
github.com/k82022603/RummiArena/game-server/internal/handler/ws_handler.go:213.4,213.9 1 0
github.com/k82022603/RummiArena/game-server/internal/handler/ws_handler.go:217.2,217.14 1 0
github.com/k82022603/RummiArena/game-server/internal/handler/ws_handler.go:217.14,221.3 3 0
github.com/k82022603/RummiArena/game-server/internal/handler/ws_handler.go:224.2,228.24 5 0
github.com/k82022603/RummiArena/game-server/internal/handler/ws_handler.go:228.24,230.3 1 0
github.com/k82022603/RummiArena/game-server/internal/handler/ws_handler.go:232.2,237.13 2 0
github.com/k82022603/RummiArena/game-server/internal/handler/ws_handler.go:240.81,242.94 2 0
github.com/k82022603/RummiArena/game-server/internal/handler/ws_handler.go:242.94,243.54 1 0
github.com/k82022603/RummiArena/game-server/internal/handler/ws_handler.go:243.54,245.4 1 0
github.com/k82022603/RummiArena/game-server/internal/handler/ws_handler.go:246.3,246.34 1 0
github.com/k82022603/RummiArena/game-server/internal/handler/ws_handler.go:248.2,248.32 1 0
github.com/k82022603/RummiArena/game-server/internal/handler/ws_handler.go:248.32,250.3 1 0
github.com/k82022603/RummiArena/game-server/internal/handler/ws_handler.go:251.2,251.41 1 0
github.com/k82022603/RummiArena/game-server/internal/handler/ws_handler.go:255.80,264.2 3 0
github.com/k82022603/RummiArena/game-server/internal/handler/ws_handler.go:267.83,270.2 2 0
github.com/k82022603/RummiArena/game-server/internal/handler/ws_handler.go:276.70,277.97 1 0
github.com/k82022603/RummiArena/game-server/internal/handler/ws_handler.go:277.97,280.3 2 0
github.com/k82022603/RummiArena/game-server/internal/handler/ws_handler.go:282.2,282.18 1 0
github.com/k82022603/RummiArena/game-server/internal/handler/ws_handler.go:283.21,284.32 1 0
github.com/k82022603/RummiArena/game-server/internal/handler/ws_handler.go:285.22,286.33 1 0
github.com/k82022603/RummiArena/game-server/internal/handler/ws_handler.go:287.19,288.25 1 0
github.com/k82022603/RummiArena/game-server/internal/handler/ws_handler.go:289.20,290.26 1 0
github.com/k82022603/RummiArena/game-server/internal/handler/ws_handler.go:291.15,292.21 1 0
github.com/k82022603/RummiArena/game-server/internal/handler/ws_handler.go:293.15,294.26 1 0
github.com/k82022603/RummiArena/game-server/internal/handler/ws_handler.go:295.20,296.26 1 0
github.com/k82022603/RummiArena/game-server/internal/handler/ws_handler.go:297.10,298.98 1 0
github.com/k82022603/RummiArena/game-server/internal/handler/ws_handler.go:306.73,308.62 2 0
github.com/k82022603/RummiArena/game-server/internal/handler/ws_handler.go:308.62,311.3 2 0
github.com/k82022603/RummiArena/game-server/internal/handler/ws_handler.go:314.2,323.16 4 0
github.com/k82022603/RummiArena/game-server/internal/handler/ws_handler.go:323.16,324.52 1 0
github.com/k82022603/RummiArena/game-server/internal/handler/ws_handler.go:324.52,327.4 2 0
github.com/k82022603/RummiArena/game-server/internal/handler/ws_handler.go:328.3,330.9 3 0
github.com/k82022603/RummiArena/game-server/internal/handler/ws_handler.go:334.2,341.4 1 0
github.com/k82022603/RummiArena/game-server/internal/handler/ws_handler.go:344.74,346.62 2 0
github.com/k82022603/RummiArena/game-server/internal/handler/ws_handler.go:346.62,349.3 2 0
github.com/k82022603/RummiArena/game-server/internal/handler/ws_handler.go:351.2,360.16 4 0
github.com/k82022603/RummiArena/game-server/internal/handler/ws_handler.go:360.16,362.39 1 0
github.com/k82022603/RummiArena/game-server/internal/handler/ws_handler.go:362.39,373.4 2 0
github.com/k82022603/RummiArena/game-server/internal/handler/ws_handler.go:375.3,375.52 1 0
github.com/k82022603/RummiArena/game-server/internal/handler/ws_handler.go:375.52,378.4 2 0
github.com/k82022603/RummiArena/game-server/internal/handler/ws_handler.go:379.3,381.9 3 0
github.com/k82022603/RummiArena/game-server/internal/handler/ws_handler.go:384.2,387.22 2 0
github.com/k82022603/RummiArena/game-server/internal/handler/ws_handler.go:387.22,390.3 2 0
github.com/k82022603/RummiArena/game-server/internal/handler/ws_handler.go:393.2,395.20 3 0
github.com/k82022603/RummiArena/game-server/internal/handler/ws_handler.go:395.20,397.3 1 0
github.com/k82022603/RummiArena/game-server/internal/handler/ws_handler.go:398.2,401.42 2 0
github.com/k82022603/RummiArena/game-server/internal/handler/ws_handler.go:404.54,408.20 3 0
github.com/k82022603/RummiArena/game-server/internal/handler/ws_handler.go:408.20,410.3 1 0
github.com/k82022603/RummiArena/game-server/internal/handler/ws_handler.go:412.2,413.16 2 0
github.com/k82022603/RummiArena/game-server/internal/handler/ws_handler.go:413.16,414.52 1 0
github.com/k82022603/RummiArena/game-server/internal/handler/ws_handler.go:414.52,417.4 2 0
github.com/k82022603/RummiArena/game-server/internal/handler/ws_handler.go:418.3,420.9 3 0
github.com/k82022603/RummiArena/game-server/internal/handler/ws_handler.go:423.2,426.22 2 0
github.com/k82022603/RummiArena/game-server/internal/handler/ws_handler.go:426.22,429.3 2 0
github.com/k82022603/RummiArena/game-server/internal/handler/ws_handler.go:432.2,434.20 3 0
github.com/k82022603/RummiArena/game-server/internal/handler/ws_handler.go:434.20,436.29 2 0
github.com/k82022603/RummiArena/game-server/internal/handler/ws_handler.go:436.29,438.4 1 0
github.com/k82022603/RummiArena/game-server/internal/handler/ws_handler.go:441.2,442.20 2 0
github.com/k82022603/RummiArena/game-server/internal/handler/ws_handler.go:442.20,444.3 1 0
github.com/k82022603/RummiArena/game-server/internal/handler/ws_handler.go:447.2,470.42 4 0
github.com/k82022603/RummiArena/game-server/internal/handler/ws_handler.go:473.55,475.16 2 0
github.com/k82022603/RummiArena/game-server/internal/handler/ws_handler.go:475.16,476.52 1 0
github.com/k82022603/RummiArena/game-server/internal/handler/ws_handler.go:476.52,479.4 2 0
github.com/k82022603/RummiArena/game-server/internal/handler/ws_handler.go:480.3,481.9 2 0
github.com/k82022603/RummiArena/game-server/internal/handler/ws_handler.go:485.2,485.23 1 0
github.com/k82022603/RummiArena/game-server/internal/handler/ws_handler.go:488.50,495.2 1 0
github.com/k82022603/RummiArena/game-server/internal/handler/ws_handler.go:497.67,499.62 2 0
github.com/k82022603/RummiArena/game-server/internal/handler/ws_handler.go:499.62,502.3 2 0
github.com/k82022603/RummiArena/game-server/internal/handler/ws_handler.go:504.2,504.32 1 0
github.com/k82022603/RummiArena/game-server/internal/handler/ws_handler.go:504.32,507.3 2 0
github.com/k82022603/RummiArena/game-server/internal/handler/ws_handler.go:509.2,517.4 1 0
github.com/k82022603/RummiArena/game-server/internal/handler/ws_handler.go:520.55,531.2 2 0
github.com/k82022603/RummiArena/game-server/internal/handler/ws_handler.go:537.53,539.16 2 0
github.com/k82022603/RummiArena/game-server/internal/handler/ws_handler.go:539.16,542.3 2 0
github.com/k82022603/RummiArena/game-server/internal/handler/ws_handler.go:544.2,545.31 2 0
github.com/k82022603/RummiArena/game-server/internal/handler/ws_handler.go:545.31,547.3 1 0
github.com/k82022603/RummiArena/game-server/internal/handler/ws_handler.go:549.2,550.33 2 0
github.com/k82022603/RummiArena/game-server/internal/handler/ws_handler.go:550.33,559.3 1 0
github.com/k82022603/RummiArena/game-server/internal/handler/ws_handler.go:561.2,574.4 1 0
github.com/k82022603/RummiArena/game-server/internal/handler/ws_handler.go:577.59,589.2 1 0
github.com/k82022603/RummiArena/game-server/internal/handler/ws_handler.go:591.117,595.20 4 0
github.com/k82022603/RummiArena/game-server/internal/handler/ws_handler.go:595.20,598.3 2 0
github.com/k82022603/RummiArena/game-server/internal/handler/ws_handler.go:600.2,612.4 1 0
github.com/k82022603/RummiArena/game-server/internal/handler/ws_handler.go:615.84,619.20 4 1
github.com/k82022603/RummiArena/game-server/internal/handler/ws_handler.go:619.20,622.3 2 1
github.com/k82022603/RummiArena/game-server/internal/handler/ws_handler.go:624.2,635.87 2 1
github.com/k82022603/RummiArena/game-server/internal/handler/ws_handler.go:635.87,637.3 1 0
github.com/k82022603/RummiArena/game-server/internal/handler/ws_handler.go:640.86,642.34 2 0
github.com/k82022603/RummiArena/game-server/internal/handler/ws_handler.go:642.34,649.3 1 0
github.com/k82022603/RummiArena/game-server/internal/handler/ws_handler.go:651.2,653.34 3 0
github.com/k82022603/RummiArena/game-server/internal/handler/ws_handler.go:653.34,654.23 1 0
github.com/k82022603/RummiArena/game-server/internal/handler/ws_handler.go:654.23,657.9 3 0
github.com/k82022603/RummiArena/game-server/internal/handler/ws_handler.go:661.2,675.58 3 0
github.com/k82022603/RummiArena/game-server/internal/handler/ws_handler.go:675.58,680.3 1 0
github.com/k82022603/RummiArena/game-server/internal/handler/ws_handler.go:689.113,727.16 10 1
github.com/k82022603/RummiArena/game-server/internal/handler/ws_handler.go:727.16,735.3 3 1
github.com/k82022603/RummiArena/game-server/internal/handler/ws_handler.go:737.2,737.59 1 1
github.com/k82022603/RummiArena/game-server/internal/handler/ws_handler.go:737.59,739.3 1 1
github.com/k82022603/RummiArena/game-server/internal/handler/ws_handler.go:739.8,741.3 1 0
github.com/k82022603/RummiArena/game-server/internal/handler/ws_handler.go:746.96,748.37 2 1
github.com/k82022603/RummiArena/game-server/internal/handler/ws_handler.go:748.37,750.3 1 1
github.com/k82022603/RummiArena/game-server/internal/handler/ws_handler.go:752.2,759.54 3 1
github.com/k82022603/RummiArena/game-server/internal/handler/ws_handler.go:759.54,761.20 2 1
github.com/k82022603/RummiArena/game-server/internal/handler/ws_handler.go:761.20,763.4 1 1
github.com/k82022603/RummiArena/game-server/internal/handler/ws_handler.go:764.3,770.9 3 1
github.com/k82022603/RummiArena/game-server/internal/handler/ws_handler.go:773.2,774.22 2 1
github.com/k82022603/RummiArena/game-server/internal/handler/ws_handler.go:774.22,777.3 2 1
github.com/k82022603/RummiArena/game-server/internal/handler/ws_handler.go:779.2,780.37 2 1
github.com/k82022603/RummiArena/game-server/internal/handler/ws_handler.go:785.66,787.16 2 1
github.com/k82022603/RummiArena/game-server/internal/handler/ws_handler.go:787.16,794.3 2 0
github.com/k82022603/RummiArena/game-server/internal/handler/ws_handler.go:796.2,797.22 2 1
github.com/k82022603/RummiArena/game-server/internal/handler/ws_handler.go:797.22,800.3 2 1
github.com/k82022603/RummiArena/game-server/internal/handler/ws_handler.go:803.2,805.20 3 1
github.com/k82022603/RummiArena/game-server/internal/handler/ws_handler.go:805.20,807.3 1 1
github.com/k82022603/RummiArena/game-server/internal/handler/ws_handler.go:808.2,819.37 3 1
github.com/k82022603/RummiArena/game-server/internal/handler/ws_handler.go:824.133,828.20 4 1
github.com/k82022603/RummiArena/game-server/internal/handler/ws_handler.go:828.20,831.3 2 1
github.com/k82022603/RummiArena/game-server/internal/handler/ws_handler.go:833.2,845.4 1 1
github.com/k82022603/RummiArena/game-server/internal/handler/ws_handler.go:850.92,852.34 2 1
github.com/k82022603/RummiArena/game-server/internal/handler/ws_handler.go:852.34,859.3 1 1
github.com/k82022603/RummiArena/game-server/internal/handler/ws_handler.go:861.2,863.34 3 1
github.com/k82022603/RummiArena/game-server/internal/handler/ws_handler.go:863.34,864.23 1 1
github.com/k82022603/RummiArena/game-server/internal/handler/ws_handler.go:864.23,867.9 3 1
github.com/k82022603/RummiArena/game-server/internal/handler/ws_handler.go:871.2,885.53 3 1
github.com/k82022603/RummiArena/game-server/internal/handler/ws_handler.go:885.53,890.3 1 1
github.com/k82022603/RummiArena/game-server/internal/handler/ws_handler.go:896.60,897.22 1 1
github.com/k82022603/RummiArena/game-server/internal/handler/ws_handler.go:897.22,899.3 1 1
github.com/k82022603/RummiArena/game-server/internal/handler/ws_handler.go:901.2,910.34 5 0
github.com/k82022603/RummiArena/game-server/internal/handler/ws_handler.go:910.34,911.21 1 0
github.com/k82022603/RummiArena/game-server/internal/handler/ws_handler.go:911.21,912.12 1 0
github.com/k82022603/RummiArena/game-server/internal/handler/ws_handler.go:914.3,914.80 1 0
github.com/k82022603/RummiArena/game-server/internal/handler/ws_handler.go:916.2,916.21 1 0
github.com/k82022603/RummiArena/game-server/internal/handler/ws_handler.go:916.21,918.3 1 0
github.com/k82022603/RummiArena/game-server/internal/handler/ws_handler.go:921.2,921.37 1 0
github.com/k82022603/RummiArena/game-server/internal/handler/ws_handler.go:921.37,922.40 1 0
github.com/k82022603/RummiArena/game-server/internal/handler/ws_handler.go:922.40,923.49 1 0
github.com/k82022603/RummiArena/game-server/internal/handler/ws_handler.go:923.49,925.5 1 0
github.com/k82022603/RummiArena/game-server/internal/handler/ws_handler.go:930.2,932.28 3 0
github.com/k82022603/RummiArena/game-server/internal/handler/ws_handler.go:932.28,934.17 2 0
github.com/k82022603/RummiArena/game-server/internal/handler/ws_handler.go:934.17,937.4 2 0
github.com/k82022603/RummiArena/game-server/internal/handler/ws_handler.go:937.9,940.4 2 0
github.com/k82022603/RummiArena/game-server/internal/handler/ws_handler.go:944.2,945.28 2 0
github.com/k82022603/RummiArena/game-server/internal/handler/ws_handler.go:945.28,951.3 1 0
github.com/k82022603/RummiArena/game-server/internal/handler/ws_handler.go:954.2,955.23 2 0
github.com/k82022603/RummiArena/game-server/internal/handler/ws_handler.go:955.23,957.3 1 0
github.com/k82022603/RummiArena/game-server/internal/handler/ws_handler.go:959.2,962.29 2 0
github.com/k82022603/RummiArena/game-server/internal/handler/ws_handler.go:962.29,971.17 6 0
github.com/k82022603/RummiArena/game-server/internal/handler/ws_handler.go:971.17,975.4 3 0
github.com/k82022603/RummiArena/game-server/internal/handler/ws_handler.go:977.3,978.15 2 0
github.com/k82022603/RummiArena/game-server/internal/handler/ws_handler.go:978.15,981.4 2 0
github.com/k82022603/RummiArena/game-server/internal/handler/ws_handler.go:981.9,984.4 2 0
github.com/k82022603/RummiArena/game-server/internal/handler/ws_handler.go:986.3,988.17 3 0
github.com/k82022603/RummiArena/game-server/internal/handler/ws_handler.go:988.17,989.40 1 0
github.com/k82022603/RummiArena/game-server/internal/handler/ws_handler.go:989.40,991.5 1 0
github.com/k82022603/RummiArena/game-server/internal/handler/ws_handler.go:992.4,992.40 1 0
github.com/k82022603/RummiArena/game-server/internal/handler/ws_handler.go:992.40,994.5 1 0
github.com/k82022603/RummiArena/game-server/internal/handler/ws_handler.go:997.3,1010.67 2 0
github.com/k82022603/RummiArena/game-server/internal/handler/ws_handler.go:1010.67,1015.4 1 0
github.com/k82022603/RummiArena/game-server/internal/handler/ws_handler.go:1015.9,1018.4 1 0
github.com/k82022603/RummiArena/game-server/internal/handler/ws_handler.go:1021.3,1030.68 2 0
github.com/k82022603/RummiArena/game-server/internal/handler/ws_handler.go:1030.68,1035.4 1 0
github.com/k82022603/RummiArena/game-server/internal/handler/ws_handler.go:1037.3,1043.4 1 0
github.com/k82022603/RummiArena/game-server/internal/handler/ws_handler.go:1052.78,1053.26 1 0
github.com/k82022603/RummiArena/game-server/internal/handler/ws_handler.go:1053.26,1055.3 1 0
github.com/k82022603/RummiArena/game-server/internal/handler/ws_handler.go:1057.2,1063.30 5 0
github.com/k82022603/RummiArena/game-server/internal/handler/ws_handler.go:1063.30,1065.3 1 0
github.com/k82022603/RummiArena/game-server/internal/handler/ws_handler.go:1067.2,1067.42 1 0
github.com/k82022603/RummiArena/game-server/internal/handler/ws_handler.go:1067.42,1076.3 2 0
github.com/k82022603/RummiArena/game-server/internal/handler/ws_handler.go:1078.2,1082.3 1 0
github.com/k82022603/RummiArena/game-server/internal/handler/ws_handler.go:1086.52,1087.22 1 0
github.com/k82022603/RummiArena/game-server/internal/handler/ws_handler.go:1087.22,1089.3 1 0
github.com/k82022603/RummiArena/game-server/internal/handler/ws_handler.go:1090.2,1090.20 1 0
github.com/k82022603/RummiArena/game-server/internal/handler/ws_handler.go:1090.20,1092.3 1 0
github.com/k82022603/RummiArena/game-server/internal/handler/ws_handler.go:1093.2,1093.11 1 0
github.com/k82022603/RummiArena/game-server/internal/handler/ws_handler.go:1097.50,1098.20 1 1
github.com/k82022603/RummiArena/game-server/internal/handler/ws_handler.go:1099.19,1100.18 1 1
github.com/k82022603/RummiArena/game-server/internal/handler/ws_handler.go:1101.19,1102.18 1 1
github.com/k82022603/RummiArena/game-server/internal/handler/ws_handler.go:1103.21,1104.20 1 1
github.com/k82022603/RummiArena/game-server/internal/handler/ws_handler.go:1105.18,1106.18 1 1
github.com/k82022603/RummiArena/game-server/internal/handler/ws_handler.go:1107.10,1108.18 1 1
github.com/k82022603/RummiArena/game-server/internal/handler/ws_handler.go:1113.87,1115.28 2 1
github.com/k82022603/RummiArena/game-server/internal/handler/ws_handler.go:1115.28,1116.28 1 1
github.com/k82022603/RummiArena/game-server/internal/handler/ws_handler.go:1116.28,1121.4 1 1
github.com/k82022603/RummiArena/game-server/internal/handler/ws_handler.go:1123.2,1123.18 1 1
github.com/k82022603/RummiArena/game-server/internal/handler/ws_handler.go:1127.69,1129.26 2 1
github.com/k82022603/RummiArena/game-server/internal/handler/ws_handler.go:1129.26,1131.29 2 1
github.com/k82022603/RummiArena/game-server/internal/handler/ws_handler.go:1131.29,1133.4 1 1
github.com/k82022603/RummiArena/game-server/internal/handler/ws_handler.go:1134.3,1134.45 1 1
github.com/k82022603/RummiArena/game-server/internal/handler/ws_handler.go:1136.2,1136.15 1 1
github.com/k82022603/RummiArena/game-server/internal/handler/ws_handler.go:1139.56,1155.2 2 0
github.com/k82022603/RummiArena/game-server/internal/handler/ws_handler.go:1161.71,1163.27 2 0
github.com/k82022603/RummiArena/game-server/internal/handler/ws_handler.go:1163.27,1165.3 1 0
github.com/k82022603/RummiArena/game-server/internal/handler/ws_handler.go:1166.2,1166.15 1 0
github.com/k82022603/RummiArena/game-server/internal/handler/ws_handler.go:1169.69,1171.26 2 1
github.com/k82022603/RummiArena/game-server/internal/handler/ws_handler.go:1171.26,1173.29 2 0
github.com/k82022603/RummiArena/game-server/internal/handler/ws_handler.go:1173.29,1175.4 1 0
github.com/k82022603/RummiArena/game-server/internal/handler/ws_handler.go:1176.3,1176.51 1 0
github.com/k82022603/RummiArena/game-server/internal/handler/ws_handler.go:1178.2,1178.15 1 1
github.com/k82022603/RummiArena/game-server/internal/handler/ws_handler.go:1181.73,1182.28 1 1
github.com/k82022603/RummiArena/game-server/internal/handler/ws_handler.go:1182.28,1183.26 1 1
github.com/k82022603/RummiArena/game-server/internal/handler/ws_handler.go:1183.26,1185.4 1 1
github.com/k82022603/RummiArena/game-server/internal/handler/ws_handler.go:1187.2,1187.11 1 0
github.com/k82022603/RummiArena/game-server/internal/handler/ws_hub.go:19.38,24.2 1 1
github.com/k82022603/RummiArena/game-server/internal/handler/ws_hub.go:29.62,34.9 4 1
github.com/k82022603/RummiArena/game-server/internal/handler/ws_hub.go:34.9,37.3 2 1
github.com/k82022603/RummiArena/game-server/internal/handler/ws_hub.go:40.2,40.51 1 1
github.com/k82022603/RummiArena/game-server/internal/handler/ws_hub.go:40.51,43.3 2 1
github.com/k82022603/RummiArena/game-server/internal/handler/ws_hub.go:45.2,52.21 3 1
github.com/k82022603/RummiArena/game-server/internal/handler/ws_hub.go:57.44,62.9 4 1
github.com/k82022603/RummiArena/game-server/internal/handler/ws_hub.go:62.9,64.3 1 0
github.com/k82022603/RummiArena/game-server/internal/handler/ws_hub.go:66.2,66.63 1 1
github.com/k82022603/RummiArena/game-server/internal/handler/ws_hub.go:66.63,68.3 1 1
github.com/k82022603/RummiArena/game-server/internal/handler/ws_hub.go:70.2,70.20 1 1
github.com/k82022603/RummiArena/game-server/internal/handler/ws_hub.go:70.20,72.3 1 1
github.com/k82022603/RummiArena/game-server/internal/handler/ws_hub.go:74.2,77.3 1 1
github.com/k82022603/RummiArena/game-server/internal/handler/ws_hub.go:81.62,86.9 4 1
github.com/k82022603/RummiArena/game-server/internal/handler/ws_hub.go:86.9,88.3 1 0
github.com/k82022603/RummiArena/game-server/internal/handler/ws_hub.go:89.2,89.28 1 1
github.com/k82022603/RummiArena/game-server/internal/handler/ws_hub.go:89.28,91.3 1 1
github.com/k82022603/RummiArena/game-server/internal/handler/ws_hub.go:95.83,100.9 4 1
github.com/k82022603/RummiArena/game-server/internal/handler/ws_hub.go:100.9,102.3 1 0
github.com/k82022603/RummiArena/game-server/internal/handler/ws_hub.go:103.2,103.30 1 1
github.com/k82022603/RummiArena/game-server/internal/handler/ws_hub.go:103.30,104.27 1 1
github.com/k82022603/RummiArena/game-server/internal/handler/ws_hub.go:104.27,106.4 1 1
github.com/k82022603/RummiArena/game-server/internal/handler/ws_hub.go:111.65,116.9 4 1
github.com/k82022603/RummiArena/game-server/internal/handler/ws_hub.go:116.9,118.3 1 0
github.com/k82022603/RummiArena/game-server/internal/handler/ws_hub.go:119.2,119.34 1 1
github.com/k82022603/RummiArena/game-server/internal/handler/ws_hub.go:119.34,121.3 1 1
github.com/k82022603/RummiArena/game-server/internal/handler/ws_hub.go:125.54,130.2 3 1
