mode: set
github.com/k82022603/RummiArena/game-server/internal/config/config.go:55.30,108.27 20 1
github.com/k82022603/RummiArena/game-server/internal/config/config.go:108.27,110.3 1 1
github.com/k82022603/RummiArena/game-server/internal/config/config.go:112.2,112.26 1 1
github.com/k82022603/RummiArena/game-server/internal/config/config.go:112.26,113.33 1 1
github.com/k82022603/RummiArena/game-server/internal/config/config.go:113.33,115.4 1 0
github.com/k82022603/RummiArena/game-server/internal/config/config.go:116.3,116.94 1 1
github.com/k82022603/RummiArena/game-server/internal/config/config.go:119.2,119.17 1 1
github.com/k82022603/RummiArena/game-server/internal/engine/elo_calculator.go:46.81,48.11 2 1
github.com/k82022603/RummiArena/game-server/internal/engine/elo_calculator.go:48.11,50.3 1 1
github.com/k82022603/RummiArena/game-server/internal/engine/elo_calculator.go:52.2,53.28 2 1
github.com/k82022603/RummiArena/game-server/internal/engine/elo_calculator.go:53.28,58.29 4 1
github.com/k82022603/RummiArena/game-server/internal/engine/elo_calculator.go:58.29,59.14 1 1
github.com/k82022603/RummiArena/game-server/internal/engine/elo_calculator.go:59.14,60.13 1 1
github.com/k82022603/RummiArena/game-server/internal/engine/elo_calculator.go:62.4,65.21 4 1
github.com/k82022603/RummiArena/game-server/internal/engine/elo_calculator.go:69.3,71.28 3 1
github.com/k82022603/RummiArena/game-server/internal/engine/elo_calculator.go:71.28,73.4 1 0
github.com/k82022603/RummiArena/game-server/internal/engine/elo_calculator.go:75.3,83.4 2 1
github.com/k82022603/RummiArena/game-server/internal/engine/elo_calculator.go:86.2,86.16 1 1
github.com/k82022603/RummiArena/game-server/internal/engine/elo_calculator.go:92.50,93.34 1 1
github.com/k82022603/RummiArena/game-server/internal/engine/elo_calculator.go:93.34,95.3 1 1
github.com/k82022603/RummiArena/game-server/internal/engine/elo_calculator.go:96.2,96.9 1 1
github.com/k82022603/RummiArena/game-server/internal/engine/elo_calculator.go:97.22,98.21 1 1
github.com/k82022603/RummiArena/game-server/internal/engine/elo_calculator.go:99.22,100.22 1 1
github.com/k82022603/RummiArena/game-server/internal/engine/elo_calculator.go:101.22,102.18 1 1
github.com/k82022603/RummiArena/game-server/internal/engine/elo_calculator.go:103.22,104.20 1 1
github.com/k82022603/RummiArena/game-server/internal/engine/elo_calculator.go:105.10,106.20 1 1
github.com/k82022603/RummiArena/game-server/internal/engine/elo_calculator.go:116.54,117.22 1 1
github.com/k82022603/RummiArena/game-server/internal/engine/elo_calculator.go:117.22,119.3 1 1
github.com/k82022603/RummiArena/game-server/internal/engine/elo_calculator.go:120.2,120.20 1 1
github.com/k82022603/RummiArena/game-server/internal/engine/elo_calculator.go:120.20,122.3 1 1
github.com/k82022603/RummiArena/game-server/internal/engine/elo_calculator.go:123.2,123.11 1 1
github.com/k82022603/RummiArena/game-server/internal/engine/elo_calculator.go:128.50,130.2 1 1
github.com/k82022603/RummiArena/game-server/internal/engine/elo_calculator.go:134.44,135.9 1 1
github.com/k82022603/RummiArena/game-server/internal/engine/elo_calculator.go:136.21,137.13 1 1
github.com/k82022603/RummiArena/game-server/internal/engine/elo_calculator.go:138.22,139.13 1 1
github.com/k82022603/RummiArena/game-server/internal/engine/elo_calculator.go:140.10,141.13 1 1
github.com/k82022603/RummiArena/game-server/internal/engine/errors.go:17.42,19.2 1 1
github.com/k82022603/RummiArena/game-server/internal/engine/errors.go:22.81,24.20 2 1
github.com/k82022603/RummiArena/game-server/internal/engine/errors.go:24.20,26.3 1 1
github.com/k82022603/RummiArena/game-server/internal/engine/errors.go:27.2,27.65 1 1
github.com/k82022603/RummiArena/game-server/internal/engine/group.go:10.41,11.38 1 1
github.com/k82022603/RummiArena/game-server/internal/engine/group.go:11.38,13.3 1 1
github.com/k82022603/RummiArena/game-server/internal/engine/group.go:15.2,18.26 3 1
github.com/k82022603/RummiArena/game-server/internal/engine/group.go:18.26,19.16 1 1
github.com/k82022603/RummiArena/game-server/internal/engine/group.go:19.16,20.12 1 1
github.com/k82022603/RummiArena/game-server/internal/engine/group.go:22.3,22.21 1 1
github.com/k82022603/RummiArena/game-server/internal/engine/group.go:22.21,24.4 1 1
github.com/k82022603/RummiArena/game-server/internal/engine/group.go:24.9,24.35 1 1
github.com/k82022603/RummiArena/game-server/internal/engine/group.go:24.35,26.4 1 1
github.com/k82022603/RummiArena/game-server/internal/engine/group.go:27.3,27.25 1 1
github.com/k82022603/RummiArena/game-server/internal/engine/group.go:27.25,29.4 1 1
github.com/k82022603/RummiArena/game-server/internal/engine/group.go:30.3,30.28 1 1
github.com/k82022603/RummiArena/game-server/internal/engine/group.go:35.2,35.20 1 1
github.com/k82022603/RummiArena/game-server/internal/engine/group.go:35.20,37.3 1 1
github.com/k82022603/RummiArena/game-server/internal/engine/group.go:39.2,39.12 1 1
github.com/k82022603/RummiArena/game-server/internal/engine/group.go:44.36,46.26 2 1
github.com/k82022603/RummiArena/game-server/internal/engine/group.go:46.26,47.17 1 1
github.com/k82022603/RummiArena/game-server/internal/engine/group.go:47.17,49.9 2 1
github.com/k82022603/RummiArena/game-server/internal/engine/group.go:53.2,54.26 2 1
github.com/k82022603/RummiArena/game-server/internal/engine/group.go:54.26,55.16 1 1
github.com/k82022603/RummiArena/game-server/internal/engine/group.go:55.16,57.4 1 1
github.com/k82022603/RummiArena/game-server/internal/engine/group.go:57.9,59.4 1 1
github.com/k82022603/RummiArena/game-server/internal/engine/group.go:61.2,61.12 1 1
github.com/k82022603/RummiArena/game-server/internal/engine/pool.go:17.30,23.2 3 1
github.com/k82022603/RummiArena/game-server/internal/engine/pool.go:27.30,28.44 1 1
github.com/k82022603/RummiArena/game-server/internal/engine/pool.go:28.44,30.3 1 1
github.com/k82022603/RummiArena/game-server/internal/engine/pool.go:35.44,36.16 1 1
github.com/k82022603/RummiArena/game-server/internal/engine/pool.go:36.16,38.3 1 1
github.com/k82022603/RummiArena/game-server/internal/engine/pool.go:39.2,39.26 1 1
github.com/k82022603/RummiArena/game-server/internal/engine/pool.go:39.26,41.3 1 1
github.com/k82022603/RummiArena/game-server/internal/engine/pool.go:42.2,45.14 4 1
github.com/k82022603/RummiArena/game-server/internal/engine/pool.go:50.45,51.23 1 1
github.com/k82022603/RummiArena/game-server/internal/engine/pool.go:51.23,53.3 1 1
github.com/k82022603/RummiArena/game-server/internal/engine/pool.go:54.2,56.15 3 1
github.com/k82022603/RummiArena/game-server/internal/engine/pool.go:60.36,62.2 1 1
github.com/k82022603/RummiArena/game-server/internal/engine/pool.go:67.73,68.40 1 1
github.com/k82022603/RummiArena/game-server/internal/engine/pool.go:68.40,70.3 1 1
github.com/k82022603/RummiArena/game-server/internal/engine/pool.go:71.2,72.48 2 1
github.com/k82022603/RummiArena/game-server/internal/engine/pool.go:72.48,75.3 1 0
github.com/k82022603/RummiArena/game-server/internal/engine/pool.go:77.2,78.35 2 1
github.com/k82022603/RummiArena/game-server/internal/engine/pool.go:78.35,80.3 1 1
github.com/k82022603/RummiArena/game-server/internal/engine/pool.go:81.2,81.19 1 1
github.com/k82022603/RummiArena/game-server/internal/engine/run.go:14.39,15.20 1 1
github.com/k82022603/RummiArena/game-server/internal/engine/run.go:15.20,17.3 1 1
github.com/k82022603/RummiArena/game-server/internal/engine/run.go:19.2,20.16 2 1
github.com/k82022603/RummiArena/game-server/internal/engine/run.go:20.16,22.3 1 1
github.com/k82022603/RummiArena/game-server/internal/engine/run.go:23.2,27.60 3 1
github.com/k82022603/RummiArena/game-server/internal/engine/run.go:27.60,29.3 1 1
github.com/k82022603/RummiArena/game-server/internal/engine/run.go:31.2,31.47 1 1
github.com/k82022603/RummiArena/game-server/internal/engine/run.go:36.70,40.26 3 1
github.com/k82022603/RummiArena/game-server/internal/engine/run.go:40.26,41.16 1 1
github.com/k82022603/RummiArena/game-server/internal/engine/run.go:41.16,42.12 1 1
github.com/k82022603/RummiArena/game-server/internal/engine/run.go:44.3,44.21 1 1
github.com/k82022603/RummiArena/game-server/internal/engine/run.go:44.21,46.4 1 1
github.com/k82022603/RummiArena/game-server/internal/engine/run.go:46.9,46.33 1 1
github.com/k82022603/RummiArena/game-server/internal/engine/run.go:46.33,48.4 1 1
github.com/k82022603/RummiArena/game-server/internal/engine/run.go:49.3,49.54 1 1
github.com/k82022603/RummiArena/game-server/internal/engine/run.go:52.2,52.31 1 1
github.com/k82022603/RummiArena/game-server/internal/engine/run.go:52.31,55.3 1 1
github.com/k82022603/RummiArena/game-server/internal/engine/run.go:57.2,57.39 1 1
github.com/k82022603/RummiArena/game-server/internal/engine/run.go:61.45,62.35 1 1
github.com/k82022603/RummiArena/game-server/internal/engine/run.go:62.35,63.31 1 1
github.com/k82022603/RummiArena/game-server/internal/engine/run.go:63.31,65.4 1 1
github.com/k82022603/RummiArena/game-server/internal/engine/run.go:67.2,67.12 1 1
github.com/k82022603/RummiArena/game-server/internal/engine/run.go:71.71,76.23 4 1
github.com/k82022603/RummiArena/game-server/internal/engine/run.go:76.23,78.3 1 1
github.com/k82022603/RummiArena/game-server/internal/engine/run.go:80.2,84.23 4 1
github.com/k82022603/RummiArena/game-server/internal/engine/run.go:84.23,86.3 1 1
github.com/k82022603/RummiArena/game-server/internal/engine/run.go:87.2,87.33 1 1
github.com/k82022603/RummiArena/game-server/internal/engine/run.go:87.33,89.3 1 0
github.com/k82022603/RummiArena/game-server/internal/engine/run.go:91.2,91.12 1 1
github.com/k82022603/RummiArena/game-server/internal/engine/run.go:95.37,97.26 2 1
github.com/k82022603/RummiArena/game-server/internal/engine/run.go:97.26,98.16 1 1
github.com/k82022603/RummiArena/game-server/internal/engine/run.go:98.16,100.4 1 1
github.com/k82022603/RummiArena/game-server/internal/engine/run.go:102.2,102.14 1 1
github.com/k82022603/RummiArena/game-server/internal/engine/run.go:109.34,112.26 3 1
github.com/k82022603/RummiArena/game-server/internal/engine/run.go:112.26,113.16 1 1
github.com/k82022603/RummiArena/game-server/internal/engine/run.go:113.16,115.4 1 1
github.com/k82022603/RummiArena/game-server/internal/engine/run.go:115.9,117.4 1 1
github.com/k82022603/RummiArena/game-server/internal/engine/run.go:119.2,128.19 6 1
github.com/k82022603/RummiArena/game-server/internal/engine/run.go:128.19,130.3 1 0
github.com/k82022603/RummiArena/game-server/internal/engine/run.go:133.2,134.29 2 1
github.com/k82022603/RummiArena/game-server/internal/engine/run.go:134.29,136.3 1 0
github.com/k82022603/RummiArena/game-server/internal/engine/run.go:138.2,139.22 2 1
github.com/k82022603/RummiArena/game-server/internal/engine/run.go:139.22,141.3 1 0
github.com/k82022603/RummiArena/game-server/internal/engine/run.go:143.2,144.15 2 1
github.com/k82022603/RummiArena/game-server/internal/engine/run.go:144.15,146.3 1 0
github.com/k82022603/RummiArena/game-server/internal/engine/run.go:148.2,149.34 2 1
github.com/k82022603/RummiArena/game-server/internal/engine/run.go:149.34,151.3 1 1
github.com/k82022603/RummiArena/game-server/internal/engine/run.go:152.2,152.12 1 1
github.com/k82022603/RummiArena/game-server/internal/engine/tile.go:31.40,32.36 1 1
github.com/k82022603/RummiArena/game-server/internal/engine/tile.go:32.36,34.3 1 1
github.com/k82022603/RummiArena/game-server/internal/engine/tile.go:36.2,36.19 1 1
github.com/k82022603/RummiArena/game-server/internal/engine/tile.go:36.19,38.3 1 1
github.com/k82022603/RummiArena/game-server/internal/engine/tile.go:40.2,41.15 2 1
github.com/k82022603/RummiArena/game-server/internal/engine/tile.go:42.52,42.52 0 1
github.com/k82022603/RummiArena/game-server/internal/engine/tile.go:43.10,44.74 1 1
github.com/k82022603/RummiArena/game-server/internal/engine/tile.go:47.2,48.30 2 1
github.com/k82022603/RummiArena/game-server/internal/engine/tile.go:48.30,50.3 1 1
github.com/k82022603/RummiArena/game-server/internal/engine/tile.go:52.2,54.39 3 1
github.com/k82022603/RummiArena/game-server/internal/engine/tile.go:54.39,56.3 1 1
github.com/k82022603/RummiArena/game-server/internal/engine/tile.go:58.2,63.8 1 1
github.com/k82022603/RummiArena/game-server/internal/engine/tile.go:68.28,69.15 1 1
github.com/k82022603/RummiArena/game-server/internal/engine/tile.go:69.15,71.3 1 1
github.com/k82022603/RummiArena/game-server/internal/engine/tile.go:72.2,72.17 1 1
github.com/k82022603/RummiArena/game-server/internal/engine/tile.go:76.48,78.26 2 1
github.com/k82022603/RummiArena/game-server/internal/engine/tile.go:78.26,80.17 2 1
github.com/k82022603/RummiArena/game-server/internal/engine/tile.go:80.17,82.4 1 1
github.com/k82022603/RummiArena/game-server/internal/engine/tile.go:83.3,83.27 1 1
github.com/k82022603/RummiArena/game-server/internal/engine/tile.go:85.2,85.19 1 1
github.com/k82022603/RummiArena/game-server/internal/engine/tile.go:89.29,94.27 4 1
github.com/k82022603/RummiArena/game-server/internal/engine/tile.go:94.27,95.32 1 1
github.com/k82022603/RummiArena/game-server/internal/engine/tile.go:95.32,96.29 1 1
github.com/k82022603/RummiArena/game-server/internal/engine/tile.go:96.29,104.5 2 1
github.com/k82022603/RummiArena/game-server/internal/engine/tile.go:108.2,111.14 3 1
github.com/k82022603/RummiArena/game-server/internal/engine/validator.go:20.52,21.23 1 1
github.com/k82022603/RummiArena/game-server/internal/engine/validator.go:21.23,23.3 1 1
github.com/k82022603/RummiArena/game-server/internal/engine/validator.go:25.2,26.21 2 1
github.com/k82022603/RummiArena/game-server/internal/engine/validator.go:26.21,28.3 1 1
github.com/k82022603/RummiArena/game-server/internal/engine/validator.go:30.2,31.19 2 1
github.com/k82022603/RummiArena/game-server/internal/engine/validator.go:31.19,33.3 1 1
github.com/k82022603/RummiArena/game-server/internal/engine/validator.go:37.2,37.47 1 1
github.com/k82022603/RummiArena/game-server/internal/engine/validator.go:37.47,39.3 1 1
github.com/k82022603/RummiArena/game-server/internal/engine/validator.go:40.2,40.45 1 0
github.com/k82022603/RummiArena/game-server/internal/engine/validator.go:40.45,42.3 1 0
github.com/k82022603/RummiArena/game-server/internal/engine/validator.go:43.2,43.88 1 0
github.com/k82022603/RummiArena/game-server/internal/engine/validator.go:48.43,49.26 1 1
github.com/k82022603/RummiArena/game-server/internal/engine/validator.go:49.26,50.48 1 1
github.com/k82022603/RummiArena/game-server/internal/engine/validator.go:50.48,52.4 1 1
github.com/k82022603/RummiArena/game-server/internal/engine/validator.go:54.2,54.12 1 1
github.com/k82022603/RummiArena/game-server/internal/engine/validator.go:77.56,79.54 1 1
github.com/k82022603/RummiArena/game-server/internal/engine/validator.go:79.54,81.3 1 1
github.com/k82022603/RummiArena/game-server/internal/engine/validator.go:84.2,85.20 2 1
github.com/k82022603/RummiArena/game-server/internal/engine/validator.go:85.20,87.3 1 1
github.com/k82022603/RummiArena/game-server/internal/engine/validator.go:92.2,92.72 1 1
github.com/k82022603/RummiArena/game-server/internal/engine/validator.go:92.72,94.3 1 0
github.com/k82022603/RummiArena/game-server/internal/engine/validator.go:98.2,98.25 1 1
github.com/k82022603/RummiArena/game-server/internal/engine/validator.go:98.25,99.50 1 1
github.com/k82022603/RummiArena/game-server/internal/engine/validator.go:99.50,101.4 1 1
github.com/k82022603/RummiArena/game-server/internal/engine/validator.go:105.2,105.51 1 1
github.com/k82022603/RummiArena/game-server/internal/engine/validator.go:105.51,107.3 1 1
github.com/k82022603/RummiArena/game-server/internal/engine/validator.go:109.2,109.12 1 1
github.com/k82022603/RummiArena/game-server/internal/engine/validator.go:113.56,118.32 3 1
github.com/k82022603/RummiArena/game-server/internal/engine/validator.go:118.32,119.43 1 1
github.com/k82022603/RummiArena/game-server/internal/engine/validator.go:119.43,121.4 1 0
github.com/k82022603/RummiArena/game-server/internal/engine/validator.go:127.2,128.26 2 1
github.com/k82022603/RummiArena/game-server/internal/engine/validator.go:128.26,130.3 1 0
github.com/k82022603/RummiArena/game-server/internal/engine/validator.go:131.2,132.31 2 1
github.com/k82022603/RummiArena/game-server/internal/engine/validator.go:132.31,134.3 1 1
github.com/k82022603/RummiArena/game-server/internal/engine/validator.go:135.2,136.36 2 1
github.com/k82022603/RummiArena/game-server/internal/engine/validator.go:136.36,138.35 1 1
github.com/k82022603/RummiArena/game-server/internal/engine/validator.go:138.35,139.12 1 1
github.com/k82022603/RummiArena/game-server/internal/engine/validator.go:141.3,142.18 2 1
github.com/k82022603/RummiArena/game-server/internal/engine/validator.go:143.21,144.33 1 1
github.com/k82022603/RummiArena/game-server/internal/engine/validator.go:145.19,146.31 1 1
github.com/k82022603/RummiArena/game-server/internal/engine/validator.go:149.2,149.16 1 1
github.com/k82022603/RummiArena/game-server/internal/engine/validator.go:149.16,151.3 1 1
github.com/k82022603/RummiArena/game-server/internal/engine/validator.go:152.2,152.12 1 1
github.com/k82022603/RummiArena/game-server/internal/engine/validator.go:156.58,157.38 1 1
github.com/k82022603/RummiArena/game-server/internal/engine/validator.go:157.38,159.3 1 1
github.com/k82022603/RummiArena/game-server/internal/engine/validator.go:160.2,161.47 2 1
github.com/k82022603/RummiArena/game-server/internal/engine/validator.go:161.47,162.29 1 1
github.com/k82022603/RummiArena/game-server/internal/engine/validator.go:162.29,164.4 1 1
github.com/k82022603/RummiArena/game-server/internal/engine/validator.go:166.2,166.12 1 1
github.com/k82022603/RummiArena/game-server/internal/engine/validator.go:170.43,172.26 2 1
github.com/k82022603/RummiArena/game-server/internal/engine/validator.go:172.26,174.3 1 1
github.com/k82022603/RummiArena/game-server/internal/engine/validator.go:175.2,175.10 1 1
github.com/k82022603/RummiArena/game-server/internal/engine/validator.go:179.55,181.26 2 1
github.com/k82022603/RummiArena/game-server/internal/engine/validator.go:181.26,182.30 1 1
github.com/k82022603/RummiArena/game-server/internal/engine/validator.go:182.30,184.4 1 1
github.com/k82022603/RummiArena/game-server/internal/engine/validator.go:186.2,186.13 1 1
github.com/k82022603/RummiArena/game-server/internal/engine/validator.go:190.63,192.30 2 1
github.com/k82022603/RummiArena/game-server/internal/engine/validator.go:192.30,194.3 1 1
github.com/k82022603/RummiArena/game-server/internal/engine/validator.go:195.2,196.31 2 1
github.com/k82022603/RummiArena/game-server/internal/engine/validator.go:196.31,197.18 1 1
github.com/k82022603/RummiArena/game-server/internal/engine/validator.go:197.18,199.4 1 1
github.com/k82022603/RummiArena/game-server/internal/engine/validator.go:199.9,201.4 1 1
github.com/k82022603/RummiArena/game-server/internal/engine/validator.go:203.2,203.14 1 1
github.com/k82022603/RummiArena/game-server/internal/engine/validator.go:208.64,211.30 2 1
github.com/k82022603/RummiArena/game-server/internal/engine/validator.go:211.30,213.3 1 1
github.com/k82022603/RummiArena/game-server/internal/engine/validator.go:214.2,214.29 1 1
github.com/k82022603/RummiArena/game-server/internal/engine/validator.go:214.29,215.25 1 1
github.com/k82022603/RummiArena/game-server/internal/engine/validator.go:215.25,217.4 1 1
github.com/k82022603/RummiArena/game-server/internal/engine/validator.go:218.3,218.18 1 1
github.com/k82022603/RummiArena/game-server/internal/engine/validator.go:220.2,220.13 1 1
github.com/k82022603/RummiArena/game-server/internal/infra/database.go:20.79,36.16 4 0
github.com/k82022603/RummiArena/game-server/internal/infra/database.go:36.16,38.3 1 0
github.com/k82022603/RummiArena/game-server/internal/infra/database.go:41.2,42.16 2 0
github.com/k82022603/RummiArena/game-server/internal/infra/database.go:42.16,44.3 1 0
github.com/k82022603/RummiArena/game-server/internal/infra/database.go:45.2,51.37 5 0
github.com/k82022603/RummiArena/game-server/internal/infra/database.go:51.37,53.3 1 0
github.com/k82022603/RummiArena/game-server/internal/infra/database.go:55.2,60.16 2 0
github.com/k82022603/RummiArena/game-server/internal/infra/database.go:66.57,80.50 2 0
github.com/k82022603/RummiArena/game-server/internal/infra/database.go:80.50,82.3 1 0
github.com/k82022603/RummiArena/game-server/internal/infra/database.go:84.2,85.12 2 0
github.com/k82022603/RummiArena/game-server/internal/infra/redis.go:17.88,37.47 6 0
github.com/k82022603/RummiArena/game-server/internal/infra/redis.go:37.47,45.3 3 0
github.com/k82022603/RummiArena/game-server/internal/infra/redis.go:47.2,51.20 2 0
github.com/k82022603/RummiArena/game-server/internal/infra/redis.go:55.50,56.19 1 0
github.com/k82022603/RummiArena/game-server/internal/infra/redis.go:56.19,58.3 1 0
github.com/k82022603/RummiArena/game-server/internal/infra/redis.go:59.2,61.38 3 0
github.com/k82022603/RummiArena/game-server/internal/model/event.go:89.38,89.62 1 0
github.com/k82022603/RummiArena/game-server/internal/repository/admin_repository.go:84.56,86.2 1 0
github.com/k82022603/RummiArena/game-server/internal/repository/admin_repository.go:88.76,90.87 2 0
github.com/k82022603/RummiArena/game-server/internal/repository/admin_repository.go:90.87,92.3 1 0
github.com/k82022603/RummiArena/game-server/internal/repository/admin_repository.go:93.2,93.19 1 0
github.com/k82022603/RummiArena/game-server/internal/repository/admin_repository.go:96.82,100.35 2 0
github.com/k82022603/RummiArena/game-server/internal/repository/admin_repository.go:100.35,102.3 1 0
github.com/k82022603/RummiArena/game-server/internal/repository/admin_repository.go:103.2,103.19 1 0
github.com/k82022603/RummiArena/game-server/internal/repository/admin_repository.go:106.76,108.87 2 0
github.com/k82022603/RummiArena/game-server/internal/repository/admin_repository.go:108.87,110.3 1 0
github.com/k82022603/RummiArena/game-server/internal/repository/admin_repository.go:111.2,111.19 1 0
github.com/k82022603/RummiArena/game-server/internal/repository/admin_repository.go:114.78,120.35 2 0
github.com/k82022603/RummiArena/game-server/internal/repository/admin_repository.go:120.35,122.3 1 0
github.com/k82022603/RummiArena/game-server/internal/repository/admin_repository.go:123.2,123.19 1 0
github.com/k82022603/RummiArena/game-server/internal/repository/admin_repository.go:126.90,133.16 3 0
github.com/k82022603/RummiArena/game-server/internal/repository/admin_repository.go:133.16,135.3 1 0
github.com/k82022603/RummiArena/game-server/internal/repository/admin_repository.go:136.2,136.17 1 0
github.com/k82022603/RummiArena/game-server/internal/repository/admin_repository.go:139.102,145.34 2 0
github.com/k82022603/RummiArena/game-server/internal/repository/admin_repository.go:145.34,147.3 1 0
github.com/k82022603/RummiArena/game-server/internal/repository/admin_repository.go:149.2,150.23 2 0
github.com/k82022603/RummiArena/game-server/internal/repository/admin_repository.go:150.23,165.45 5 0
github.com/k82022603/RummiArena/game-server/internal/repository/admin_repository.go:165.45,168.4 2 0
github.com/k82022603/RummiArena/game-server/internal/repository/admin_repository.go:169.3,169.27 1 0
github.com/k82022603/RummiArena/game-server/internal/repository/admin_repository.go:171.2,171.18 1 0
github.com/k82022603/RummiArena/game-server/internal/repository/admin_repository.go:174.94,178.48 2 0
github.com/k82022603/RummiArena/game-server/internal/repository/admin_repository.go:178.48,180.3 1 0
github.com/k82022603/RummiArena/game-server/internal/repository/admin_repository.go:181.2,181.19 1 0
github.com/k82022603/RummiArena/game-server/internal/repository/admin_repository.go:184.117,188.36 2 0
github.com/k82022603/RummiArena/game-server/internal/repository/admin_repository.go:188.36,190.3 1 0
github.com/k82022603/RummiArena/game-server/internal/repository/admin_repository.go:191.2,191.21 1 0
github.com/k82022603/RummiArena/game-server/internal/repository/admin_repository.go:194.85,198.34 2 0
github.com/k82022603/RummiArena/game-server/internal/repository/admin_repository.go:198.34,200.3 1 0
github.com/k82022603/RummiArena/game-server/internal/repository/admin_repository.go:202.2,203.23 2 0
github.com/k82022603/RummiArena/game-server/internal/repository/admin_repository.go:203.23,211.34 5 0
github.com/k82022603/RummiArena/game-server/internal/repository/admin_repository.go:211.34,213.27 2 0
github.com/k82022603/RummiArena/game-server/internal/repository/admin_repository.go:213.27,215.5 1 0
github.com/k82022603/RummiArena/game-server/internal/repository/admin_repository.go:217.3,224.5 1 0
github.com/k82022603/RummiArena/game-server/internal/repository/admin_repository.go:226.2,226.18 1 0
github.com/k82022603/RummiArena/game-server/internal/repository/admin_repository.go:229.93,240.36 3 0
github.com/k82022603/RummiArena/game-server/internal/repository/admin_repository.go:240.36,242.3 1 0
github.com/k82022603/RummiArena/game-server/internal/repository/admin_repository.go:244.2,245.30 2 0
github.com/k82022603/RummiArena/game-server/internal/repository/admin_repository.go:245.30,247.3 1 0
github.com/k82022603/RummiArena/game-server/internal/repository/admin_repository.go:248.2,248.17 1 0
github.com/k82022603/RummiArena/game-server/internal/repository/admin_repository.go:251.80,256.32 2 0
github.com/k82022603/RummiArena/game-server/internal/repository/admin_repository.go:256.32,258.3 1 0
github.com/k82022603/RummiArena/game-server/internal/repository/admin_repository.go:259.2,259.17 1 0
github.com/k82022603/RummiArena/game-server/internal/repository/admin_repository.go:262.98,275.33 3 0
github.com/k82022603/RummiArena/game-server/internal/repository/admin_repository.go:275.33,277.3 1 0
github.com/k82022603/RummiArena/game-server/internal/repository/admin_repository.go:279.2,280.27 2 0
github.com/k82022603/RummiArena/game-server/internal/repository/admin_repository.go:280.27,286.3 1 0
github.com/k82022603/RummiArena/game-server/internal/repository/admin_repository.go:287.2,287.17 1 0
github.com/k82022603/RummiArena/game-server/internal/repository/admin_repository.go:290.107,304.21 4 0
github.com/k82022603/RummiArena/game-server/internal/repository/admin_repository.go:304.21,306.3 1 0
github.com/k82022603/RummiArena/game-server/internal/repository/admin_repository.go:307.2,307.30 1 0
github.com/k82022603/RummiArena/game-server/internal/repository/admin_repository.go:310.84,315.35 3 0
github.com/k82022603/RummiArena/game-server/internal/repository/admin_repository.go:315.35,317.3 1 0
github.com/k82022603/RummiArena/game-server/internal/repository/admin_repository.go:318.2,318.19 1 0
github.com/k82022603/RummiArena/game-server/internal/repository/elo_repo.go:40.52,42.2 1 0
github.com/k82022603/RummiArena/game-server/internal/repository/elo_repo.go:45.101,50.16 3 0
github.com/k82022603/RummiArena/game-server/internal/repository/elo_repo.go:50.16,51.45 1 0
github.com/k82022603/RummiArena/game-server/internal/repository/elo_repo.go:51.45,53.4 1 0
github.com/k82022603/RummiArena/game-server/internal/repository/elo_repo.go:54.3,54.73 1 0
github.com/k82022603/RummiArena/game-server/internal/repository/elo_repo.go:56.2,56.21 1 0
github.com/k82022603/RummiArena/game-server/internal/repository/elo_repo.go:60.86,71.16 2 0
github.com/k82022603/RummiArena/game-server/internal/repository/elo_repo.go:71.16,73.3 1 0
github.com/k82022603/RummiArena/game-server/internal/repository/elo_repo.go:74.2,74.12 1 0
github.com/k82022603/RummiArena/game-server/internal/repository/elo_repo.go:78.92,79.68 1 0
github.com/k82022603/RummiArena/game-server/internal/repository/elo_repo.go:79.68,82.3 1 0
github.com/k82022603/RummiArena/game-server/internal/repository/elo_repo.go:83.2,83.12 1 0
github.com/k82022603/RummiArena/game-server/internal/repository/elo_repo.go:87.106,94.16 3 0
github.com/k82022603/RummiArena/game-server/internal/repository/elo_repo.go:94.16,96.3 1 0
github.com/k82022603/RummiArena/game-server/internal/repository/elo_repo.go:97.2,97.21 1 0
github.com/k82022603/RummiArena/game-server/internal/repository/elo_repo.go:101.121,109.16 3 0
github.com/k82022603/RummiArena/game-server/internal/repository/elo_repo.go:109.16,111.3 1 0
github.com/k82022603/RummiArena/game-server/internal/repository/elo_repo.go:112.2,112.21 1 0
github.com/k82022603/RummiArena/game-server/internal/repository/elo_repo.go:116.121,123.16 3 0
github.com/k82022603/RummiArena/game-server/internal/repository/elo_repo.go:123.16,125.3 1 0
github.com/k82022603/RummiArena/game-server/internal/repository/elo_repo.go:126.2,126.23 1 0
github.com/k82022603/RummiArena/game-server/internal/repository/elo_repo.go:130.72,132.92 2 0
github.com/k82022603/RummiArena/game-server/internal/repository/elo_repo.go:132.92,134.3 1 0
github.com/k82022603/RummiArena/game-server/internal/repository/elo_repo.go:135.2,135.19 1 0
github.com/k82022603/RummiArena/game-server/internal/repository/elo_repo.go:139.88,143.35 2 0
github.com/k82022603/RummiArena/game-server/internal/repository/elo_repo.go:143.35,145.3 1 0
github.com/k82022603/RummiArena/game-server/internal/repository/elo_repo.go:146.2,146.19 1 0
github.com/k82022603/RummiArena/game-server/internal/repository/game_state_adapter.go:26.64,30.2 1 0
github.com/k82022603/RummiArena/game-server/internal/repository/game_state_adapter.go:32.87,34.2 1 0
github.com/k82022603/RummiArena/game-server/internal/repository/game_state_adapter.go:36.97,38.2 1 0
github.com/k82022603/RummiArena/game-server/internal/repository/game_state_adapter.go:40.75,42.2 1 0
github.com/k82022603/RummiArena/game-server/internal/repository/game_state_adapter.go:59.82,61.2 1 0
github.com/k82022603/RummiArena/game-server/internal/repository/game_state_adapter.go:63.85,66.2 2 0
github.com/k82022603/RummiArena/game-server/internal/repository/game_state_adapter.go:68.95,71.16 3 0
github.com/k82022603/RummiArena/game-server/internal/repository/game_state_adapter.go:71.16,73.3 1 0
github.com/k82022603/RummiArena/game-server/internal/repository/game_state_adapter.go:74.2,74.20 1 0
github.com/k82022603/RummiArena/game-server/internal/repository/game_state_adapter.go:77.73,80.2 2 0
github.com/k82022603/RummiArena/game-server/internal/repository/memory_repo.go:32.47,38.2 1 0
github.com/k82022603/RummiArena/game-server/internal/repository/memory_repo.go:40.64,45.42 3 0
github.com/k82022603/RummiArena/game-server/internal/repository/memory_repo.go:45.42,46.41 1 0
github.com/k82022603/RummiArena/game-server/internal/repository/memory_repo.go:46.41,48.4 1 0
github.com/k82022603/RummiArena/game-server/internal/repository/memory_repo.go:52.2,59.12 7 0
github.com/k82022603/RummiArena/game-server/internal/repository/memory_repo.go:62.71,67.9 4 0
github.com/k82022603/RummiArena/game-server/internal/repository/memory_repo.go:67.9,69.3 1 0
github.com/k82022603/RummiArena/game-server/internal/repository/memory_repo.go:71.2,75.21 5 0
github.com/k82022603/RummiArena/game-server/internal/repository/memory_repo.go:78.79,82.9 4 0
github.com/k82022603/RummiArena/game-server/internal/repository/memory_repo.go:82.9,84.3 1 0
github.com/k82022603/RummiArena/game-server/internal/repository/memory_repo.go:85.2,85.22 1 0
github.com/k82022603/RummiArena/game-server/internal/repository/memory_repo.go:88.66,93.31 4 0
github.com/k82022603/RummiArena/game-server/internal/repository/memory_repo.go:93.31,95.87 1 0
github.com/k82022603/RummiArena/game-server/internal/repository/memory_repo.go:95.87,101.4 5 0
github.com/k82022603/RummiArena/game-server/internal/repository/memory_repo.go:103.2,103.20 1 0
github.com/k82022603/RummiArena/game-server/internal/repository/memory_repo.go:106.54,111.9 4 0
github.com/k82022603/RummiArena/game-server/internal/repository/memory_repo.go:111.9,113.3 1 0
github.com/k82022603/RummiArena/game-server/internal/repository/memory_repo.go:114.2,116.12 3 0
github.com/k82022603/RummiArena/game-server/internal/repository/memory_repo.go:121.78,126.9 4 0
github.com/k82022603/RummiArena/game-server/internal/repository/memory_repo.go:126.9,128.3 1 0
github.com/k82022603/RummiArena/game-server/internal/repository/memory_repo.go:131.2,132.99 2 0
github.com/k82022603/RummiArena/game-server/internal/repository/memory_repo.go:132.99,134.3 1 0
github.com/k82022603/RummiArena/game-server/internal/repository/memory_repo.go:136.2,136.20 1 0
github.com/k82022603/RummiArena/game-server/internal/repository/memory_repo.go:140.76,145.2 4 0
github.com/k82022603/RummiArena/game-server/internal/repository/memory_repo.go:148.70,153.2 4 0
github.com/k82022603/RummiArena/game-server/internal/repository/memory_repo.go:169.57,173.2 1 0
github.com/k82022603/RummiArena/game-server/internal/repository/memory_repo.go:175.80,186.32 8 0
github.com/k82022603/RummiArena/game-server/internal/repository/memory_repo.go:186.32,192.3 5 0
github.com/k82022603/RummiArena/game-server/internal/repository/memory_repo.go:193.2,196.34 3 0
github.com/k82022603/RummiArena/game-server/internal/repository/memory_repo.go:196.34,202.3 5 0
github.com/k82022603/RummiArena/game-server/internal/repository/memory_repo.go:203.2,206.12 3 0
github.com/k82022603/RummiArena/game-server/internal/repository/memory_repo.go:209.90,214.9 4 0
github.com/k82022603/RummiArena/game-server/internal/repository/memory_repo.go:214.9,216.3 1 0
github.com/k82022603/RummiArena/game-server/internal/repository/memory_repo.go:218.2,224.32 6 0
github.com/k82022603/RummiArena/game-server/internal/repository/memory_repo.go:224.32,230.3 5 0
github.com/k82022603/RummiArena/game-server/internal/repository/memory_repo.go:231.2,234.34 3 0
github.com/k82022603/RummiArena/game-server/internal/repository/memory_repo.go:234.34,240.3 5 0
github.com/k82022603/RummiArena/game-server/internal/repository/memory_repo.go:241.2,243.21 2 0
github.com/k82022603/RummiArena/game-server/internal/repository/memory_repo.go:246.68,250.36 3 0
github.com/k82022603/RummiArena/game-server/internal/repository/memory_repo.go:250.36,252.3 1 0
github.com/k82022603/RummiArena/game-server/internal/repository/memory_repo.go:253.2,254.12 2 0
github.com/k82022603/RummiArena/game-server/internal/repository/postgres_repo.go:47.54,49.2 1 0
github.com/k82022603/RummiArena/game-server/internal/repository/postgres_repo.go:51.84,52.65 1 0
github.com/k82022603/RummiArena/game-server/internal/repository/postgres_repo.go:52.65,54.3 1 0
github.com/k82022603/RummiArena/game-server/internal/repository/postgres_repo.go:55.2,55.12 1 0
github.com/k82022603/RummiArena/game-server/internal/repository/postgres_repo.go:58.89,60.80 2 0
github.com/k82022603/RummiArena/game-server/internal/repository/postgres_repo.go:60.80,62.3 1 0
github.com/k82022603/RummiArena/game-server/internal/repository/postgres_repo.go:63.2,63.19 1 0
github.com/k82022603/RummiArena/game-server/internal/repository/postgres_repo.go:66.84,67.63 1 0
github.com/k82022603/RummiArena/game-server/internal/repository/postgres_repo.go:67.63,69.3 1 0
github.com/k82022603/RummiArena/game-server/internal/repository/postgres_repo.go:70.2,70.12 1 0
github.com/k82022603/RummiArena/game-server/internal/repository/postgres_repo.go:73.84,74.65 1 0
github.com/k82022603/RummiArena/game-server/internal/repository/postgres_repo.go:74.65,76.3 1 0
github.com/k82022603/RummiArena/game-server/internal/repository/postgres_repo.go:77.2,77.12 1 0
github.com/k82022603/RummiArena/game-server/internal/repository/postgres_repo.go:80.89,82.80 2 0
github.com/k82022603/RummiArena/game-server/internal/repository/postgres_repo.go:82.80,84.3 1 0
github.com/k82022603/RummiArena/game-server/internal/repository/postgres_repo.go:85.2,85.19 1 0
github.com/k82022603/RummiArena/game-server/internal/repository/postgres_repo.go:88.84,89.63 1 0
github.com/k82022603/RummiArena/game-server/internal/repository/postgres_repo.go:89.63,91.3 1 0
github.com/k82022603/RummiArena/game-server/internal/repository/postgres_repo.go:92.2,92.12 1 0
github.com/k82022603/RummiArena/game-server/internal/repository/postgres_repo.go:95.82,97.65 2 0
github.com/k82022603/RummiArena/game-server/internal/repository/postgres_repo.go:97.65,99.3 1 0
github.com/k82022603/RummiArena/game-server/internal/repository/postgres_repo.go:100.2,100.19 1 0
github.com/k82022603/RummiArena/game-server/internal/repository/postgres_repo.go:109.54,111.2 1 0
github.com/k82022603/RummiArena/game-server/internal/repository/postgres_repo.go:113.84,114.65 1 0
github.com/k82022603/RummiArena/game-server/internal/repository/postgres_repo.go:114.65,116.3 1 0
github.com/k82022603/RummiArena/game-server/internal/repository/postgres_repo.go:117.2,117.12 1 0
github.com/k82022603/RummiArena/game-server/internal/repository/postgres_repo.go:120.93,122.80 2 0
github.com/k82022603/RummiArena/game-server/internal/repository/postgres_repo.go:122.80,124.3 1 0
github.com/k82022603/RummiArena/game-server/internal/repository/postgres_repo.go:125.2,125.19 1 0
github.com/k82022603/RummiArena/game-server/internal/repository/postgres_repo.go:128.105,130.98 2 0
github.com/k82022603/RummiArena/game-server/internal/repository/postgres_repo.go:130.98,132.3 1 0
github.com/k82022603/RummiArena/game-server/internal/repository/postgres_repo.go:133.2,133.19 1 0
github.com/k82022603/RummiArena/game-server/internal/repository/postgres_repo.go:136.84,137.63 1 0
github.com/k82022603/RummiArena/game-server/internal/repository/postgres_repo.go:137.63,139.3 1 0
github.com/k82022603/RummiArena/game-server/internal/repository/postgres_repo.go:140.2,140.12 1 0
github.com/k82022603/RummiArena/game-server/internal/repository/postgres_repo.go:149.66,151.2 1 0
github.com/k82022603/RummiArena/game-server/internal/repository/postgres_repo.go:153.100,154.63 1 0
github.com/k82022603/RummiArena/game-server/internal/repository/postgres_repo.go:154.63,156.3 1 0
github.com/k82022603/RummiArena/game-server/internal/repository/postgres_repo.go:157.2,157.12 1 0
github.com/k82022603/RummiArena/game-server/internal/repository/postgres_repo.go:160.114,162.96 2 0
github.com/k82022603/RummiArena/game-server/internal/repository/postgres_repo.go:162.96,164.3 1 0
github.com/k82022603/RummiArena/game-server/internal/repository/postgres_repo.go:165.2,165.21 1 0
github.com/k82022603/RummiArena/game-server/internal/repository/postgres_repo.go:168.100,169.61 1 0
github.com/k82022603/RummiArena/game-server/internal/repository/postgres_repo.go:169.61,171.3 1 0
github.com/k82022603/RummiArena/game-server/internal/repository/postgres_repo.go:172.2,172.12 1 0
github.com/k82022603/RummiArena/game-server/internal/repository/practice_repo.go:24.70,26.2 1 0
github.com/k82022603/RummiArena/game-server/internal/repository/practice_repo.go:29.99,30.62 1 0
github.com/k82022603/RummiArena/game-server/internal/repository/practice_repo.go:30.62,32.3 1 0
github.com/k82022603/RummiArena/game-server/internal/repository/practice_repo.go:33.2,33.12 1 0
github.com/k82022603/RummiArena/game-server/internal/repository/practice_repo.go:37.123,42.36 2 0
github.com/k82022603/RummiArena/game-server/internal/repository/practice_repo.go:42.36,44.3 1 0
github.com/k82022603/RummiArena/game-server/internal/repository/practice_repo.go:45.2,45.21 1 0
github.com/k82022603/RummiArena/game-server/internal/repository/redis_repo.go:28.70,30.2 1 0
github.com/k82022603/RummiArena/game-server/internal/repository/redis_repo.go:32.41,34.2 1 0
github.com/k82022603/RummiArena/game-server/internal/repository/redis_repo.go:36.100,38.16 2 0
github.com/k82022603/RummiArena/game-server/internal/repository/redis_repo.go:38.16,40.3 1 0
github.com/k82022603/RummiArena/game-server/internal/repository/redis_repo.go:41.2,41.96 1 0
github.com/k82022603/RummiArena/game-server/internal/repository/redis_repo.go:41.96,43.3 1 0
github.com/k82022603/RummiArena/game-server/internal/repository/redis_repo.go:44.2,44.12 1 0
github.com/k82022603/RummiArena/game-server/internal/repository/redis_repo.go:47.110,49.16 2 0
github.com/k82022603/RummiArena/game-server/internal/repository/redis_repo.go:49.16,50.23 1 0
github.com/k82022603/RummiArena/game-server/internal/repository/redis_repo.go:50.23,52.4 1 0
github.com/k82022603/RummiArena/game-server/internal/repository/redis_repo.go:53.3,53.64 1 0
github.com/k82022603/RummiArena/game-server/internal/repository/redis_repo.go:56.2,57.53 2 0
github.com/k82022603/RummiArena/game-server/internal/repository/redis_repo.go:57.53,59.3 1 0
github.com/k82022603/RummiArena/game-server/internal/repository/redis_repo.go:60.2,60.20 1 0
github.com/k82022603/RummiArena/game-server/internal/repository/redis_repo.go:63.88,64.70 1 0
github.com/k82022603/RummiArena/game-server/internal/repository/redis_repo.go:64.70,66.3 1 0
github.com/k82022603/RummiArena/game-server/internal/repository/redis_repo.go:67.2,67.12 1 0
github.com/k82022603/RummiArena/game-server/internal/middleware/auth.go:26.45,27.30 1 0
github.com/k82022603/RummiArena/game-server/internal/middleware/auth.go:27.30,29.23 2 0
github.com/k82022603/RummiArena/game-server/internal/middleware/auth.go:29.23,34.4 2 0
github.com/k82022603/RummiArena/game-server/internal/middleware/auth.go:36.3,37.63 2 0
github.com/k82022603/RummiArena/game-server/internal/middleware/auth.go:37.63,42.4 2 0
github.com/k82022603/RummiArena/game-server/internal/middleware/auth.go:44.3,47.87 3 0
github.com/k82022603/RummiArena/game-server/internal/middleware/auth.go:47.87,48.55 1 0
github.com/k82022603/RummiArena/game-server/internal/middleware/auth.go:48.55,50.5 1 0
github.com/k82022603/RummiArena/game-server/internal/middleware/auth.go:51.4,51.30 1 0
github.com/k82022603/RummiArena/game-server/internal/middleware/auth.go:54.3,54.33 1 0
github.com/k82022603/RummiArena/game-server/internal/middleware/auth.go:54.33,59.4 2 0
github.com/k82022603/RummiArena/game-server/internal/middleware/auth.go:61.3,63.11 3 0
github.com/k82022603/RummiArena/game-server/internal/middleware/auth.go:68.55,70.13 2 0
github.com/k82022603/RummiArena/game-server/internal/middleware/auth.go:70.13,72.3 1 0
github.com/k82022603/RummiArena/game-server/internal/middleware/auth.go:73.2,74.15 2 0
github.com/k82022603/RummiArena/game-server/internal/middleware/logger.go:11.52,12.30 1 0
github.com/k82022603/RummiArena/game-server/internal/middleware/logger.go:12.30,32.24 8 0
github.com/k82022603/RummiArena/game-server/internal/middleware/logger.go:32.24,34.4 1 0
github.com/k82022603/RummiArena/game-server/internal/middleware/logger.go:36.3,36.10 1 0
github.com/k82022603/RummiArena/game-server/internal/middleware/logger.go:37.22,38.38 1 0
github.com/k82022603/RummiArena/game-server/internal/middleware/logger.go:39.22,40.37 1 0
github.com/k82022603/RummiArena/game-server/internal/middleware/logger.go:41.11,42.37 1 0
github.com/k82022603/RummiArena/game-server/internal/middleware/role_middleware.go:24.51,26.26 2 1
github.com/k82022603/RummiArena/game-server/internal/middleware/role_middleware.go:26.26,28.3 1 1
github.com/k82022603/RummiArena/game-server/internal/middleware/role_middleware.go:30.2,30.30 1 1
github.com/k82022603/RummiArena/game-server/internal/middleware/role_middleware.go:30.30,32.14 2 1
github.com/k82022603/RummiArena/game-server/internal/middleware/role_middleware.go:32.14,40.4 2 1
github.com/k82022603/RummiArena/game-server/internal/middleware/role_middleware.go:42.3,43.24 2 1
github.com/k82022603/RummiArena/game-server/internal/middleware/role_middleware.go:43.24,51.4 2 1
github.com/k82022603/RummiArena/game-server/internal/middleware/role_middleware.go:53.3,53.48 1 1
github.com/k82022603/RummiArena/game-server/internal/middleware/role_middleware.go:53.48,61.4 2 1
github.com/k82022603/RummiArena/game-server/internal/middleware/role_middleware.go:63.3,63.11 1 1
github.com/k82022603/RummiArena/game-server/internal/middleware/role_middleware.go:69.53,71.13 2 1
github.com/k82022603/RummiArena/game-server/internal/middleware/role_middleware.go:71.13,73.3 1 1
github.com/k82022603/RummiArena/game-server/internal/middleware/role_middleware.go:74.2,75.17 2 1
github.com/k82022603/RummiArena/game-server/internal/service/admin_service.go:99.93,104.2 1 0
github.com/k82022603/RummiArena/game-server/internal/service/admin_service.go:106.83,108.16 2 0
github.com/k82022603/RummiArena/game-server/internal/service/admin_service.go:108.16,110.3 1 0
github.com/k82022603/RummiArena/game-server/internal/service/admin_service.go:112.2,113.16 2 0
github.com/k82022603/RummiArena/game-server/internal/service/admin_service.go:113.16,115.3 1 0
github.com/k82022603/RummiArena/game-server/internal/service/admin_service.go:117.2,118.16 2 0
github.com/k82022603/RummiArena/game-server/internal/service/admin_service.go:118.16,120.3 1 0
github.com/k82022603/RummiArena/game-server/internal/service/admin_service.go:122.2,123.16 2 0
github.com/k82022603/RummiArena/game-server/internal/service/admin_service.go:123.16,125.3 1 0
github.com/k82022603/RummiArena/game-server/internal/service/admin_service.go:127.2,128.16 2 0
github.com/k82022603/RummiArena/game-server/internal/service/admin_service.go:128.16,130.3 1 0
github.com/k82022603/RummiArena/game-server/internal/service/admin_service.go:132.2,138.8 1 0
github.com/k82022603/RummiArena/game-server/internal/service/admin_service.go:141.91,143.16 2 0
github.com/k82022603/RummiArena/game-server/internal/service/admin_service.go:143.16,146.3 2 0
github.com/k82022603/RummiArena/game-server/internal/service/admin_service.go:148.2,149.27 2 0
github.com/k82022603/RummiArena/game-server/internal/service/admin_service.go:149.27,158.3 1 0
github.com/k82022603/RummiArena/game-server/internal/service/admin_service.go:159.2,159.19 1 0
github.com/k82022603/RummiArena/game-server/internal/service/admin_service.go:162.80,164.16 2 0
github.com/k82022603/RummiArena/game-server/internal/service/admin_service.go:164.16,167.3 2 0
github.com/k82022603/RummiArena/game-server/internal/service/admin_service.go:169.2,170.27 2 0
github.com/k82022603/RummiArena/game-server/internal/service/admin_service.go:170.27,179.3 1 0
github.com/k82022603/RummiArena/game-server/internal/service/admin_service.go:180.2,180.19 1 0
github.com/k82022603/RummiArena/game-server/internal/service/admin_service.go:185.79,187.16 2 0
github.com/k82022603/RummiArena/game-server/internal/service/admin_service.go:187.16,189.3 1 0
github.com/k82022603/RummiArena/game-server/internal/service/admin_service.go:190.2,195.8 1 0
github.com/k82022603/RummiArena/game-server/internal/service/admin_service.go:198.81,200.16 2 0
github.com/k82022603/RummiArena/game-server/internal/service/admin_service.go:200.16,203.3 2 0
github.com/k82022603/RummiArena/game-server/internal/service/admin_service.go:205.2,206.16 2 0
github.com/k82022603/RummiArena/game-server/internal/service/admin_service.go:206.16,208.3 1 0
github.com/k82022603/RummiArena/game-server/internal/service/admin_service.go:210.2,211.16 2 0
github.com/k82022603/RummiArena/game-server/internal/service/admin_service.go:211.16,214.3 2 0
github.com/k82022603/RummiArena/game-server/internal/service/admin_service.go:216.2,220.8 1 0
github.com/k82022603/RummiArena/game-server/internal/service/admin_service.go:223.96,225.16 2 0
github.com/k82022603/RummiArena/game-server/internal/service/admin_service.go:225.16,227.3 1 0
github.com/k82022603/RummiArena/game-server/internal/service/admin_service.go:229.2,230.16 2 0
github.com/k82022603/RummiArena/game-server/internal/service/admin_service.go:230.16,233.3 2 0
github.com/k82022603/RummiArena/game-server/internal/service/admin_service.go:235.2,236.28 2 0
github.com/k82022603/RummiArena/game-server/internal/service/admin_service.go:236.28,238.3 1 0
github.com/k82022603/RummiArena/game-server/internal/service/admin_service.go:240.2,245.8 1 0
github.com/k82022603/RummiArena/game-server/internal/service/admin_service.go:248.97,250.16 2 0
github.com/k82022603/RummiArena/game-server/internal/service/admin_service.go:250.16,252.3 1 0
github.com/k82022603/RummiArena/game-server/internal/service/admin_service.go:254.2,255.16 2 0
github.com/k82022603/RummiArena/game-server/internal/service/admin_service.go:255.16,257.3 1 0
github.com/k82022603/RummiArena/game-server/internal/service/admin_service.go:259.2,260.16 2 0
github.com/k82022603/RummiArena/game-server/internal/service/admin_service.go:260.16,262.3 1 0
github.com/k82022603/RummiArena/game-server/internal/service/admin_service.go:264.2,269.8 1 0
github.com/k82022603/RummiArena/game-server/internal/service/errors.go:13.39,15.2 1 1
github.com/k82022603/RummiArena/game-server/internal/service/errors.go:18.54,19.16 1 1
github.com/k82022603/RummiArena/game-server/internal/service/errors.go:19.16,21.3 1 1
github.com/k82022603/RummiArena/game-server/internal/service/errors.go:22.2,23.15 2 1
github.com/k82022603/RummiArena/game-server/internal/service/game_service.go:106.34,110.16 3 0
github.com/k82022603/RummiArena/game-server/internal/service/game_service.go:110.16,112.3 1 0
github.com/k82022603/RummiArena/game-server/internal/service/game_service.go:115.2,117.33 3 0
github.com/k82022603/RummiArena/game-server/internal/service/game_service.go:117.33,119.17 2 0
github.com/k82022603/RummiArena/game-server/internal/service/game_service.go:119.17,120.9 1 0
github.com/k82022603/RummiArena/game-server/internal/service/game_service.go:122.3,122.38 1 0
github.com/k82022603/RummiArena/game-server/internal/service/game_service.go:126.2,127.28 2 0
github.com/k82022603/RummiArena/game-server/internal/service/game_service.go:127.28,129.30 2 0
github.com/k82022603/RummiArena/game-server/internal/service/game_service.go:129.30,131.4 1 0
github.com/k82022603/RummiArena/game-server/internal/service/game_service.go:132.3,144.4 1 0
github.com/k82022603/RummiArena/game-server/internal/service/game_service.go:147.2,158.56 2 0
github.com/k82022603/RummiArena/game-server/internal/service/game_service.go:158.56,160.3 1 0
github.com/k82022603/RummiArena/game-server/internal/service/game_service.go:161.2,161.19 1 0
github.com/k82022603/RummiArena/game-server/internal/service/game_service.go:165.80,170.2 1 1
github.com/k82022603/RummiArena/game-server/internal/service/game_service.go:174.95,176.16 2 1
github.com/k82022603/RummiArena/game-server/internal/service/game_service.go:176.16,178.3 1 1
github.com/k82022603/RummiArena/game-server/internal/service/game_service.go:181.2,182.34 2 1
github.com/k82022603/RummiArena/game-server/internal/service/game_service.go:182.34,184.31 2 0
github.com/k82022603/RummiArena/game-server/internal/service/game_service.go:184.31,186.4 1 0
github.com/k82022603/RummiArena/game-server/internal/service/game_service.go:187.3,187.53 1 0
github.com/k82022603/RummiArena/game-server/internal/service/game_service.go:191.2,193.34 3 1
github.com/k82022603/RummiArena/game-server/internal/service/game_service.go:193.34,195.23 2 1
github.com/k82022603/RummiArena/game-server/internal/service/game_service.go:195.23,197.4 1 1
github.com/k82022603/RummiArena/game-server/internal/service/game_service.go:198.3,207.36 2 1
github.com/k82022603/RummiArena/game-server/internal/service/game_service.go:207.36,211.4 3 1
github.com/k82022603/RummiArena/game-server/internal/service/game_service.go:214.2,224.8 1 1
github.com/k82022603/RummiArena/game-server/internal/service/game_service.go:229.95,231.16 2 1
github.com/k82022603/RummiArena/game-server/internal/service/game_service.go:231.16,233.3 1 1
github.com/k82022603/RummiArena/game-server/internal/service/game_service.go:235.2,235.35 1 1
github.com/k82022603/RummiArena/game-server/internal/service/game_service.go:235.35,237.3 1 1
github.com/k82022603/RummiArena/game-server/internal/service/game_service.go:239.2,240.19 2 1
github.com/k82022603/RummiArena/game-server/internal/service/game_service.go:240.19,242.3 1 0
github.com/k82022603/RummiArena/game-server/internal/service/game_service.go:245.2,247.48 3 1
github.com/k82022603/RummiArena/game-server/internal/service/game_service.go:247.48,256.3 4 1
github.com/k82022603/RummiArena/game-server/internal/service/game_service.go:257.2,261.16 3 1
github.com/k82022603/RummiArena/game-server/internal/service/game_service.go:261.16,263.3 1 1
github.com/k82022603/RummiArena/game-server/internal/service/game_service.go:264.2,269.56 3 1
github.com/k82022603/RummiArena/game-server/internal/service/game_service.go:269.56,271.3 1 0
github.com/k82022603/RummiArena/game-server/internal/service/game_service.go:273.2,273.93 1 1
github.com/k82022603/RummiArena/game-server/internal/service/game_service.go:278.98,280.16 2 1
github.com/k82022603/RummiArena/game-server/internal/service/game_service.go:280.16,282.3 1 0
github.com/k82022603/RummiArena/game-server/internal/service/game_service.go:284.2,284.35 1 1
github.com/k82022603/RummiArena/game-server/internal/service/game_service.go:284.35,286.3 1 1
github.com/k82022603/RummiArena/game-server/internal/service/game_service.go:288.2,289.19 2 1
github.com/k82022603/RummiArena/game-server/internal/service/game_service.go:289.19,291.3 1 1
github.com/k82022603/RummiArena/game-server/internal/service/game_service.go:293.2,298.16 4 1
github.com/k82022603/RummiArena/game-server/internal/service/game_service.go:298.16,300.3 1 0
github.com/k82022603/RummiArena/game-server/internal/service/game_service.go:302.2,304.64 2 1
github.com/k82022603/RummiArena/game-server/internal/service/game_service.go:304.64,306.3 1 1
github.com/k82022603/RummiArena/game-server/internal/service/game_service.go:309.2,313.76 4 1
github.com/k82022603/RummiArena/game-server/internal/service/game_service.go:313.76,315.3 1 1
github.com/k82022603/RummiArena/game-server/internal/service/game_service.go:317.2,323.25 5 1
github.com/k82022603/RummiArena/game-server/internal/service/game_service.go:323.25,325.3 1 1
github.com/k82022603/RummiArena/game-server/internal/service/game_service.go:327.2,327.35 1 1
github.com/k82022603/RummiArena/game-server/internal/service/game_service.go:331.144,336.13 5 1
github.com/k82022603/RummiArena/game-server/internal/service/game_service.go:336.13,338.3 1 1
github.com/k82022603/RummiArena/game-server/internal/service/game_service.go:339.2,341.44 3 1
github.com/k82022603/RummiArena/game-server/internal/service/game_service.go:345.107,346.28 1 1
github.com/k82022603/RummiArena/game-server/internal/service/game_service.go:346.28,348.3 1 1
github.com/k82022603/RummiArena/game-server/internal/service/game_service.go:349.2,349.25 1 1
github.com/k82022603/RummiArena/game-server/internal/service/game_service.go:353.180,362.2 1 1
github.com/k82022603/RummiArena/game-server/internal/service/game_service.go:365.39,366.49 1 1
github.com/k82022603/RummiArena/game-server/internal/service/game_service.go:366.49,368.3 1 1
github.com/k82022603/RummiArena/game-server/internal/service/game_service.go:369.2,369.29 1 0
github.com/k82022603/RummiArena/game-server/internal/service/game_service.go:373.107,380.2 1 1
github.com/k82022603/RummiArena/game-server/internal/service/game_service.go:383.105,385.56 2 1
github.com/k82022603/RummiArena/game-server/internal/service/game_service.go:385.56,387.3 1 0
github.com/k82022603/RummiArena/game-server/internal/service/game_service.go:388.2,394.8 1 1
github.com/k82022603/RummiArena/game-server/internal/service/game_service.go:400.99,411.34 5 1
github.com/k82022603/RummiArena/game-server/internal/service/game_service.go:411.34,413.31 2 1
github.com/k82022603/RummiArena/game-server/internal/service/game_service.go:413.31,415.4 1 1
github.com/k82022603/RummiArena/game-server/internal/service/game_service.go:416.3,416.63 1 1
github.com/k82022603/RummiArena/game-server/internal/service/game_service.go:420.2,421.32 2 1
github.com/k82022603/RummiArena/game-server/internal/service/game_service.go:421.32,422.81 1 1
github.com/k82022603/RummiArena/game-server/internal/service/game_service.go:422.81,424.4 1 1
github.com/k82022603/RummiArena/game-server/internal/service/game_service.go:428.2,429.28 2 1
github.com/k82022603/RummiArena/game-server/internal/service/game_service.go:429.28,430.77 1 1
github.com/k82022603/RummiArena/game-server/internal/service/game_service.go:430.77,432.9 2 1
github.com/k82022603/RummiArena/game-server/internal/service/game_service.go:436.2,436.56 1 1
github.com/k82022603/RummiArena/game-server/internal/service/game_service.go:436.56,438.3 1 0
github.com/k82022603/RummiArena/game-server/internal/service/game_service.go:439.2,446.8 1 1
github.com/k82022603/RummiArena/game-server/internal/service/game_service.go:451.33,452.40 1 1
github.com/k82022603/RummiArena/game-server/internal/service/game_service.go:452.40,454.3 1 1
github.com/k82022603/RummiArena/game-server/internal/service/game_service.go:455.2,456.16 2 1
github.com/k82022603/RummiArena/game-server/internal/service/game_service.go:456.16,458.3 1 1
github.com/k82022603/RummiArena/game-server/internal/service/game_service.go:459.2,459.22 1 1
github.com/k82022603/RummiArena/game-server/internal/service/game_service.go:463.97,469.56 5 1
github.com/k82022603/RummiArena/game-server/internal/service/game_service.go:469.56,471.3 1 0
github.com/k82022603/RummiArena/game-server/internal/service/game_service.go:472.2,472.84 1 1
github.com/k82022603/RummiArena/game-server/internal/service/game_service.go:477.84,479.16 2 1
github.com/k82022603/RummiArena/game-server/internal/service/game_service.go:479.16,481.3 1 1
github.com/k82022603/RummiArena/game-server/internal/service/game_service.go:483.2,483.31 1 1
github.com/k82022603/RummiArena/game-server/internal/service/game_service.go:483.31,485.3 1 1
github.com/k82022603/RummiArena/game-server/internal/service/game_service.go:487.2,488.19 2 1
github.com/k82022603/RummiArena/game-server/internal/service/game_service.go:488.19,490.3 1 1
github.com/k82022603/RummiArena/game-server/internal/service/game_service.go:492.2,492.30 1 1
github.com/k82022603/RummiArena/game-server/internal/service/game_service.go:492.30,503.79 6 1
github.com/k82022603/RummiArena/game-server/internal/service/game_service.go:503.79,505.4 1 1
github.com/k82022603/RummiArena/game-server/internal/service/game_service.go:508.3,508.36 1 1
github.com/k82022603/RummiArena/game-server/internal/service/game_service.go:512.2,524.78 9 1
github.com/k82022603/RummiArena/game-server/internal/service/game_service.go:524.78,526.3 1 1
github.com/k82022603/RummiArena/game-server/internal/service/game_service.go:529.2,534.56 5 1
github.com/k82022603/RummiArena/game-server/internal/service/game_service.go:534.56,536.3 1 0
github.com/k82022603/RummiArena/game-server/internal/service/game_service.go:538.2,538.84 1 1
github.com/k82022603/RummiArena/game-server/internal/service/game_service.go:542.85,544.16 2 1
github.com/k82022603/RummiArena/game-server/internal/service/game_service.go:544.16,546.3 1 1
github.com/k82022603/RummiArena/game-server/internal/service/game_service.go:548.2,548.31 1 1
github.com/k82022603/RummiArena/game-server/internal/service/game_service.go:548.31,550.3 1 1
github.com/k82022603/RummiArena/game-server/internal/service/game_service.go:552.2,553.19 2 1
github.com/k82022603/RummiArena/game-server/internal/service/game_service.go:553.19,555.3 1 0
github.com/k82022603/RummiArena/game-server/internal/service/game_service.go:557.2,560.12 4 1
github.com/k82022603/RummiArena/game-server/internal/service/game_service.go:560.12,562.3 1 1
github.com/k82022603/RummiArena/game-server/internal/service/game_service.go:563.2,565.13 2 1
github.com/k82022603/RummiArena/game-server/internal/service/game_service.go:565.13,568.3 1 1
github.com/k82022603/RummiArena/game-server/internal/service/game_service.go:571.2,574.56 3 1
github.com/k82022603/RummiArena/game-server/internal/service/game_service.go:574.56,576.3 1 0
github.com/k82022603/RummiArena/game-server/internal/service/game_service.go:578.2,578.80 1 1
github.com/k82022603/RummiArena/game-server/internal/service/game_service.go:583.104,585.16 2 1
github.com/k82022603/RummiArena/game-server/internal/service/game_service.go:585.16,587.3 1 0
github.com/k82022603/RummiArena/game-server/internal/service/game_service.go:589.2,589.45 1 1
github.com/k82022603/RummiArena/game-server/internal/service/game_service.go:589.45,591.3 1 0
github.com/k82022603/RummiArena/game-server/internal/service/game_service.go:593.2,594.19 2 1
github.com/k82022603/RummiArena/game-server/internal/service/game_service.go:594.19,596.3 1 0
github.com/k82022603/RummiArena/game-server/internal/service/game_service.go:598.2,603.22 3 1
github.com/k82022603/RummiArena/game-server/internal/service/game_service.go:603.22,607.35 3 1
github.com/k82022603/RummiArena/game-server/internal/service/game_service.go:607.35,608.47 1 1
github.com/k82022603/RummiArena/game-server/internal/service/game_service.go:608.47,610.10 2 1
github.com/k82022603/RummiArena/game-server/internal/service/game_service.go:613.3,613.57 1 1
github.com/k82022603/RummiArena/game-server/internal/service/game_service.go:613.57,615.4 1 0
github.com/k82022603/RummiArena/game-server/internal/service/game_service.go:616.3,623.9 1 1
github.com/k82022603/RummiArena/game-server/internal/service/game_service.go:627.2,627.31 1 1
github.com/k82022603/RummiArena/game-server/internal/service/game_service.go:627.31,636.3 7 1
github.com/k82022603/RummiArena/game-server/internal/service/game_service.go:638.2,638.56 1 1
github.com/k82022603/RummiArena/game-server/internal/service/game_service.go:638.56,640.3 1 0
github.com/k82022603/RummiArena/game-server/internal/service/game_service.go:642.2,647.8 1 1
github.com/k82022603/RummiArena/game-server/internal/service/game_service.go:651.107,653.16 2 1
github.com/k82022603/RummiArena/game-server/internal/service/game_service.go:653.16,655.3 1 0
github.com/k82022603/RummiArena/game-server/internal/service/game_service.go:657.2,658.19 2 1
github.com/k82022603/RummiArena/game-server/internal/service/game_service.go:658.19,660.3 1 0
github.com/k82022603/RummiArena/game-server/internal/service/game_service.go:662.2,663.46 2 1
github.com/k82022603/RummiArena/game-server/internal/service/game_service.go:663.46,665.3 1 1
github.com/k82022603/RummiArena/game-server/internal/service/game_service.go:665.8,665.47 1 1
github.com/k82022603/RummiArena/game-server/internal/service/game_service.go:665.47,667.3 1 1
github.com/k82022603/RummiArena/game-server/internal/service/game_service.go:669.2,669.40 1 1
github.com/k82022603/RummiArena/game-server/internal/service/game_service.go:675.66,676.28 1 1
github.com/k82022603/RummiArena/game-server/internal/service/game_service.go:676.28,677.26 1 1
github.com/k82022603/RummiArena/game-server/internal/service/game_service.go:677.26,679.4 1 1
github.com/k82022603/RummiArena/game-server/internal/service/game_service.go:681.2,681.11 1 1
github.com/k82022603/RummiArena/game-server/internal/service/game_service.go:686.51,688.12 2 1
github.com/k82022603/RummiArena/game-server/internal/service/game_service.go:688.12,690.3 1 0
github.com/k82022603/RummiArena/game-server/internal/service/game_service.go:691.2,692.34 2 1
github.com/k82022603/RummiArena/game-server/internal/service/game_service.go:692.34,693.39 1 1
github.com/k82022603/RummiArena/game-server/internal/service/game_service.go:693.39,695.9 2 1
github.com/k82022603/RummiArena/game-server/internal/service/game_service.go:698.2,698.20 1 1
github.com/k82022603/RummiArena/game-server/internal/service/game_service.go:698.20,700.3 1 0
github.com/k82022603/RummiArena/game-server/internal/service/game_service.go:702.2,702.26 1 1
github.com/k82022603/RummiArena/game-server/internal/service/game_service.go:702.26,704.67 2 1
github.com/k82022603/RummiArena/game-server/internal/service/game_service.go:704.67,706.4 1 1
github.com/k82022603/RummiArena/game-server/internal/service/game_service.go:708.2,708.44 1 1
github.com/k82022603/RummiArena/game-server/internal/service/game_service.go:712.58,714.34 2 1
github.com/k82022603/RummiArena/game-server/internal/service/game_service.go:714.34,715.46 1 1
github.com/k82022603/RummiArena/game-server/internal/service/game_service.go:715.46,717.4 1 1
github.com/k82022603/RummiArena/game-server/internal/service/game_service.go:719.2,719.14 1 1
github.com/k82022603/RummiArena/game-server/internal/service/game_service.go:724.75,726.25 2 1
github.com/k82022603/RummiArena/game-server/internal/service/game_service.go:726.25,728.3 1 1
github.com/k82022603/RummiArena/game-server/internal/service/game_service.go:729.2,729.26 1 1
github.com/k82022603/RummiArena/game-server/internal/service/game_service.go:729.26,730.19 1 1
github.com/k82022603/RummiArena/game-server/internal/service/game_service.go:730.19,732.4 1 1
github.com/k82022603/RummiArena/game-server/internal/service/game_service.go:733.3,733.12 1 1
github.com/k82022603/RummiArena/game-server/internal/service/game_service.go:735.2,736.25 2 1
github.com/k82022603/RummiArena/game-server/internal/service/game_service.go:736.25,737.18 1 1
github.com/k82022603/RummiArena/game-server/internal/service/game_service.go:737.18,740.4 2 1
github.com/k82022603/RummiArena/game-server/internal/service/game_service.go:742.2,742.20 1 1
github.com/k82022603/RummiArena/game-server/internal/service/game_service.go:746.74,748.31 2 1
github.com/k82022603/RummiArena/game-server/internal/service/game_service.go:748.31,750.32 2 1
github.com/k82022603/RummiArena/game-server/internal/service/game_service.go:750.32,752.4 1 1
github.com/k82022603/RummiArena/game-server/internal/service/game_service.go:753.3,756.5 1 1
github.com/k82022603/RummiArena/game-server/internal/service/game_service.go:758.2,758.13 1 1
github.com/k82022603/RummiArena/game-server/internal/service/game_service.go:762.72,764.25 2 1
github.com/k82022603/RummiArena/game-server/internal/service/game_service.go:764.25,766.29 2 1
github.com/k82022603/RummiArena/game-server/internal/service/game_service.go:766.29,768.18 2 1
github.com/k82022603/RummiArena/game-server/internal/service/game_service.go:768.18,770.13 2 0
github.com/k82022603/RummiArena/game-server/internal/service/game_service.go:772.4,772.33 1 1
github.com/k82022603/RummiArena/game-server/internal/service/game_service.go:774.3,777.5 1 1
github.com/k82022603/RummiArena/game-server/internal/service/game_service.go:779.2,779.15 1 1
github.com/k82022603/RummiArena/game-server/internal/service/game_service.go:783.64,784.18 1 1
github.com/k82022603/RummiArena/game-server/internal/service/game_service.go:784.18,786.3 1 0
github.com/k82022603/RummiArena/game-server/internal/service/game_service.go:787.2,788.26 2 1
github.com/k82022603/RummiArena/game-server/internal/service/game_service.go:788.26,794.3 5 1
github.com/k82022603/RummiArena/game-server/internal/service/game_service.go:795.2,795.15 1 1
github.com/k82022603/RummiArena/game-server/internal/service/game_service.go:799.50,801.2 1 1
github.com/k82022603/RummiArena/game-server/internal/service/room_service.go:58.15,65.2 2 1
github.com/k82022603/RummiArena/game-server/internal/service/room_service.go:69.84,70.48 1 1
github.com/k82022603/RummiArena/game-server/internal/service/room_service.go:70.48,72.3 1 0
github.com/k82022603/RummiArena/game-server/internal/service/room_service.go:73.2,73.57 1 1
github.com/k82022603/RummiArena/game-server/internal/service/room_service.go:73.57,75.3 1 0
github.com/k82022603/RummiArena/game-server/internal/service/room_service.go:76.2,76.26 1 1
github.com/k82022603/RummiArena/game-server/internal/service/room_service.go:76.26,78.3 1 0
github.com/k82022603/RummiArena/game-server/internal/service/room_service.go:81.2,81.61 1 1
github.com/k82022603/RummiArena/game-server/internal/service/room_service.go:81.61,83.3 1 1
github.com/k82022603/RummiArena/game-server/internal/service/room_service.go:85.2,86.16 2 1
github.com/k82022603/RummiArena/game-server/internal/service/room_service.go:86.16,88.3 1 0
github.com/k82022603/RummiArena/game-server/internal/service/room_service.go:90.2,102.39 5 1
github.com/k82022603/RummiArena/game-server/internal/service/room_service.go:102.39,104.33 2 1
github.com/k82022603/RummiArena/game-server/internal/service/room_service.go:104.33,108.24 4 0
github.com/k82022603/RummiArena/game-server/internal/service/room_service.go:108.24,110.5 1 0
github.com/k82022603/RummiArena/game-server/internal/service/room_service.go:111.4,111.20 1 0
github.com/k82022603/RummiArena/game-server/internal/service/room_service.go:111.20,113.5 1 0
github.com/k82022603/RummiArena/game-server/internal/service/room_service.go:114.4,123.5 1 0
github.com/k82022603/RummiArena/game-server/internal/service/room_service.go:124.9,130.4 1 1
github.com/k82022603/RummiArena/game-server/internal/service/room_service.go:133.2,147.50 3 1
github.com/k82022603/RummiArena/game-server/internal/service/room_service.go:147.50,149.3 1 0
github.com/k82022603/RummiArena/game-server/internal/service/room_service.go:152.2,154.18 2 1
github.com/k82022603/RummiArena/game-server/internal/service/room_service.go:158.68,160.16 2 0
github.com/k82022603/RummiArena/game-server/internal/service/room_service.go:160.16,162.3 1 0
github.com/k82022603/RummiArena/game-server/internal/service/room_service.go:163.2,163.18 1 0
github.com/k82022603/RummiArena/game-server/internal/service/room_service.go:167.63,169.16 2 0
github.com/k82022603/RummiArena/game-server/internal/service/room_service.go:169.16,171.3 1 0
github.com/k82022603/RummiArena/game-server/internal/service/room_service.go:172.2,172.19 1 0
github.com/k82022603/RummiArena/game-server/internal/service/room_service.go:177.74,179.16 2 1
github.com/k82022603/RummiArena/game-server/internal/service/room_service.go:179.16,181.3 1 0
github.com/k82022603/RummiArena/game-server/internal/service/room_service.go:183.2,183.44 1 1
github.com/k82022603/RummiArena/game-server/internal/service/room_service.go:183.44,185.3 1 0
github.com/k82022603/RummiArena/game-server/internal/service/room_service.go:188.2,188.33 1 1
github.com/k82022603/RummiArena/game-server/internal/service/room_service.go:188.33,189.25 1 1
github.com/k82022603/RummiArena/game-server/internal/service/room_service.go:189.25,191.4 1 0
github.com/k82022603/RummiArena/game-server/internal/service/room_service.go:195.2,195.53 1 1
github.com/k82022603/RummiArena/game-server/internal/service/room_service.go:195.53,197.3 1 1
github.com/k82022603/RummiArena/game-server/internal/service/room_service.go:200.2,201.33 2 1
github.com/k82022603/RummiArena/game-server/internal/service/room_service.go:201.33,202.79 1 1
github.com/k82022603/RummiArena/game-server/internal/service/room_service.go:202.79,204.9 2 1
github.com/k82022603/RummiArena/game-server/internal/service/room_service.go:207.2,207.19 1 1
github.com/k82022603/RummiArena/game-server/internal/service/room_service.go:207.19,209.3 1 0
github.com/k82022603/RummiArena/game-server/internal/service/room_service.go:211.2,220.50 3 1
github.com/k82022603/RummiArena/game-server/internal/service/room_service.go:220.50,222.3 1 0
github.com/k82022603/RummiArena/game-server/internal/service/room_service.go:225.2,227.12 2 1
github.com/k82022603/RummiArena/game-server/internal/service/room_service.go:233.82,235.16 2 1
github.com/k82022603/RummiArena/game-server/internal/service/room_service.go:235.16,237.3 1 0
github.com/k82022603/RummiArena/game-server/internal/service/room_service.go:239.2,239.89 1 1
github.com/k82022603/RummiArena/game-server/internal/service/room_service.go:239.89,241.3 1 0
github.com/k82022603/RummiArena/game-server/internal/service/room_service.go:243.2,244.33 2 1
github.com/k82022603/RummiArena/game-server/internal/service/room_service.go:244.33,245.25 1 1
github.com/k82022603/RummiArena/game-server/internal/service/room_service.go:245.25,247.29 2 1
github.com/k82022603/RummiArena/game-server/internal/service/room_service.go:247.29,250.37 2 0
github.com/k82022603/RummiArena/game-server/internal/service/room_service.go:250.37,251.25 1 0
github.com/k82022603/RummiArena/game-server/internal/service/room_service.go:251.25,253.7 1 0
github.com/k82022603/RummiArena/game-server/internal/service/room_service.go:255.10,263.5 2 1
github.com/k82022603/RummiArena/game-server/internal/service/room_service.go:264.4,264.9 1 1
github.com/k82022603/RummiArena/game-server/internal/service/room_service.go:268.2,268.12 1 1
github.com/k82022603/RummiArena/game-server/internal/service/room_service.go:268.12,270.3 1 0
github.com/k82022603/RummiArena/game-server/internal/service/room_service.go:272.2,273.50 2 1
github.com/k82022603/RummiArena/game-server/internal/service/room_service.go:273.50,275.3 1 0
github.com/k82022603/RummiArena/game-server/internal/service/room_service.go:276.2,276.18 1 1
github.com/k82022603/RummiArena/game-server/internal/service/room_service.go:282.91,284.16 2 0
github.com/k82022603/RummiArena/game-server/internal/service/room_service.go:284.16,286.3 1 0
github.com/k82022603/RummiArena/game-server/internal/service/room_service.go:288.2,288.31 1 0
github.com/k82022603/RummiArena/game-server/internal/service/room_service.go:288.31,290.3 1 0
github.com/k82022603/RummiArena/game-server/internal/service/room_service.go:292.2,292.44 1 0
github.com/k82022603/RummiArena/game-server/internal/service/room_service.go:292.44,294.3 1 0
github.com/k82022603/RummiArena/game-server/internal/service/room_service.go:297.2,298.33 2 0
github.com/k82022603/RummiArena/game-server/internal/service/room_service.go:298.33,299.40 1 0
github.com/k82022603/RummiArena/game-server/internal/service/room_service.go:299.40,301.4 1 0
github.com/k82022603/RummiArena/game-server/internal/service/room_service.go:303.2,303.28 1 0
github.com/k82022603/RummiArena/game-server/internal/service/room_service.go:303.28,305.3 1 0
github.com/k82022603/RummiArena/game-server/internal/service/room_service.go:308.2,310.16 3 0
github.com/k82022603/RummiArena/game-server/internal/service/room_service.go:310.16,312.3 1 0
github.com/k82022603/RummiArena/game-server/internal/service/room_service.go:315.2,319.50 4 0
github.com/k82022603/RummiArena/game-server/internal/service/room_service.go:319.50,321.3 1 0
github.com/k82022603/RummiArena/game-server/internal/service/room_service.go:323.2,323.23 1 0
github.com/k82022603/RummiArena/game-server/internal/service/room_service.go:327.67,329.16 2 0
github.com/k82022603/RummiArena/game-server/internal/service/room_service.go:329.16,331.3 1 0
github.com/k82022603/RummiArena/game-server/internal/service/room_service.go:333.2,333.31 1 0
github.com/k82022603/RummiArena/game-server/internal/service/room_service.go:333.31,335.3 1 0
github.com/k82022603/RummiArena/game-server/internal/service/room_service.go:337.2,337.38 1 0
github.com/k82022603/RummiArena/game-server/internal/service/room_service.go:342.55,344.16 2 1
github.com/k82022603/RummiArena/game-server/internal/service/room_service.go:344.16,346.3 1 0
github.com/k82022603/RummiArena/game-server/internal/service/room_service.go:347.2,347.89 1 1
github.com/k82022603/RummiArena/game-server/internal/service/room_service.go:347.89,349.3 1 0
github.com/k82022603/RummiArena/game-server/internal/service/room_service.go:350.2,354.33 3 1
github.com/k82022603/RummiArena/game-server/internal/service/room_service.go:354.33,355.21 1 1
github.com/k82022603/RummiArena/game-server/internal/service/room_service.go:355.21,357.4 1 1
github.com/k82022603/RummiArena/game-server/internal/service/room_service.go:360.2,360.34 1 1
github.com/k82022603/RummiArena/game-server/internal/service/room_service.go:365.61,367.2 1 1
github.com/k82022603/RummiArena/game-server/internal/service/room_service.go:371.63,373.16 2 1
github.com/k82022603/RummiArena/game-server/internal/service/room_service.go:373.16,375.3 1 0
github.com/k82022603/RummiArena/game-server/internal/service/room_service.go:376.2,376.26 1 1
github.com/k82022603/RummiArena/game-server/internal/service/room_service.go:376.26,378.3 1 1
github.com/k82022603/RummiArena/game-server/internal/service/room_service.go:380.2,381.16 2 1
github.com/k82022603/RummiArena/game-server/internal/service/room_service.go:381.16,385.3 2 0
github.com/k82022603/RummiArena/game-server/internal/service/room_service.go:386.2,386.89 1 1
github.com/k82022603/RummiArena/game-server/internal/service/room_service.go:386.89,389.3 2 0
github.com/k82022603/RummiArena/game-server/internal/service/room_service.go:390.2,390.114 1 1
github.com/k82022603/RummiArena/game-server/internal/service/room_service.go:394.32,397.19 3 1
github.com/k82022603/RummiArena/game-server/internal/service/room_service.go:397.19,399.3 1 1
github.com/k82022603/RummiArena/game-server/internal/service/room_service.go:400.2,400.18 1 1
github.com/k82022603/RummiArena/game-server/internal/service/turn_service.go:54.15,59.2 1 1
github.com/k82022603/RummiArena/game-server/internal/service/turn_service.go:62.79,65.36 2 1
github.com/k82022603/RummiArena/game-server/internal/service/turn_service.go:65.36,67.29 2 1
github.com/k82022603/RummiArena/game-server/internal/service/turn_service.go:67.29,69.4 1 1
github.com/k82022603/RummiArena/game-server/internal/service/turn_service.go:70.3,70.57 1 1
github.com/k82022603/RummiArena/game-server/internal/service/turn_service.go:73.2,80.16 3 1
github.com/k82022603/RummiArena/game-server/internal/service/turn_service.go:80.16,82.3 1 1
github.com/k82022603/RummiArena/game-server/internal/service/turn_service.go:83.2,88.8 1 1
github.com/k82022603/RummiArena/game-server/internal/service/turn_service.go:92.84,94.16 2 1
github.com/k82022603/RummiArena/game-server/internal/service/turn_service.go:94.16,96.3 1 1
github.com/k82022603/RummiArena/game-server/internal/service/turn_service.go:97.2,102.8 1 1
github.com/k82022603/RummiArena/game-server/internal/service/turn_service.go:107.89,109.71 1 1
github.com/k82022603/RummiArena/game-server/internal/service/turn_service.go:109.71,111.3 1 0
github.com/k82022603/RummiArena/game-server/internal/service/turn_service.go:113.2,113.39 1 1
github.com/k82022603/RummiArena/game-server/internal/service/turn_service.go:117.66,119.16 2 1
github.com/k82022603/RummiArena/game-server/internal/service/turn_service.go:119.16,121.3 1 1
github.com/k82022603/RummiArena/game-server/internal/service/turn_service.go:122.2,122.31 1 1
github.com/k82022603/RummiArena/game-server/internal/service/turn_service.go:126.75,128.16 2 1
github.com/k82022603/RummiArena/game-server/internal/service/turn_service.go:128.16,130.3 1 1
github.com/k82022603/RummiArena/game-server/internal/service/turn_service.go:131.2,131.33 1 1
github.com/k82022603/RummiArena/game-server/internal/client/ai_client.go:32.81,40.2 1 1
github.com/k82022603/RummiArena/game-server/internal/client/ai_client.go:109.95,111.16 2 1
github.com/k82022603/RummiArena/game-server/internal/client/ai_client.go:111.16,113.3 1 0
github.com/k82022603/RummiArena/game-server/internal/client/ai_client.go:115.2,116.16 2 1
github.com/k82022603/RummiArena/game-server/internal/client/ai_client.go:116.16,118.3 1 0
github.com/k82022603/RummiArena/game-server/internal/client/ai_client.go:120.2,121.19 2 1
github.com/k82022603/RummiArena/game-server/internal/client/ai_client.go:121.19,123.3 1 1
github.com/k82022603/RummiArena/game-server/internal/client/ai_client.go:125.2,126.16 2 1
github.com/k82022603/RummiArena/game-server/internal/client/ai_client.go:126.16,128.3 1 1
github.com/k82022603/RummiArena/game-server/internal/client/ai_client.go:129.2,131.38 2 1
github.com/k82022603/RummiArena/game-server/internal/client/ai_client.go:131.38,133.3 1 1
github.com/k82022603/RummiArena/game-server/internal/client/ai_client.go:135.2,136.69 2 1
github.com/k82022603/RummiArena/game-server/internal/client/ai_client.go:136.69,138.3 1 0
github.com/k82022603/RummiArena/game-server/internal/client/ai_client.go:140.2,140.23 1 1
github.com/k82022603/RummiArena/game-server/internal/client/ai_client.go:144.59,146.16 2 1
github.com/k82022603/RummiArena/game-server/internal/client/ai_client.go:146.16,148.3 1 0
github.com/k82022603/RummiArena/game-server/internal/client/ai_client.go:150.2,151.16 2 1
github.com/k82022603/RummiArena/game-server/internal/client/ai_client.go:151.16,153.3 1 0
github.com/k82022603/RummiArena/game-server/internal/client/ai_client.go:154.2,156.38 2 1
[...]
github.com/k82022603/RummiArena/game-server/internal/handler/ws_handler.go:885.2,887.75 3 0
github.com/k82022603/RummiArena/game-server/internal/handler/ws_handler.go:892.66,894.16 2 0
github.com/k82022603/RummiArena/game-server/internal/handler/ws_handler.go:894.16,901.3 2 0
github.com/k82022603/RummiArena/game-server/internal/handler/ws_handler.go:903.2,904.22 2 0
github.com/k82022603/RummiArena/game-server/internal/handler/ws_handler.go:904.22,907.3 2 0
github.com/k82022603/RummiArena/game-server/internal/handler/ws_handler.go:910.2,912.20 3 0
github.com/k82022603/RummiArena/game-server/internal/handler/ws_handler.go:912.20,914.3 1 0
github.com/k82022603/RummiArena/game-server/internal/handler/ws_handler.go:915.2,927.75 4 0
github.com/k82022603/RummiArena/game-server/internal/handler/ws_handler.go:937.81,938.21 1 1
github.com/k82022603/RummiArena/game-server/internal/handler/ws_handler.go:938.21,940.3 1 1
github.com/k82022603/RummiArena/game-server/internal/handler/ws_handler.go:942.2,943.42 2 1
github.com/k82022603/RummiArena/game-server/internal/handler/ws_handler.go:943.42,945.3 1 1
github.com/k82022603/RummiArena/game-server/internal/handler/ws_handler.go:946.2,952.12 5 1
github.com/k82022603/RummiArena/game-server/internal/handler/ws_handler.go:952.12,953.10 1 1
github.com/k82022603/RummiArena/game-server/internal/handler/ws_handler.go:954.21,955.10 1 1
github.com/k82022603/RummiArena/game-server/internal/handler/ws_handler.go:956.62,956.62 0 1
github.com/k82022603/RummiArena/game-server/internal/handler/ws_handler.go:959.3,965.17 3 1
github.com/k82022603/RummiArena/game-server/internal/handler/ws_handler.go:965.17,972.4 2 0
github.com/k82022603/RummiArena/game-server/internal/handler/ws_handler.go:974.3,979.30 5 1
github.com/k82022603/RummiArena/game-server/internal/handler/ws_handler.go:979.30,981.4 1 0
github.com/k82022603/RummiArena/game-server/internal/handler/ws_handler.go:983.3,988.21 4 1
github.com/k82022603/RummiArena/game-server/internal/handler/ws_handler.go:988.21,990.4 1 1
github.com/k82022603/RummiArena/game-server/internal/handler/ws_handler.go:991.3,1001.47 2 1
github.com/k82022603/RummiArena/game-server/internal/handler/ws_handler.go:1001.47,1004.4 2 0
github.com/k82022603/RummiArena/game-server/internal/handler/ws_handler.go:1006.3,1008.76 3 1
github.com/k82022603/RummiArena/game-server/internal/handler/ws_handler.go:1013.52,1015.35 2 1
github.com/k82022603/RummiArena/game-server/internal/handler/ws_handler.go:1015.35,1018.3 2 1
github.com/k82022603/RummiArena/game-server/internal/handler/ws_handler.go:1019.2,1020.32 2 1
github.com/k82022603/RummiArena/game-server/internal/handler/ws_handler.go:1027.37,1029.2 1 0
github.com/k82022603/RummiArena/game-server/internal/handler/ws_handler.go:1033.75,1034.26 1 1
github.com/k82022603/RummiArena/game-server/internal/handler/ws_handler.go:1034.26,1036.3 1 1
github.com/k82022603/RummiArena/game-server/internal/handler/ws_handler.go:1037.2,1041.115 5 0
github.com/k82022603/RummiArena/game-server/internal/handler/ws_handler.go:1041.115,1046.3 1 0
github.com/k82022603/RummiArena/game-server/internal/handler/ws_handler.go:1050.57,1051.26 1 1
github.com/k82022603/RummiArena/game-server/internal/handler/ws_handler.go:1051.26,1053.3 1 1
github.com/k82022603/RummiArena/game-server/internal/handler/ws_handler.go:1054.2,1056.52 3 0
github.com/k82022603/RummiArena/game-server/internal/handler/ws_handler.go:1061.65,1062.26 1 0
github.com/k82022603/RummiArena/game-server/internal/handler/ws_handler.go:1062.26,1064.3 1 0
github.com/k82022603/RummiArena/game-server/internal/handler/ws_handler.go:1066.2,1069.12 4 0
github.com/k82022603/RummiArena/game-server/internal/handler/ws_handler.go:1069.12,1071.3 1 0
github.com/k82022603/RummiArena/game-server/internal/handler/ws_handler.go:1073.2,1077.16 4 0
github.com/k82022603/RummiArena/game-server/internal/handler/ws_handler.go:1077.16,1079.3 1 0
github.com/k82022603/RummiArena/game-server/internal/handler/ws_handler.go:1081.2,1082.21 2 0
github.com/k82022603/RummiArena/game-server/internal/handler/ws_handler.go:1082.21,1084.3 1 0
github.com/k82022603/RummiArena/game-server/internal/handler/ws_handler.go:1085.2,1087.32 3 0
github.com/k82022603/RummiArena/game-server/internal/handler/ws_handler.go:1087.32,1089.3 1 0
github.com/k82022603/RummiArena/game-server/internal/handler/ws_handler.go:1091.2,1092.20 2 0
github.com/k82022603/RummiArena/game-server/internal/handler/ws_handler.go:1092.20,1094.13 1 0
github.com/k82022603/RummiArena/game-server/internal/handler/ws_handler.go:1094.13,1097.24 3 0
github.com/k82022603/RummiArena/game-server/internal/handler/ws_handler.go:1097.24,1104.5 2 0
github.com/k82022603/RummiArena/game-server/internal/handler/ws_handler.go:1105.4,1105.31 1 0
github.com/k82022603/RummiArena/game-server/internal/handler/ws_handler.go:1105.31,1107.5 1 0
github.com/k82022603/RummiArena/game-server/internal/handler/ws_handler.go:1108.4,1111.22 4 0
github.com/k82022603/RummiArena/game-server/internal/handler/ws_handler.go:1111.22,1113.5 1 0
github.com/k82022603/RummiArena/game-server/internal/handler/ws_handler.go:1114.4,1123.48 2 0
github.com/k82022603/RummiArena/game-server/internal/handler/ws_handler.go:1123.48,1126.5 2 0
github.com/k82022603/RummiArena/game-server/internal/handler/ws_handler.go:1127.4,1129.77 3 0
github.com/k82022603/RummiArena/game-server/internal/handler/ws_handler.go:1131.3,1131.9 1 0
github.com/k82022603/RummiArena/game-server/internal/handler/ws_handler.go:1134.2,1140.54 3 0
github.com/k82022603/RummiArena/game-server/internal/handler/ws_handler.go:1147.49,1149.2 1 0
github.com/k82022603/RummiArena/game-server/internal/handler/ws_handler.go:1152.58,1153.26 1 0
github.com/k82022603/RummiArena/game-server/internal/handler/ws_handler.go:1153.26,1155.3 1 0
github.com/k82022603/RummiArena/game-server/internal/handler/ws_handler.go:1156.2,1164.16 3 0
github.com/k82022603/RummiArena/game-server/internal/handler/ws_handler.go:1164.16,1166.3 1 0
github.com/k82022603/RummiArena/game-server/internal/handler/ws_handler.go:1167.2,1169.110 3 0
github.com/k82022603/RummiArena/game-server/internal/handler/ws_handler.go:1169.110,1175.3 1 0
github.com/k82022603/RummiArena/game-server/internal/handler/ws_handler.go:1179.62,1180.26 1 0
github.com/k82022603/RummiArena/game-server/internal/handler/ws_handler.go:1180.26,1182.3 1 0
github.com/k82022603/RummiArena/game-server/internal/handler/ws_handler.go:1183.2,1185.74 3 0
github.com/k82022603/RummiArena/game-server/internal/handler/ws_handler.go:1190.133,1194.20 4 1
github.com/k82022603/RummiArena/game-server/internal/handler/ws_handler.go:1194.20,1197.3 2 1
github.com/k82022603/RummiArena/game-server/internal/handler/ws_handler.go:1199.2,1211.4 1 1
github.com/k82022603/RummiArena/game-server/internal/handler/ws_handler.go:1216.92,1221.34 3 0
github.com/k82022603/RummiArena/game-server/internal/handler/ws_handler.go:1221.34,1228.3 1 0
github.com/k82022603/RummiArena/game-server/internal/handler/ws_handler.go:1230.2,1232.34 3 0
github.com/k82022603/RummiArena/game-server/internal/handler/ws_handler.go:1232.34,1233.23 1 0
github.com/k82022603/RummiArena/game-server/internal/handler/ws_handler.go:1233.23,1236.9 3 0
github.com/k82022603/RummiArena/game-server/internal/handler/ws_handler.go:1240.2,1241.23 2 0
github.com/k82022603/RummiArena/game-server/internal/handler/ws_handler.go:1241.23,1243.3 1 0
github.com/k82022603/RummiArena/game-server/internal/handler/ws_handler.go:1245.2,1259.53 3 0
github.com/k82022603/RummiArena/game-server/internal/handler/ws_handler.go:1259.53,1264.3 1 0
github.com/k82022603/RummiArena/game-server/internal/handler/ws_handler.go:1270.60,1271.22 1 0
github.com/k82022603/RummiArena/game-server/internal/handler/ws_handler.go:1271.22,1273.3 1 0
github.com/k82022603/RummiArena/game-server/internal/handler/ws_handler.go:1275.2,1284.34 5 0
github.com/k82022603/RummiArena/game-server/internal/handler/ws_handler.go:1284.34,1285.21 1 0
github.com/k82022603/RummiArena/game-server/internal/handler/ws_handler.go:1285.21,1286.12 1 0
github.com/k82022603/RummiArena/game-server/internal/handler/ws_handler.go:1288.3,1288.80 1 0
github.com/k82022603/RummiArena/game-server/internal/handler/ws_handler.go:1290.2,1290.21 1 0
github.com/k82022603/RummiArena/game-server/internal/handler/ws_handler.go:1290.21,1292.3 1 0
github.com/k82022603/RummiArena/game-server/internal/handler/ws_handler.go:1295.2,1295.37 1 0
github.com/k82022603/RummiArena/game-server/internal/handler/ws_handler.go:1295.37,1296.40 1 0
github.com/k82022603/RummiArena/game-server/internal/handler/ws_handler.go:1296.40,1297.49 1 0
github.com/k82022603/RummiArena/game-server/internal/handler/ws_handler.go:1297.49,1299.5 1 0
github.com/k82022603/RummiArena/game-server/internal/handler/ws_handler.go:1304.2,1306.28 3 0
github.com/k82022603/RummiArena/game-server/internal/handler/ws_handler.go:1306.28,1308.17 2 0
github.com/k82022603/RummiArena/game-server/internal/handler/ws_handler.go:1308.17,1311.4 2 0
github.com/k82022603/RummiArena/game-server/internal/handler/ws_handler.go:1311.9,1314.4 2 0
github.com/k82022603/RummiArena/game-server/internal/handler/ws_handler.go:1318.2,1319.28 2 0
github.com/k82022603/RummiArena/game-server/internal/handler/ws_handler.go:1319.28,1325.3 1 0
github.com/k82022603/RummiArena/game-server/internal/handler/ws_handler.go:1328.2,1329.23 2 0
github.com/k82022603/RummiArena/game-server/internal/handler/ws_handler.go:1329.23,1331.3 1 0
github.com/k82022603/RummiArena/game-server/internal/handler/ws_handler.go:1333.2,1336.29 2 0
github.com/k82022603/RummiArena/game-server/internal/handler/ws_handler.go:1336.29,1345.17 6 0
github.com/k82022603/RummiArena/game-server/internal/handler/ws_handler.go:1345.17,1349.4 3 0
github.com/k82022603/RummiArena/game-server/internal/handler/ws_handler.go:1351.3,1352.15 2 0
github.com/k82022603/RummiArena/game-server/internal/handler/ws_handler.go:1352.15,1355.4 2 0
github.com/k82022603/RummiArena/game-server/internal/handler/ws_handler.go:1355.9,1358.4 2 0
github.com/k82022603/RummiArena/game-server/internal/handler/ws_handler.go:1360.3,1362.17 3 0
github.com/k82022603/RummiArena/game-server/internal/handler/ws_handler.go:1362.17,1363.40 1 0
github.com/k82022603/RummiArena/game-server/internal/handler/ws_handler.go:1363.40,1365.5 1 0
github.com/k82022603/RummiArena/game-server/internal/handler/ws_handler.go:1366.4,1366.40 1 0
github.com/k82022603/RummiArena/game-server/internal/handler/ws_handler.go:1366.40,1368.5 1 0
github.com/k82022603/RummiArena/game-server/internal/handler/ws_handler.go:1371.3,1384.67 2 0
github.com/k82022603/RummiArena/game-server/internal/handler/ws_handler.go:1384.67,1389.4 1 0
github.com/k82022603/RummiArena/game-server/internal/handler/ws_handler.go:1389.9,1392.4 1 0
github.com/k82022603/RummiArena/game-server/internal/handler/ws_handler.go:1395.3,1404.68 2 0
github.com/k82022603/RummiArena/game-server/internal/handler/ws_handler.go:1404.68,1409.4 1 0
github.com/k82022603/RummiArena/game-server/internal/handler/ws_handler.go:1411.3,1417.4 1 0
github.com/k82022603/RummiArena/game-server/internal/handler/ws_handler.go:1426.78,1427.26 1 0
github.com/k82022603/RummiArena/game-server/internal/handler/ws_handler.go:1427.26,1429.3 1 0
github.com/k82022603/RummiArena/game-server/internal/handler/ws_handler.go:1431.2,1437.30 5 0
github.com/k82022603/RummiArena/game-server/internal/handler/ws_handler.go:1437.30,1439.3 1 0
github.com/k82022603/RummiArena/game-server/internal/handler/ws_handler.go:1441.2,1441.42 1 0
github.com/k82022603/RummiArena/game-server/internal/handler/ws_handler.go:1441.42,1450.3 2 0
github.com/k82022603/RummiArena/game-server/internal/handler/ws_handler.go:1452.2,1456.3 1 0
github.com/k82022603/RummiArena/game-server/internal/handler/ws_handler.go:1460.52,1461.22 1 0
github.com/k82022603/RummiArena/game-server/internal/handler/ws_handler.go:1461.22,1463.3 1 0
github.com/k82022603/RummiArena/game-server/internal/handler/ws_handler.go:1464.2,1464.20 1 0
github.com/k82022603/RummiArena/game-server/internal/handler/ws_handler.go:1464.20,1466.3 1 0
github.com/k82022603/RummiArena/game-server/internal/handler/ws_handler.go:1467.2,1467.11 1 0
github.com/k82022603/RummiArena/game-server/internal/handler/ws_handler.go:1472.43,1473.28 1 0
github.com/k82022603/RummiArena/game-server/internal/handler/ws_handler.go:1474.36,1475.20 1 0
github.com/k82022603/RummiArena/game-server/internal/handler/ws_handler.go:1476.49,1477.24 1 0
github.com/k82022603/RummiArena/game-server/internal/handler/ws_handler.go:1478.34,1479.18 1 0
github.com/k82022603/RummiArena/game-server/internal/handler/ws_handler.go:1480.10,1481.20 1 0
github.com/k82022603/RummiArena/game-server/internal/handler/ws_handler.go:1486.50,1487.20 1 0
github.com/k82022603/RummiArena/game-server/internal/handler/ws_handler.go:1488.19,1489.18 1 0
github.com/k82022603/RummiArena/game-server/internal/handler/ws_handler.go:1490.19,1491.18 1 0
github.com/k82022603/RummiArena/game-server/internal/handler/ws_handler.go:1492.21,1493.20 1 0
github.com/k82022603/RummiArena/game-server/internal/handler/ws_handler.go:1494.18,1495.18 1 0
github.com/k82022603/RummiArena/game-server/internal/handler/ws_handler.go:1496.10,1497.18 1 0
github.com/k82022603/RummiArena/game-server/internal/handler/ws_handler.go:1502.87,1504.28 2 0
github.com/k82022603/RummiArena/game-server/internal/handler/ws_handler.go:1504.28,1505.28 1 0
github.com/k82022603/RummiArena/game-server/internal/handler/ws_handler.go:1505.28,1510.4 1 0
github.com/k82022603/RummiArena/game-server/internal/handler/ws_handler.go:1512.2,1512.18 1 0
github.com/k82022603/RummiArena/game-server/internal/handler/ws_handler.go:1516.69,1518.26 2 0
github.com/k82022603/RummiArena/game-server/internal/handler/ws_handler.go:1518.26,1520.29 2 0
github.com/k82022603/RummiArena/game-server/internal/handler/ws_handler.go:1520.29,1522.4 1 0
github.com/k82022603/RummiArena/game-server/internal/handler/ws_handler.go:1523.3,1523.45 1 0
github.com/k82022603/RummiArena/game-server/internal/handler/ws_handler.go:1525.2,1525.15 1 0
github.com/k82022603/RummiArena/game-server/internal/handler/ws_handler.go:1528.56,1538.23 3 0
github.com/k82022603/RummiArena/game-server/internal/handler/ws_handler.go:1538.23,1549.3 2 0
github.com/k82022603/RummiArena/game-server/internal/handler/ws_handler.go:1552.2,1565.87 3 0
github.com/k82022603/RummiArena/game-server/internal/handler/ws_handler.go:1574.91,1579.44 4 0
github.com/k82022603/RummiArena/game-server/internal/handler/ws_handler.go:1579.44,1581.3 1 0
github.com/k82022603/RummiArena/game-server/internal/handler/ws_handler.go:1582.2,1591.12 3 0
github.com/k82022603/RummiArena/game-server/internal/handler/ws_handler.go:1591.12,1592.10 1 0
github.com/k82022603/RummiArena/game-server/internal/handler/ws_handler.go:1593.21,1594.10 1 0
github.com/k82022603/RummiArena/game-server/internal/handler/ws_handler.go:1595.42,1595.42 0 0
github.com/k82022603/RummiArena/game-server/internal/handler/ws_handler.go:1598.3,1608.89 5 0
github.com/k82022603/RummiArena/game-server/internal/handler/ws_handler.go:1613.110,1615.16 2 0
github.com/k82022603/RummiArena/game-server/internal/handler/ws_handler.go:1615.16,1622.3 2 0
github.com/k82022603/RummiArena/game-server/internal/handler/ws_handler.go:1625.2,1629.34 4 0
github.com/k82022603/RummiArena/game-server/internal/handler/ws_handler.go:1629.34,1630.46 1 0
github.com/k82022603/RummiArena/game-server/internal/handler/ws_handler.go:1630.46,1632.4 1 0
github.com/k82022603/RummiArena/game-server/internal/handler/ws_handler.go:1635.2,1649.16 3 0
github.com/k82022603/RummiArena/game-server/internal/handler/ws_handler.go:1649.16,1655.35 5 0
github.com/k82022603/RummiArena/game-server/internal/handler/ws_handler.go:1655.35,1656.28 1 0
github.com/k82022603/RummiArena/game-server/internal/handler/ws_handler.go:1656.28,1658.10 2 0
github.com/k82022603/RummiArena/game-server/internal/handler/ws_handler.go:1662.3,1663.35 2 0
github.com/k82022603/RummiArena/game-server/internal/handler/ws_handler.go:1663.35,1670.4 1 0
github.com/k82022603/RummiArena/game-server/internal/handler/ws_handler.go:1672.3,1684.54 3 0
github.com/k82022603/RummiArena/game-server/internal/handler/ws_handler.go:1684.54,1689.4 1 0
github.com/k82022603/RummiArena/game-server/internal/handler/ws_handler.go:1690.3,1690.9 1 0
github.com/k82022603/RummiArena/game-server/internal/handler/ws_handler.go:1694.2,1695.75 2 0
github.com/k82022603/RummiArena/game-server/internal/handler/ws_handler.go:1702.71,1704.27 2 0
github.com/k82022603/RummiArena/game-server/internal/handler/ws_handler.go:1704.27,1706.3 1 0
github.com/k82022603/RummiArena/game-server/internal/handler/ws_handler.go:1707.2,1707.15 1 0
github.com/k82022603/RummiArena/game-server/internal/handler/ws_handler.go:1710.69,1712.26 2 1
github.com/k82022603/RummiArena/game-server/internal/handler/ws_handler.go:1712.26,1714.29 2 0
github.com/k82022603/RummiArena/game-server/internal/handler/ws_handler.go:1714.29,1716.4 1 0
github.com/k82022603/RummiArena/game-server/internal/handler/ws_handler.go:1717.3,1717.51 1 0
github.com/k82022603/RummiArena/game-server/internal/handler/ws_handler.go:1719.2,1719.15 1 1
github.com/k82022603/RummiArena/game-server/internal/handler/ws_handler.go:1722.73,1723.28 1 1
github.com/k82022603/RummiArena/game-server/internal/handler/ws_handler.go:1723.28,1724.26 1 1
github.com/k82022603/RummiArena/game-server/internal/handler/ws_handler.go:1724.26,1726.4 1 1
github.com/k82022603/RummiArena/game-server/internal/handler/ws_handler.go:1728.2,1728.11 1 0
github.com/k82022603/RummiArena/game-server/internal/handler/ws_hub.go:19.38,24.2 1 1
github.com/k82022603/RummiArena/game-server/internal/handler/ws_hub.go:29.62,34.9 4 1
github.com/k82022603/RummiArena/game-server/internal/handler/ws_hub.go:34.9,37.3 2 1
github.com/k82022603/RummiArena/game-server/internal/handler/ws_hub.go:40.2,40.51 1 1
github.com/k82022603/RummiArena/game-server/internal/handler/ws_hub.go:40.51,43.3 2 1
github.com/k82022603/RummiArena/game-server/internal/handler/ws_hub.go:45.2,52.21 3 1
github.com/k82022603/RummiArena/game-server/internal/handler/ws_hub.go:57.44,62.9 4 1
github.com/k82022603/RummiArena/game-server/internal/handler/ws_hub.go:62.9,64.3 1 0
github.com/k82022603/RummiArena/game-server/internal/handler/ws_hub.go:66.2,66.63 1 1
github.com/k82022603/RummiArena/game-server/internal/handler/ws_hub.go:66.63,68.3 1 1
github.com/k82022603/RummiArena/game-server/internal/handler/ws_hub.go:70.2,70.20 1 1
github.com/k82022603/RummiArena/game-server/internal/handler/ws_hub.go:70.20,72.3 1 1
github.com/k82022603/RummiArena/game-server/internal/handler/ws_hub.go:74.2,77.3 1 1
github.com/k82022603/RummiArena/game-server/internal/handler/ws_hub.go:81.62,86.9 4 1
github.com/k82022603/RummiArena/game-server/internal/handler/ws_hub.go:86.9,88.3 1 1
github.com/k82022603/RummiArena/game-server/internal/handler/ws_hub.go:89.2,89.28 1 1
github.com/k82022603/RummiArena/game-server/internal/handler/ws_hub.go:89.28,91.3 1 1
github.com/k82022603/RummiArena/game-server/internal/handler/ws_hub.go:95.83,100.9 4 1
github.com/k82022603/RummiArena/game-server/internal/handler/ws_hub.go:100.9,102.3 1 0
github.com/k82022603/RummiArena/game-server/internal/handler/ws_hub.go:103.2,103.30 1 1
github.com/k82022603/RummiArena/game-server/internal/handler/ws_hub.go:103.30,104.27 1 1
github.com/k82022603/RummiArena/game-server/internal/handler/ws_hub.go:104.27,106.4 1 1
github.com/k82022603/RummiArena/game-server/internal/handler/ws_hub.go:111.65,116.9 4 1
github.com/k82022603/RummiArena/game-server/internal/handler/ws_hub.go:116.9,118.3 1 0
github.com/k82022603/RummiArena/game-server/internal/handler/ws_hub.go:119.2,119.34 1 1
github.com/k82022603/RummiArena/game-server/internal/handler/ws_hub.go:119.34,121.3 1 1
github.com/k82022603/RummiArena/game-server/internal/handler/ws_hub.go:125.54,130.2 3 1
